[0.028s] Invoking command in '/home/judson35/lab1_ws/build/lab1_pkg': CMAKE_PREFIX_PATH=/home/judson35/lab1_ws/install/lab1_pkg:/opt/ros/foxy:/opt/ros/noetic /usr/bin/cmake --build /home/judson35/lab1_ws/build/lab1_pkg -- -j8 -l8
[0.096s] [35m[1mScanning dependencies of target relay[0m
[0.127s] [ 50%] Built target talker
[0.147s] [ 75%] [32mBuilding CXX object CMakeFiles/relay.dir/src/relay.cpp.o[0m
[2.357s] [01m[K/home/judson35/lab1_ws/src/lab1_pkg/src/relay.cpp:30:24:[m[K [01;31m[Kerror: [m[Kâ€˜[01m[Ktutorial_interfaces[m[Kâ€™ was not declared in this scope; did you mean â€˜[01m[Krcl_interfaces[m[Kâ€™?
[2.357s]    30 |   rclcpp::Subscription<[01;31m[Ktutorial_interfaces[m[K::msg::Num>::SharedPtr subscription_;
[2.358s]       |                        [01;31m[K^~~~~~~~~~~~~~~~~~~[m[K
[2.358s]       |                        [32m[Krcl_interfaces[m[K
[2.358s] [01m[K/home/judson35/lab1_ws/src/lab1_pkg/src/relay.cpp:30:53:[m[K [01;31m[Kerror: [m[Ktemplate argument 1 is invalid
[2.358s]    30 | :Subscription<tutorial_interfaces::msg::Num[01;31m[K>[m[K::SharedPtr subscription_;
[2.358s]       |                                            [01;31m[K^[m[K
[2.358s] 
[2.358s] [01m[K/home/judson35/lab1_ws/src/lab1_pkg/src/relay.cpp:30:53:[m[K [01;31m[Kerror: [m[Ktemplate argument 3 is invalid
[2.358s] [01m[K/home/judson35/lab1_ws/src/lab1_pkg/src/relay.cpp:30:56:[m[K [01;31m[Kerror: [m[Kexpected â€˜[01m[K;[m[Kâ€™ at end of member declaration
[2.358s]    30 | bscription<tutorial_interfaces::msg::Num>::[01;31m[KSharedPtr[m[K subscription_;
[2.359s]       |                                            [01;31m[K^~~~~~~~~[m[K
[2.359s]       |                                                     [32m[K;[m[K
[2.360s] [01m[K/home/judson35/lab1_ws/src/lab1_pkg/src/relay.cpp:30:66:[m[K [01;31m[Kerror: [m[Kâ€˜[01m[Ksubscription_[m[Kâ€™ does not name a type; did you mean â€˜[01m[Krcl_subscription_t[m[Kâ€™?
[2.361s]    30 | tion<tutorial_interfaces::msg::Num>::SharedPtr [01;31m[Ksubscription_[m[K;
[2.361s]       |                                                [01;31m[K^~~~~~~~~~~~~[m[K
[2.361s]       |                                                [32m[Krcl_subscription_t[m[K
[2.374s] [01m[K/home/judson35/lab1_ws/src/lab1_pkg/src/relay.cpp:[m[K In constructor â€˜[01m[KRelay::Relay()[m[Kâ€™:
[2.375s] [01m[K/home/judson35/lab1_ws/src/lab1_pkg/src/relay.cpp:14:5:[m[K [01;31m[Kerror: [m[Kâ€˜[01m[Ksubscription_[m[Kâ€™ was not declared in this scope; did you mean â€˜[01m[Krcl_subscription_t[m[Kâ€™?
[2.375s]    14 |     [01;31m[Ksubscription_[m[K = this->create_subscription<ackermann_msgs::msg::AckermannDriveStamped>(
[2.375s]       |     [01;31m[K^~~~~~~~~~~~~[m[K
[2.375s]       |     [32m[Krcl_subscription_t[m[K
[2.404s] [01m[K/home/judson35/lab1_ws/src/lab1_pkg/src/relay.cpp:[m[K In member function â€˜[01m[Kvoid Relay::topic_callback(ackermann_msgs::msg::AckermannDriveStamped_<std::allocator<void> >::SharedPtr) const[m[Kâ€™:
[2.404s] [01m[K/home/judson35/lab1_ws/src/lab1_pkg/src/relay.cpp:24:42:[m[K [01;31m[Kerror: [m[Kâ€˜[01m[Kusing element_type = struct ackermann_msgs::msg::AckermannDriveStamped_<std::allocator<void> >[m[Kâ€™ {aka â€˜[01m[Kstruct ackermann_msgs::msg::AckermannDriveStamped_<std::allocator<void> >[m[Kâ€™} has no member named â€˜[01m[Kspeed[m[Kâ€™
[2.404s]    24 |     relay_message.drive.speed = message->[01;31m[Kspeed[m[K * 3;
[2.405s]       |                                          [01;31m[K^~~~~[m[K
[2.405s] [01m[K/home/judson35/lab1_ws/src/lab1_pkg/src/relay.cpp:25:51:[m[K [01;31m[Kerror: [m[Kâ€˜[01m[Kusing element_type = struct ackermann_msgs::msg::AckermannDriveStamped_<std::allocator<void> >[m[Kâ€™ {aka â€˜[01m[Kstruct ackermann_msgs::msg::AckermannDriveStamped_<std::allocator<void> >[m[Kâ€™} has no member named â€˜[01m[Ksteering_angle[m[Kâ€™
[2.405s]    25 | ay_message.drive.steering_angle = message->[01;31m[Ksteering_angle[m[K * 3;
[2.405s]       |                                            [01;31m[K^~~~~~~~~~~~~~[m[K
[2.405s] 
[4.878s] make[2]: *** [CMakeFiles/relay.dir/build.make:63: CMakeFiles/relay.dir/src/relay.cpp.o] Error 1
[4.879s] make[1]: *** [CMakeFiles/Makefile2:80: CMakeFiles/relay.dir/all] Error 2
[4.879s] make: *** [Makefile:141: all] Error 2
[4.884s] Invoked command in '/home/judson35/lab1_ws/build/lab1_pkg' returned '2': CMAKE_PREFIX_PATH=/home/judson35/lab1_ws/install/lab1_pkg:/opt/ros/foxy:/opt/ros/noetic /usr/bin/cmake --build /home/judson35/lab1_ws/build/lab1_pkg -- -j8 -l8
