[0.032s] Invoking command in '/home/judson35/lab1_ws/build/lab1_pkg': CMAKE_PREFIX_PATH=/home/judson35/lab1_ws/install/lab1_pkg:/opt/ros/foxy:/opt/ros/noetic /usr/bin/cmake --build /home/judson35/lab1_ws/build/lab1_pkg -- -j8 -l8
[0.097s] [35m[1mScanning dependencies of target talker[0m
[0.138s] [ 50%] [32mBuilding CXX object CMakeFiles/talker.dir/src/talker.cpp.o[0m
[2.329s] [01m[K/home/judson35/lab1_ws/src/lab1_pkg/src/talker.cpp:13:24:[m[K [01;31m[Kerror: [m[Kinvalid conversion from â€˜[01m[Kconst char*[m[Kâ€™ to â€˜[01m[Kchar[m[Kâ€™ [[01;31m[K-fpermissive[m[K]
[2.330s]    13 |     const char SPEED = [01;31m[K"v"[m[K,
[2.330s]       |                        [01;31m[K^~~[m[K
[2.330s]       |                        [01;31m[K|[m[K
[2.330s]       |                        [01;31m[Kconst char*[m[K
[2.331s] [01m[K/home/judson35/lab1_ws/src/lab1_pkg/src/talker.cpp:14:5:[m[K [01;31m[Kerror: [m[Kexpected unqualified-id before â€˜[01m[Kconst[m[Kâ€™
[2.331s]    14 |     [01;31m[Kconst[m[K char STEERING_ANGLE = "d"
[2.331s]       |     [01;31m[K^~~~~[m[K
[2.331s] [01m[K/home/judson35/lab1_ws/src/lab1_pkg/src/talker.cpp:15:2:[m[K [01;35m[Kwarning: [m[Kextra â€˜[01m[K;[m[Kâ€™ [[01;35m[K-Wpedantic[m[K]
[2.331s]    15 | }[01;35m[K;[m[K
[2.331s]       |  [01;35m[K^[m[K
[2.374s] [01m[K/home/judson35/lab1_ws/src/lab1_pkg/src/talker.cpp:[m[K In member function â€˜[01m[Krcl_interfaces::msg::SetParametersResult Talker::parametersCallback(const std::vector<rclcpp::Parameter>&)[m[Kâ€™:
[2.375s] [01m[K/home/judson35/lab1_ws/src/lab1_pkg/src/talker.cpp:40:27:[m[K [01;35m[Kwarning: [m[Kcomparison of integer expressions of different signedness: â€˜[01m[Kint[m[Kâ€™ and â€˜[01m[Kstd::vector<rclcpp::Parameter>::size_type[m[Kâ€™ {aka â€˜[01m[Klong unsigned int[m[Kâ€™} [[01;35m[K-Wsign-compare[m[K]
[2.375s]    40 |         for (int i = 0; [01;35m[Ki < parameters.size()[m[K; i++) {
[2.376s]       |                         [01;35m[K~~^~~~~~~~~~~~~~~~~~~[m[K
[2.376s] [01m[K/home/judson35/lab1_ws/src/lab1_pkg/src/talker.cpp:44:32:[m[K [01;31m[Kerror: [m[Kno match for â€˜[01m[Koperator==[m[Kâ€™ (operand types are â€˜[01m[Kstd::string[m[Kâ€™ {aka â€˜[01m[Kstd::__cxx11::basic_string<char>[m[Kâ€™} and â€˜[01m[Kconst char[m[Kâ€™)
[2.377s]    44 |             if ([32m[Kparameter_name[m[K [01;31m[K==[m[K [34m[KSPEED[m[K) {speed_ = value;}
[2.378s]       |                 [32m[K~~~~~~~~~~~~~~[m[K [01;31m[K^~[m[K [34m[K~~~~~[m[K
[2.379s]       |                 [32m[K|[m[K                 [34m[K|[m[K
[2.379s]       |                 [32m[K|[m[K                 [34m[Kconst char[m[K
[2.380s]       |                 [32m[Kstd::string {aka std::__cxx11::basic_string<char>}[m[K
[2.380s] In file included from [01m[K/usr/include/c++/9/utility:70[m[K,
[2.380s]                  from [01m[K/usr/include/c++/9/tuple:38[m[K,
[2.381s]                  from [01m[K/usr/include/c++/9/functional:54[m[K,
[2.381s]                  from [01m[K/home/judson35/lab1_ws/src/lab1_pkg/src/talker.cpp:2[m[K:
[2.381s] [01m[K/usr/include/c++/9/bits/stl_pair.h:448:5:[m[K [01;36m[Knote: [m[Kcandidate: â€˜[01m[Ktemplate<class _T1, class _T2> constexpr bool std::operator==(const std::pair<_T1, _T2>&, const std::pair<_T1, _T2>&)[m[Kâ€™
[2.381s]   448 |     [01;36m[Koperator[m[K==(const pair<_T1, _T2>& __x, const pair<_T1, _T2>& __y)
[2.381s]       |     [01;36m[K^~~~~~~~[m[K
[2.381s] [01m[K/usr/include/c++/9/bits/stl_pair.h:448:5:[m[K [01;36m[Knote: [m[K  template argument deduction/substitution failed:
[2.382s] [01m[K/home/judson35/lab1_ws/src/lab1_pkg/src/talker.cpp:44:35:[m[K [01;36m[Knote: [m[K  â€˜[01m[Kstd::string[m[Kâ€™ {aka â€˜[01m[Kstd::__cxx11::basic_string<char>[m[Kâ€™} is not derived from â€˜[01m[Kconst std::pair<_T1, _T2>[m[Kâ€™
[2.382s]    44 |             if (parameter_name == [01;36m[KSPEED[m[K) {speed_ = value;}
[2.382s]       |                                   [01;36m[K^~~~~[m[K
[2.382s] In file included from [01m[K/usr/include/c++/9/bits/stl_algobase.h:67[m[K,
[2.382s]                  from [01m[K/usr/include/c++/9/bits/char_traits.h:39[m[K,
[2.383s]                  from [01m[K/usr/include/c++/9/string:40[m[K,
[2.383s]                  from [01m[K/usr/include/c++/9/stdexcept:39[m[K,
[2.383s]                  from [01m[K/usr/include/c++/9/array:39[m[K,
[2.383s]                  from [01m[K/usr/include/c++/9/tuple:39[m[K,
[2.383s]                  from [01m[K/usr/include/c++/9/functional:54[m[K,
[2.383s]                  from [01m[K/home/judson35/lab1_ws/src/lab1_pkg/src/talker.cpp:2[m[K:
[2.384s] [01m[K/usr/include/c++/9/bits/stl_iterator.h:325:5:[m[K [01;36m[Knote: [m[Kcandidate: â€˜[01m[Ktemplate<class _Iterator> bool std::operator==(const std::reverse_iterator<_Iterator>&, const std::reverse_iterator<_Iterator>&)[m[Kâ€™
[2.384s]   325 |     [01;36m[Koperator[m[K==(const reverse_iterator<_Iterator>& __x,
[2.384s]       |     [01;36m[K^~~~~~~~[m[K
[2.384s] [01m[K/usr/include/c++/9/bits/stl_iterator.h:325:5:[m[K [01;36m[Knote: [m[K  template argument deduction/substitution failed:
[2.384s] [01m[K/home/judson35/lab1_ws/src/lab1_pkg/src/talker.cpp:44:35:[m[K [01;36m[Knote: [m[K  â€˜[01m[Kstd::string[m[Kâ€™ {aka â€˜[01m[Kstd::__cxx11::basic_string<char>[m[Kâ€™} is not derived from â€˜[01m[Kconst std::reverse_iterator<_Iterator>[m[Kâ€™
[2.384s]    44 |             if (parameter_name == [01;36m[KSPEED[m[K) {speed_ = value;}
[2.385s]       |                                   [01;36m[K^~~~~[m[K
[2.385s] In file included from [01m[K/usr/include/c++/9/bits/stl_algobase.h:67[m[K,
[2.385s]                  from [01m[K/usr/include/c++/9/bits/char_traits.h:39[m[K,
[2.385s]                  from [01m[K/usr/include/c++/9/string:40[m[K,
[2.385s]                  from [01m[K/usr/include/c++/9/stdexcept:39[m[K,
[2.386s]                  from [01m[K/usr/include/c++/9/array:39[m[K,
[2.386s]                  from [01m[K/usr/include/c++/9/tuple:39[m[K,
[2.386s]                  from [01m[K/usr/include/c++/9/functional:54[m[K,
[2.386s]                  from [01m[K/home/judson35/lab1_ws/src/lab1_pkg/src/talker.cpp:2[m[K:
[2.386s] [01m[K/usr/include/c++/9/bits/stl_iterator.h:363:5:[m[K [01;36m[Knote: [m[Kcandidate: â€˜[01m[Ktemplate<class _IteratorL, class _IteratorR> bool std::operator==(const std::reverse_iterator<_Iterator>&, const std::reverse_iterator<_IteratorR>&)[m[Kâ€™
[2.386s]   363 |     [01;36m[Koperator[m[K==(const reverse_iterator<_IteratorL>& __x,
[2.387s]       |     [01;36m[K^~~~~~~~[m[K
[2.387s] [01m[K/usr/include/c++/9/bits/stl_iterator.h:363:5:[m[K [01;36m[Knote: [m[K  template argument deduction/substitution failed:
[2.387s] [01m[K/home/judson35/lab1_ws/src/lab1_pkg/src/talker.cpp:44:35:[m[K [01;36m[Knote: [m[K  â€˜[01m[Kstd::string[m[Kâ€™ {aka â€˜[01m[Kstd::__cxx11::basic_string<char>[m[Kâ€™} is not derived from â€˜[01m[Kconst std::reverse_iterator<_Iterator>[m[Kâ€™
[2.387s]    44 |             if (parameter_name == [01;36m[KSPEED[m[K) {speed_ = value;}
[2.387s]       |                                   [01;36m[K^~~~~[m[K
[2.387s] In file included from [01m[K/usr/include/c++/9/bits/stl_algobase.h:67[m[K,
[2.388s]                  from [01m[K/usr/include/c++/9/bits/char_traits.h:39[m[K,
[2.388s]                  from [01m[K/usr/include/c++/9/string:40[m[K,
[2.388s]                  from [01m[K/usr/include/c++/9/stdexcept:39[m[K,
[2.388s]                  from [01m[K/usr/include/c++/9/array:39[m[K,
[2.388s]                  from [01m[K/usr/include/c++/9/tuple:39[m[K,
[2.388s]                  from [01m[K/usr/include/c++/9/functional:54[m[K,
[2.389s]                  from [01m[K/home/judson35/lab1_ws/src/lab1_pkg/src/talker.cpp:2[m[K:
[2.389s] [01m[K/usr/include/c++/9/bits/stl_iterator.h:1136:5:[m[K [01;36m[Knote: [m[Kcandidate: â€˜[01m[Ktemplate<class _IteratorL, class _IteratorR> bool std::operator==(const std::move_iterator<_IteratorL>&, const std::move_iterator<_IteratorR>&)[m[Kâ€™
[2.389s]  1136 |     [01;36m[Koperator[m[K==(const move_iterator<_IteratorL>& __x,
[2.389s]       |     [01;36m[K^~~~~~~~[m[K
[2.389s] [01m[K/usr/include/c++/9/bits/stl_iterator.h:1136:5:[m[K [01;36m[Knote: [m[K  template argument deduction/substitution failed:
[2.390s] [01m[K/home/judson35/lab1_ws/src/lab1_pkg/src/talker.cpp:44:35:[m[K [01;36m[Knote: [m[K  â€˜[01m[Kstd::string[m[Kâ€™ {aka â€˜[01m[Kstd::__cxx11::basic_string<char>[m[Kâ€™} is not derived from â€˜[01m[Kconst std::move_iterator<_IteratorL>[m[Kâ€™
[2.390s]    44 |             if (parameter_name == [01;36m[KSPEED[m[K) {speed_ = value;}
[2.390s]       |                                   [01;36m[K^~~~~[m[K
[2.390s] In file included from [01m[K/usr/include/c++/9/bits/stl_algobase.h:67[m[K,
[2.390s]                  from [01m[K/usr/include/c++/9/bits/char_traits.h:39[m[K,
[2.390s]                  from [01m[K/usr/include/c++/9/string:40[m[K,
[2.391s]                  from [01m[K/usr/include/c++/9/stdexcept:39[m[K,
[2.391s]                  from [01m[K/usr/include/c++/9/array:39[m[K,
[2.391s]                  from [01m[K/usr/include/c++/9/tuple:39[m[K,
[2.391s]                  from [01m[K/usr/include/c++/9/functional:54[m[K,
[2.391s]                  from [01m[K/home/judson35/lab1_ws/src/lab1_pkg/src/talker.cpp:2[m[K:
[2.392s] [01m[K/usr/include/c++/9/bits/stl_iterator.h:1142:5:[m[K [01;36m[Knote: [m[Kcandidate: â€˜[01m[Ktemplate<class _Iterator> bool std::operator==(const std::move_iterator<_IteratorL>&, const std::move_iterator<_IteratorL>&)[m[Kâ€™
[2.392s]  1142 |     [01;36m[Koperator[m[K==(const move_iterator<_Iterator>& __x,
[2.392s]       |     [01;36m[K^~~~~~~~[m[K
[2.392s] [01m[K/usr/include/c++/9/bits/stl_iterator.h:1142:5:[m[K [01;36m[Knote: [m[K  template argument deduction/substitution failed:
[2.392s] [01m[K/home/judson35/lab1_ws/src/lab1_pkg/src/talker.cpp:44:35:[m[K [01;36m[Knote: [m[K  â€˜[01m[Kstd::string[m[Kâ€™ {aka â€˜[01m[Kstd::__cxx11::basic_string<char>[m[Kâ€™} is not derived from â€˜[01m[Kconst std::move_iterator<_IteratorL>[m[Kâ€™
[2.392s]    44 |             if (parameter_name == [01;36m[KSPEED[m[K) {speed_ = value;}
[2.393s]       |                                   [01;36m[K^~~~~[m[K
[2.393s] In file included from [01m[K/usr/include/c++/9/bits/char_traits.h:40[m[K,
[2.393s]                  from [01m[K/usr/include/c++/9/string:40[m[K,
[2.393s]                  from [01m[K/usr/include/c++/9/stdexcept:39[m[K,
[2.393s]                  from [01m[K/usr/include/c++/9/array:39[m[K,
[2.394s]                  from [01m[K/usr/include/c++/9/tuple:39[m[K,
[2.394s]                  from [01m[K/usr/include/c++/9/functional:54[m[K,
[2.394s]                  from [01m[K/home/judson35/lab1_ws/src/lab1_pkg/src/talker.cpp:2[m[K:
[2.394s] [01m[K/usr/include/c++/9/bits/postypes.h:222:5:[m[K [01;36m[Knote: [m[Kcandidate: â€˜[01m[Ktemplate<class _StateT> bool std::operator==(const std::fpos<_StateT>&, const std::fpos<_StateT>&)[m[Kâ€™
[2.394s]   222 |     [01;36m[Koperator[m[K==(const fpos<_StateT>& __lhs, const fpos<_StateT>& __rhs)
[2.394s]       |     [01;36m[K^~~~~~~~[m[K
[2.395s] [01m[K/usr/include/c++/9/bits/postypes.h:222:5:[m[K [01;36m[Knote: [m[K  template argument deduction/substitution failed:
[2.395s] [01m[K/home/judson35/lab1_ws/src/lab1_pkg/src/talker.cpp:44:35:[m[K [01;36m[Knote: [m[K  â€˜[01m[Kstd::string[m[Kâ€™ {aka â€˜[01m[Kstd::__cxx11::basic_string<char>[m[Kâ€™} is not derived from â€˜[01m[Kconst std::fpos<_StateT>[m[Kâ€™
[2.395s]    44 |             if (parameter_name == [01;36m[KSPEED[m[K) {speed_ = value;}
[2.395s]       |                                   [01;36m[K^~~~~[m[K
[2.395s] In file included from [01m[K/usr/include/c++/9/string:41[m[K,
[2.395s]                  from [01m[K/usr/include/c++/9/stdexcept:39[m[K,
[2.396s]                  from [01m[K/usr/include/c++/9/array:39[m[K,
[2.396s]                  from [01m[K/usr/include/c++/9/tuple:39[m[K,
[2.396s]                  from [01m[K/usr/include/c++/9/functional:54[m[K,
[2.396s]                  from [01m[K/home/judson35/lab1_ws/src/lab1_pkg/src/talker.cpp:2[m[K:
[2.396s] [01m[K/usr/include/c++/9/bits/allocator.h:167:5:[m[K [01;36m[Knote: [m[Kcandidate: â€˜[01m[Ktemplate<class _T1, class _T2> bool std::operator==(const std::allocator<_CharT>&, const std::allocator<_T2>&)[m[Kâ€™
[2.396s]   167 |     [01;36m[Koperator[m[K==(const allocator<_T1>&, const allocator<_T2>&)
[2.397s]       |     [01;36m[K^~~~~~~~[m[K
[2.397s] [01m[K/usr/include/c++/9/bits/allocator.h:167:5:[m[K [01;36m[Knote: [m[K  template argument deduction/substitution failed:
[2.397s] [01m[K/home/judson35/lab1_ws/src/lab1_pkg/src/talker.cpp:44:35:[m[K [01;36m[Knote: [m[K  â€˜[01m[Kstd::string[m[Kâ€™ {aka â€˜[01m[Kstd::__cxx11::basic_string<char>[m[Kâ€™} is not derived from â€˜[01m[Kconst std::allocator<_CharT>[m[Kâ€™
[2.397s]    44 |             if (parameter_name == [01;36m[KSPEED[m[K) {speed_ = value;}
[2.397s]       |                                   [01;36m[K^~~~~[m[K
[2.397s] In file included from [01m[K/usr/include/c++/9/string:55[m[K,
[2.398s]                  from [01m[K/usr/include/c++/9/stdexcept:39[m[K,
[2.398s]                  from [01m[K/usr/include/c++/9/array:39[m[K,
[2.398s]                  from [01m[K/usr/include/c++/9/tuple:39[m[K,
[2.398s]                  from [01m[K/usr/include/c++/9/functional:54[m[K,
[2.398s]                  from [01m[K/home/judson35/lab1_ws/src/lab1_pkg/src/talker.cpp:2[m[K:
[2.399s] [01m[K/usr/include/c++/9/bits/basic_string.h:6144:5:[m[K [01;36m[Knote: [m[Kcandidate: â€˜[01m[Ktemplate<class _CharT, class _Traits, class _Alloc> bool std::operator==(const std::__cxx11::basic_string<_CharT, _Traits, _Alloc>&, const std::__cxx11::basic_string<_CharT, _Traits, _Alloc>&)[m[Kâ€™
[2.399s]  6144 |     [01;36m[Koperator[m[K==(const basic_string<_CharT, _Traits, _Alloc>& __lhs,
[2.399s]       |     [01;36m[K^~~~~~~~[m[K
[2.399s] [01m[K/usr/include/c++/9/bits/basic_string.h:6144:5:[m[K [01;36m[Knote: [m[K  template argument deduction/substitution failed:
[2.399s] [01m[K/home/judson35/lab1_ws/src/lab1_pkg/src/talker.cpp:44:35:[m[K [01;36m[Knote: [m[K  mismatched types â€˜[01m[Kconst std::__cxx11::basic_string<_CharT, _Traits, _Alloc>[m[Kâ€™ and â€˜[01m[Kconst char[m[Kâ€™
[2.399s]    44 |             if (parameter_name == [01;36m[KSPEED[m[K) {speed_ = value;}
[2.400s]       |                                   [01;36m[K^~~~~[m[K
[2.400s] In file included from [01m[K/usr/include/c++/9/string:55[m[K,
[2.400s]                  from [01m[K/usr/include/c++/9/stdexcept:39[m[K,
[2.400s]                  from [01m[K/usr/include/c++/9/array:39[m[K,
[2.400s]                  from [01m[K/usr/include/c++/9/tuple:39[m[K,
[2.400s]                  from [01m[K/usr/include/c++/9/functional:54[m[K,
[2.401s]                  from [01m[K/home/judson35/lab1_ws/src/lab1_pkg/src/talker.cpp:2[m[K:
[2.401s] [01m[K/usr/include/c++/9/bits/basic_string.h:6152:5:[m[K [01;36m[Knote: [m[Kcandidate: â€˜[01m[Ktemplate<class _CharT> typename __gnu_cxx::__enable_if<std::__is_char<_Tp>::__value, bool>::__type std::operator==(const std::__cxx11::basic_string<_CharT>&, const std::__cxx11::basic_string<_CharT>&)[m[Kâ€™
[2.401s]  6152 |     [01;36m[Koperator[m[K==(const basic_string<_CharT>& __lhs,
[2.401s]       |     [01;36m[K^~~~~~~~[m[K
[2.401s] [01m[K/usr/include/c++/9/bits/basic_string.h:6152:5:[m[K [01;36m[Knote: [m[K  template argument deduction/substitution failed:
[2.401s] [01m[K/home/judson35/lab1_ws/src/lab1_pkg/src/talker.cpp:44:35:[m[K [01;36m[Knote: [m[K  mismatched types â€˜[01m[Kconst std::__cxx11::basic_string<_CharT>[m[Kâ€™ and â€˜[01m[Kconst char[m[Kâ€™
[2.402s]    44 |             if (parameter_name == [01;36m[KSPEED[m[K) {speed_ = value;}
[2.402s]       |                                   [01;36m[K^~~~~[m[K
[2.402s] In file included from [01m[K/usr/include/c++/9/string:55[m[K,
[2.402s]                  from [01m[K/usr/include/c++/9/stdexcept:39[m[K,
[2.402s]                  from [01m[K/usr/include/c++/9/array:39[m[K,
[2.402s]                  from [01m[K/usr/include/c++/9/tuple:39[m[K,
[2.403s]                  from [01m[K/usr/include/c++/9/functional:54[m[K,
[2.403s]                  from [01m[K/home/judson35/lab1_ws/src/lab1_pkg/src/talker.cpp:2[m[K:
[2.403s] [01m[K/usr/include/c++/9/bits/basic_string.h:6166:5:[m[K [01;36m[Knote: [m[Kcandidate: â€˜[01m[Ktemplate<class _CharT, class _Traits, class _Alloc> bool std::operator==(const _CharT*, const std::__cxx11::basic_string<_CharT, _Traits, _Alloc>&)[m[Kâ€™
[2.403s]  6166 |     [01;36m[Koperator[m[K==(const _CharT* __lhs,
[2.403s]       |     [01;36m[K^~~~~~~~[m[K
[2.404s] [01m[K/usr/include/c++/9/bits/basic_string.h:6166:5:[m[K [01;36m[Knote: [m[K  template argument deduction/substitution failed:
[2.404s] [01m[K/home/judson35/lab1_ws/src/lab1_pkg/src/talker.cpp:44:35:[m[K [01;36m[Knote: [m[K  mismatched types â€˜[01m[Kconst _CharT*[m[Kâ€™ and â€˜[01m[Kstd::__cxx11::basic_string<char>[m[Kâ€™
[2.404s]    44 |             if (parameter_name == [01;36m[KSPEED[m[K) {speed_ = value;}
[2.404s]       |                                   [01;36m[K^~~~~[m[K
[2.404s] In file included from [01m[K/usr/include/c++/9/string:55[m[K,
[2.404s]                  from [01m[K/usr/include/c++/9/stdexcept:39[m[K,
[2.405s]                  from [01m[K/usr/include/c++/9/array:39[m[K,
[2.405s]                  from [01m[K/usr/include/c++/9/tuple:39[m[K,
[2.405s]                  from [01m[K/usr/include/c++/9/functional:54[m[K,
[2.405s]                  from [01m[K/home/judson35/lab1_ws/src/lab1_pkg/src/talker.cpp:2[m[K:
[2.405s] [01m[K/usr/include/c++/9/bits/basic_string.h:6178:5:[m[K [01;36m[Knote: [m[Kcandidate: â€˜[01m[Ktemplate<class _CharT, class _Traits, class _Alloc> bool std::operator==(const std::__cxx11::basic_string<_CharT, _Traits, _Alloc>&, const _CharT*)[m[Kâ€™
[2.405s]  6178 |     [01;36m[Koperator[m[K==(const basic_string<_CharT, _Traits, _Alloc>& __lhs,
[2.406s]       |     [01;36m[K^~~~~~~~[m[K
[2.406s] [01m[K/usr/include/c++/9/bits/basic_string.h:6178:5:[m[K [01;36m[Knote: [m[K  template argument deduction/substitution failed:
[2.406s] [01m[K/home/judson35/lab1_ws/src/lab1_pkg/src/talker.cpp:44:35:[m[K [01;36m[Knote: [m[K  mismatched types â€˜[01m[Kconst _CharT*[m[Kâ€™ and â€˜[01m[Kchar[m[Kâ€™
[2.406s]    44 |             if (parameter_name == [01;36m[KSPEED[m[K) {speed_ = value;}
[2.406s]       |                                   [01;36m[K^~~~~[m[K
[2.406s] In file included from [01m[K/usr/include/c++/9/tuple:39[m[K,
[2.407s]                  from [01m[K/usr/include/c++/9/functional:54[m[K,
[2.407s]                  from [01m[K/home/judson35/lab1_ws/src/lab1_pkg/src/talker.cpp:2[m[K:
[2.407s] [01m[K/usr/include/c++/9/array:252:5:[m[K [01;36m[Knote: [m[Kcandidate: â€˜[01m[Ktemplate<class _Tp, long unsigned int _Nm> bool std::operator==(const std::array<_Tp, _Nm>&, const std::array<_Tp, _Nm>&)[m[Kâ€™
[2.407s]   252 |     [01;36m[Koperator[m[K==(const array<_Tp, _Nm>& __one, const array<_Tp, _Nm>& __two)
[2.408s]       |     [01;36m[K^~~~~~~~[m[K
[2.408s] [01m[K/usr/include/c++/9/array:252:5:[m[K [01;36m[Knote: [m[K  template argument deduction/substitution failed:
[2.408s] [01m[K/home/judson35/lab1_ws/src/lab1_pkg/src/talker.cpp:44:35:[m[K [01;36m[Knote: [m[K  â€˜[01m[Kstd::string[m[Kâ€™ {aka â€˜[01m[Kstd::__cxx11::basic_string<char>[m[Kâ€™} is not derived from â€˜[01m[Kconst std::array<_Tp, _Nm>[m[Kâ€™
[2.408s]    44 |             if (parameter_name == [01;36m[KSPEED[m[K) {speed_ = value;}
[2.408s]       |                                   [01;36m[K^~~~~[m[K
[2.408s] In file included from [01m[K/usr/include/c++/9/functional:54[m[K,
[2.409s]                  from [01m[K/home/judson35/lab1_ws/src/lab1_pkg/src/talker.cpp:2[m[K:
[2.409s] [01m[K/usr/include/c++/9/tuple:1419:5:[m[K [01;36m[Knote: [m[Kcandidate: â€˜[01m[Ktemplate<class ... _TElements, class ... _UElements> constexpr bool std::operator==(const std::tuple<_Tps ...>&, const std::tuple<_Elements ...>&)[m[Kâ€™
[2.409s]  1419 |     [01;36m[Koperator[m[K==(const tuple<_TElements...>& __t,
[2.409s]       |     [01;36m[K^~~~~~~~[m[K
[2.409s] [01m[K/usr/include/c++/9/tuple:1419:5:[m[K [01;36m[Knote: [m[K  template argument deduction/substitution failed:
[2.409s] [01m[K/home/judson35/lab1_ws/src/lab1_pkg/src/talker.cpp:44:35:[m[K [01;36m[Knote: [m[K  â€˜[01m[Kstd::string[m[Kâ€™ {aka â€˜[01m[Kstd::__cxx11::basic_string<char>[m[Kâ€™} is not derived from â€˜[01m[Kconst std::tuple<_Tps ...>[m[Kâ€™
[2.410s]    44 |             if (parameter_name == [01;36m[KSPEED[m[K) {speed_ = value;}
[2.410s]       |                                   [01;36m[K^~~~~[m[K
[2.410s] In file included from [01m[K/usr/include/c++/9/functional:59[m[K,
[2.410s]                  from [01m[K/home/judson35/lab1_ws/src/lab1_pkg/src/talker.cpp:2[m[K:
[2.410s] [01m[K/usr/include/c++/9/bits/std_function.h:746:5:[m[K [01;36m[Knote: [m[Kcandidate: â€˜[01m[Ktemplate<class _Res, class ... _Args> bool std::operator==(const std::function<_Res(_ArgTypes ...)>&, std::nullptr_t)[m[Kâ€™
[2.410s]   746 |     [01;36m[Koperator[m[K==(const function<_Res(_Args...)>& __f, nullptr_t) noexcept
[2.411s]       |     [01;36m[K^~~~~~~~[m[K
[2.411s] [01m[K/usr/include/c++/9/bits/std_function.h:746:5:[m[K [01;36m[Knote: [m[K  template argument deduction/substitution failed:
[2.411s] [01m[K/home/judson35/lab1_ws/src/lab1_pkg/src/talker.cpp:44:35:[m[K [01;36m[Knote: [m[K  â€˜[01m[Kstd::string[m[Kâ€™ {aka â€˜[01m[Kstd::__cxx11::basic_string<char>[m[Kâ€™} is not derived from â€˜[01m[Kconst std::function<_Res(_ArgTypes ...)>[m[Kâ€™
[2.411s]    44 |             if (parameter_name == [01;36m[KSPEED[m[K) {speed_ = value;}
[2.411s]       |                                   [01;36m[K^~~~~[m[K
[2.412s] In file included from [01m[K/usr/include/c++/9/functional:59[m[K,
[2.412s]                  from [01m[K/home/judson35/lab1_ws/src/lab1_pkg/src/talker.cpp:2[m[K:
[2.412s] [01m[K/usr/include/c++/9/bits/std_function.h:752:5:[m[K [01;36m[Knote: [m[Kcandidate: â€˜[01m[Ktemplate<class _Res, class ... _Args> bool std::operator==(std::nullptr_t, const std::function<_Res(_ArgTypes ...)>&)[m[Kâ€™
[2.412s]   752 |     [01;36m[Koperator[m[K==(nullptr_t, const function<_Res(_Args...)>& __f) noexcept
[2.412s]       |     [01;36m[K^~~~~~~~[m[K
[2.412s] [01m[K/usr/include/c++/9/bits/std_function.h:752:5:[m[K [01;36m[Knote: [m[K  template argument deduction/substitution failed:
[2.413s] [01m[K/home/judson35/lab1_ws/src/lab1_pkg/src/talker.cpp:44:35:[m[K [01;36m[Knote: [m[K  mismatched types â€˜[01m[Kconst std::function<_Res(_ArgTypes ...)>[m[Kâ€™ and â€˜[01m[Kconst char[m[Kâ€™
[2.413s]    44 |             if (parameter_name == [01;36m[KSPEED[m[K) {speed_ = value;}
[2.413s]       |                                   [01;36m[K^~~~~[m[K
[2.413s] In file included from [01m[K/usr/include/c++/9/memory:80[m[K,
[2.413s]                  from [01m[K/opt/ros/foxy/include/rclcpp/rclcpp.hpp:144[m[K,
[2.413s]                  from [01m[K/home/judson35/lab1_ws/src/lab1_pkg/src/talker.cpp:5[m[K:
[2.414s] [01m[K/usr/include/c++/9/bits/unique_ptr.h:715:5:[m[K [01;36m[Knote: [m[Kcandidate: â€˜[01m[Ktemplate<class _Tp, class _Dp, class _Up, class _Ep> bool std::operator==(const std::unique_ptr<_Tp, _Dp>&, const std::unique_ptr<_Up, _Ep>&)[m[Kâ€™
[2.414s]   715 |     [01;36m[Koperator[m[K==(const unique_ptr<_Tp, _Dp>& __x,
[2.414s]       |     [01;36m[K^~~~~~~~[m[K
[2.414s] [01m[K/usr/include/c++/9/bits/unique_ptr.h:715:5:[m[K [01;36m[Knote: [m[K  template argument deduction/substitution failed:
[2.414s] [01m[K/home/judson35/lab1_ws/src/lab1_pkg/src/talker.cpp:44:35:[m[K [01;36m[Knote: [m[K  â€˜[01m[Kstd::string[m[Kâ€™ {aka â€˜[01m[Kstd::__cxx11::basic_string<char>[m[Kâ€™} is not derived from â€˜[01m[Kconst std::unique_ptr<_Tp, _Dp>[m[Kâ€™
[2.415s]    44 |             if (parameter_name == [01;36m[KSPEED[m[K) {speed_ = value;}
[2.415s]       |                                   [01;36m[K^~~~~[m[K
[2.415s] In file included from [01m[K/usr/include/c++/9/memory:80[m[K,
[2.415s]                  from [01m[K/opt/ros/foxy/include/rclcpp/rclcpp.hpp:144[m[K,
[2.415s]                  from [01m[K/home/judson35/lab1_ws/src/lab1_pkg/src/talker.cpp:5[m[K:
[2.415s] [01m[K/usr/include/c++/9/bits/unique_ptr.h:721:5:[m[K [01;36m[Knote: [m[Kcandidate: â€˜[01m[Ktemplate<class _Tp, class _Dp> bool std::operator==(const std::unique_ptr<_Tp, _Dp>&, std::nullptr_t)[m[Kâ€™
[2.416s]   721 |     [01;36m[Koperator[m[K==(const unique_ptr<_Tp, _Dp>& __x, nullptr_t) noexcept
[2.416s]       |     [01;36m[K^~~~~~~~[m[K
[2.416s] [01m[K/usr/include/c++/9/bits/unique_ptr.h:721:5:[m[K [01;36m[Knote: [m[K  template argument deduction/substitution failed:
[2.416s] [01m[K/home/judson35/lab1_ws/src/lab1_pkg/src/talker.cpp:44:35:[m[K [01;36m[Knote: [m[K  â€˜[01m[Kstd::string[m[Kâ€™ {aka â€˜[01m[Kstd::__cxx11::basic_string<char>[m[Kâ€™} is not derived from â€˜[01m[Kconst std::unique_ptr<_Tp, _Dp>[m[Kâ€™
[2.416s]    44 |             if (parameter_name == [01;36m[KSPEED[m[K) {speed_ = value;}
[2.416s]       |                                   [01;36m[K^~~~~[m[K
[2.417s] In file included from [01m[K/usr/include/c++/9/memory:80[m[K,
[2.417s]                  from [01m[K/opt/ros/foxy/include/rclcpp/rclcpp.hpp:144[m[K,
[2.417s]                  from [01m[K/home/judson35/lab1_ws/src/lab1_pkg/src/talker.cpp:5[m[K:
[2.417s] [01m[K/usr/include/c++/9/bits/unique_ptr.h:726:5:[m[K [01;36m[Knote: [m[Kcandidate: â€˜[01m[Ktemplate<class _Tp, class _Dp> bool std::operator==(std::nullptr_t, const std::unique_ptr<_Tp, _Dp>&)[m[Kâ€™
[2.417s]   726 |     [01;36m[Koperator[m[K==(nullptr_t, const unique_ptr<_Tp, _Dp>& __x) noexcept
[2.417s]       |     [01;36m[K^~~~~~~~[m[K
[2.418s] [01m[K/usr/include/c++/9/bits/unique_ptr.h:726:5:[m[K [01;36m[Knote: [m[K  template argument deduction/substitution failed:
[2.418s] [01m[K/home/judson35/lab1_ws/src/lab1_pkg/src/talker.cpp:44:35:[m[K [01;36m[Knote: [m[K  mismatched types â€˜[01m[Kconst std::unique_ptr<_Tp, _Dp>[m[Kâ€™ and â€˜[01m[Kconst char[m[Kâ€™
[2.418s]    44 |             if (parameter_name == [01;36m[KSPEED[m[K) {speed_ = value;}
[2.418s]       |                                   [01;36m[K^~~~~[m[K
[2.418s] In file included from [01m[K/usr/include/c++/9/bits/shared_ptr.h:52[m[K,
[2.418s]                  from [01m[K/usr/include/c++/9/memory:81[m[K,
[2.419s]                  from [01m[K/opt/ros/foxy/include/rclcpp/rclcpp.hpp:144[m[K,
[2.419s]                  from [01m[K/home/judson35/lab1_ws/src/lab1_pkg/src/talker.cpp:5[m[K:
[2.419s] [01m[K/usr/include/c++/9/bits/shared_ptr_base.h:1412:5:[m[K [01;36m[Knote: [m[Kcandidate: â€˜[01m[Ktemplate<class _Tp1, class _Tp2, __gnu_cxx::_Lock_policy _Lp> bool std::operator==(const std::__shared_ptr<_Tp1, _Lp>&, const std::__shared_ptr<_Tp2, _Lp>&)[m[Kâ€™
[2.419s]  1412 |     [01;36m[Koperator[m[K==(const __shared_ptr<_Tp1, _Lp>& __a,
[2.419s]       |     [01;36m[K^~~~~~~~[m[K
[2.419s] [01m[K/usr/include/c++/9/bits/shared_ptr_base.h:1412:5:[m[K [01;36m[Knote: [m[K  template argument deduction/substitution failed:
[2.420s] [01m[K/home/judson35/lab1_ws/src/lab1_pkg/src/talker.cpp:44:35:[m[K [01;36m[Knote: [m[K  â€˜[01m[Kstd::string[m[Kâ€™ {aka â€˜[01m[Kstd::__cxx11::basic_string<char>[m[Kâ€™} is not derived from â€˜[01m[Kconst std::__shared_ptr<_Tp1, _Lp>[m[Kâ€™
[2.420s]    44 |             if (parameter_name == [01;36m[KSPEED[m[K) {speed_ = value;}
[2.420s]       |                                   [01;36m[K^~~~~[m[K
[2.420s] In file included from [01m[K/usr/include/c++/9/bits/shared_ptr.h:52[m[K,
[2.420s]                  from [01m[K/usr/include/c++/9/memory:81[m[K,
[2.421s]                  from [01m[K/opt/ros/foxy/include/rclcpp/rclcpp.hpp:144[m[K,
[2.421s]                  from [01m[K/home/judson35/lab1_ws/src/lab1_pkg/src/talker.cpp:5[m[K:
[2.421s] [01m[K/usr/include/c++/9/bits/shared_ptr_base.h:1418:5:[m[K [01;36m[Knote: [m[Kcandidate: â€˜[01m[Ktemplate<class _Tp, __gnu_cxx::_Lock_policy _Lp> bool std::operator==(const std::__shared_ptr<_Tp, _Lp>&, std::nullptr_t)[m[Kâ€™
[2.421s]  1418 |     [01;36m[Koperator[m[K==(const __shared_ptr<_Tp, _Lp>& __a, nullptr_t) noexcept
[2.421s]       |     [01;36m[K^~~~~~~~[m[K
[2.421s] [01m[K/usr/include/c++/9/bits/shared_ptr_base.h:1418:5:[m[K [01;36m[Knote: [m[K  template argument deduction/substitution failed:
[2.422s] [01m[K/home/judson35/lab1_ws/src/lab1_pkg/src/talker.cpp:44:35:[m[K [01;36m[Knote: [m[K  â€˜[01m[Kstd::string[m[Kâ€™ {aka â€˜[01m[Kstd::__cxx11::basic_string<char>[m[Kâ€™} is not derived from â€˜[01m[Kconst std::__shared_ptr<_Tp, _Lp>[m[Kâ€™
[2.422s]    44 |             if (parameter_name == [01;36m[KSPEED[m[K) {speed_ = value;}
[2.422s]       |                                   [01;36m[K^~~~~[m[K
[2.422s] In file included from [01m[K/usr/include/c++/9/bits/shared_ptr.h:52[m[K,
[2.422s]                  from [01m[K/usr/include/c++/9/memory:81[m[K,
[2.422s]                  from [01m[K/opt/ros/foxy/include/rclcpp/rclcpp.hpp:144[m[K,
[2.422s]                  from [01m[K/home/judson35/lab1_ws/src/lab1_pkg/src/talker.cpp:5[m[K:
[2.422s] [01m[K/usr/include/c++/9/bits/shared_ptr_base.h:1423:5:[m[K [01;36m[Knote: [m[Kcandidate: â€˜[01m[Ktemplate<class _Tp, __gnu_cxx::_Lock_policy _Lp> bool std::operator==(std::nullptr_t, const std::__shared_ptr<_Tp, _Lp>&)[m[Kâ€™
[2.422s]  1423 |     [01;36m[Koperator[m[K==(nullptr_t, const __shared_ptr<_Tp, _Lp>& __a) noexcept
[2.423s]       |     [01;36m[K^~~~~~~~[m[K
[2.423s] [01m[K/usr/include/c++/9/bits/shared_ptr_base.h:1423:5:[m[K [01;36m[Knote: [m[K  template argument deduction/substitution failed:
[2.423s] [01m[K/home/judson35/lab1_ws/src/lab1_pkg/src/talker.cpp:44:35:[m[K [01;36m[Knote: [m[K  mismatched types â€˜[01m[Kconst std::__shared_ptr<_Tp, _Lp>[m[Kâ€™ and â€˜[01m[Kconst char[m[Kâ€™
[2.423s]    44 |             if (parameter_name == [01;36m[KSPEED[m[K) {speed_ = value;}
[2.423s]       |                                   [01;36m[K^~~~~[m[K
[2.423s] In file included from [01m[K/usr/include/c++/9/memory:81[m[K,
[2.423s]                  from [01m[K/opt/ros/foxy/include/rclcpp/rclcpp.hpp:144[m[K,
[2.423s]                  from [01m[K/home/judson35/lab1_ws/src/lab1_pkg/src/talker.cpp:5[m[K:
[2.423s] [01m[K/usr/include/c++/9/bits/shared_ptr.h:383:5:[m[K [01;36m[Knote: [m[Kcandidate: â€˜[01m[Ktemplate<class _Tp, class _Up> bool std::operator==(const std::shared_ptr<_Tp>&, const std::shared_ptr<_Tp>&)[m[Kâ€™
[2.424s]   383 |     [01;36m[Koperator[m[K==(const shared_ptr<_Tp>& __a, const shared_ptr<_Up>& __b) noexcept
[2.424s]       |     [01;36m[K^~~~~~~~[m[K
[2.424s] [01m[K/usr/include/c++/9/bits/shared_ptr.h:383:5:[m[K [01;36m[Knote: [m[K  template argument deduction/substitution failed:
[2.424s] [01m[K/home/judson35/lab1_ws/src/lab1_pkg/src/talker.cpp:44:35:[m[K [01;36m[Knote: [m[K  â€˜[01m[Kstd::string[m[Kâ€™ {aka â€˜[01m[Kstd::__cxx11::basic_string<char>[m[Kâ€™} is not derived from â€˜[01m[Kconst std::shared_ptr<_Tp>[m[Kâ€™
[2.424s]    44 |             if (parameter_name == [01;36m[KSPEED[m[K) {speed_ = value;}
[2.424s]       |                                   [01;36m[K^~~~~[m[K
[2.424s] In file included from [01m[K/usr/include/c++/9/memory:81[m[K,
[2.424s]                  from [01m[K/opt/ros/foxy/include/rclcpp/rclcpp.hpp:144[m[K,
[2.424s]                  from [01m[K/home/judson35/lab1_ws/src/lab1_pkg/src/talker.cpp:5[m[K:
[2.425s] [01m[K/usr/include/c++/9/bits/shared_ptr.h:388:5:[m[K [01;36m[Knote: [m[Kcandidate: â€˜[01m[Ktemplate<class _Tp> bool std::operator==(const std::shared_ptr<_Tp>&, std::nullptr_t)[m[Kâ€™
[2.425s]   388 |     [01;36m[Koperator[m[K==(const shared_ptr<_Tp>& __a, nullptr_t) noexcept
[2.425s]       |     [01;36m[K^~~~~~~~[m[K
[2.425s] [01m[K/usr/include/c++/9/bits/shared_ptr.h:388:5:[m[K [01;36m[Knote: [m[K  template argument deduction/substitution failed:
[2.425s] [01m[K/home/judson35/lab1_ws/src/lab1_pkg/src/talker.cpp:44:35:[m[K [01;36m[Knote: [m[K  â€˜[01m[Kstd::string[m[Kâ€™ {aka â€˜[01m[Kstd::__cxx11::basic_string<char>[m[Kâ€™} is not derived from â€˜[01m[Kconst std::shared_ptr<_Tp>[m[Kâ€™
[2.425s]    44 |             if (parameter_name == [01;36m[KSPEED[m[K) {speed_ = value;}
[2.425s]       |                                   [01;36m[K^~~~~[m[K
[2.425s] In file included from [01m[K/usr/include/c++/9/memory:81[m[K,
[2.425s]                  from [01m[K/opt/ros/foxy/include/rclcpp/rclcpp.hpp:144[m[K,
[2.426s]                  from [01m[K/home/judson35/lab1_ws/src/lab1_pkg/src/talker.cpp:5[m[K:
[2.426s] [01m[K/usr/include/c++/9/bits/shared_ptr.h:393:5:[m[K [01;36m[Knote: [m[Kcandidate: â€˜[01m[Ktemplate<class _Tp> bool std::operator==(std::nullptr_t, const std::shared_ptr<_Tp>&)[m[Kâ€™
[2.426s]   393 |     [01;36m[Koperator[m[K==(nullptr_t, const shared_ptr<_Tp>& __a) noexcept
[2.426s]       |     [01;36m[K^~~~~~~~[m[K
[2.426s] [01m[K/usr/include/c++/9/bits/shared_ptr.h:393:5:[m[K [01;36m[Knote: [m[K  template argument deduction/substitution failed:
[2.426s] [01m[K/home/judson35/lab1_ws/src/lab1_pkg/src/talker.cpp:44:35:[m[K [01;36m[Knote: [m[K  mismatched types â€˜[01m[Kconst std::shared_ptr<_Tp>[m[Kâ€™ and â€˜[01m[Kconst char[m[Kâ€™
[2.426s]    44 |             if (parameter_name == [01;36m[KSPEED[m[K) {speed_ = value;}
[2.426s]       |                                   [01;36m[K^~~~~[m[K
[2.426s] In file included from [01m[K/usr/include/c++/9/mutex:42[m[K,
[2.427s]                  from [01m[K/usr/include/c++/9/future:38[m[K,
[2.427s]                  from [01m[K/opt/ros/foxy/include/rclcpp/executors.hpp:18[m[K,
[2.427s]                  from [01m[K/opt/ros/foxy/include/rclcpp/rclcpp.hpp:146[m[K,
[2.427s]                  from [01m[K/home/judson35/lab1_ws/src/lab1_pkg/src/talker.cpp:5[m[K:
[2.427s] [01m[K/usr/include/c++/9/system_error:292:3:[m[K [01;36m[Knote: [m[Kcandidate: â€˜[01m[Kbool std::operator==(const std::error_code&, const std::error_code&)[m[Kâ€™
[2.427s]   292 |   [01;36m[Koperator[m[K==(const error_code& __lhs, const error_code& __rhs) noexcept
[2.427s]       |   [01;36m[K^~~~~~~~[m[K
[2.427s] [01m[K/usr/include/c++/9/system_error:292:32:[m[K [01;36m[Knote: [m[K  no known conversion for argument 1 from â€˜[01m[Kstd::string[m[Kâ€™ {aka â€˜[01m[Kstd::__cxx11::basic_string<char>[m[Kâ€™} to â€˜[01m[Kconst std::error_code&[m[Kâ€™
[2.427s]   292 |   operator==([01;36m[Kconst error_code& __lhs[m[K, const error_code& __rhs) noexcept
[2.428s]       |              [01;36m[K~~~~~~~~~~~~~~~~~~^~~~~[m[K
[2.428s] [01m[K/usr/include/c++/9/system_error:297:3:[m[K [01;36m[Knote: [m[Kcandidate: â€˜[01m[Kbool std::operator==(const std::error_code&, const std::error_condition&)[m[Kâ€™
[2.428s]   297 |   [01;36m[Koperator[m[K==(const error_code& __lhs, const error_condition& __rhs) noexcept
[2.428s]       |   [01;36m[K^~~~~~~~[m[K
[2.428s] [01m[K/usr/include/c++/9/system_error:297:32:[m[K [01;36m[Knote: [m[K  no known conversion for argument 1 from â€˜[01m[Kstd::string[m[Kâ€™ {aka â€˜[01m[Kstd::__cxx11::basic_string<char>[m[Kâ€™} to â€˜[01m[Kconst std::error_code&[m[Kâ€™
[2.428s]   297 |   operator==([01;36m[Kconst error_code& __lhs[m[K, const error_condition& __rhs) noexcept
[2.428s]       |              [01;36m[K~~~~~~~~~~~~~~~~~~^~~~~[m[K
[2.429s] [01m[K/usr/include/c++/9/system_error:304:3:[m[K [01;36m[Knote: [m[Kcandidate: â€˜[01m[Kbool std::operator==(const std::error_condition&, const std::error_code&)[m[Kâ€™
[2.429s]   304 |   [01;36m[Koperator[m[K==(const error_condition& __lhs, const error_code& __rhs) noexcept
[2.429s]       |   [01;36m[K^~~~~~~~[m[K
[2.429s] [01m[K/usr/include/c++/9/system_error:304:37:[m[K [01;36m[Knote: [m[K  no known conversion for argument 1 from â€˜[01m[Kstd::string[m[Kâ€™ {aka â€˜[01m[Kstd::__cxx11::basic_string<char>[m[Kâ€™} to â€˜[01m[Kconst std::error_condition&[m[Kâ€™
[2.429s]   304 |   operator==([01;36m[Kconst error_condition& __lhs[m[K, const error_code& __rhs) noexcept
[2.429s]       |              [01;36m[K~~~~~~~~~~~~~~~~~~~~~~~^~~~~[m[K
[2.429s] [01m[K/usr/include/c++/9/system_error:311:3:[m[K [01;36m[Knote: [m[Kcandidate: â€˜[01m[Kbool std::operator==(const std::error_condition&, const std::error_condition&)[m[Kâ€™
[2.429s]   311 |   [01;36m[Koperator[m[K==(const error_condition& __lhs,
[2.429s]       |   [01;36m[K^~~~~~~~[m[K
[2.430s] [01m[K/usr/include/c++/9/system_error:311:37:[m[K [01;36m[Knote: [m[K  no known conversion for argument 1 from â€˜[01m[Kstd::string[m[Kâ€™ {aka â€˜[01m[Kstd::__cxx11::basic_string<char>[m[Kâ€™} to â€˜[01m[Kconst std::error_condition&[m[Kâ€™
[2.430s]   311 |   operator==([01;36m[Kconst error_condition& __lhs[m[K,
[2.430s]       |              [01;36m[K~~~~~~~~~~~~~~~~~~~~~~~^~~~~[m[K
[2.430s] In file included from [01m[K/usr/include/c++/9/future:39[m[K,
[2.430s]                  from [01m[K/opt/ros/foxy/include/rclcpp/executors.hpp:18[m[K,
[2.430s]                  from [01m[K/opt/ros/foxy/include/rclcpp/rclcpp.hpp:146[m[K,
[2.430s]                  from [01m[K/home/judson35/lab1_ws/src/lab1_pkg/src/talker.cpp:5[m[K:
[2.430s] [01m[K/usr/include/c++/9/thread:276:3:[m[K [01;36m[Knote: [m[Kcandidate: â€˜[01m[Kbool std::operator==(std::thread::id, std::thread::id)[m[Kâ€™
[2.430s]   276 |   [01;36m[Koperator[m[K==(thread::id __x, thread::id __y) noexcept
[2.431s]       |   [01;36m[K^~~~~~~~[m[K
[2.431s] [01m[K/usr/include/c++/9/thread:276:25:[m[K [01;36m[Knote: [m[K  no known conversion for argument 1 from â€˜[01m[Kstd::string[m[Kâ€™ {aka â€˜[01m[Kstd::__cxx11::basic_string<char>[m[Kâ€™} to â€˜[01m[Kstd::thread::id[m[Kâ€™
[2.431s]   276 |   operator==([01;36m[Kthread::id __x[m[K, thread::id __y) noexcept
[2.431s]       |              [01;36m[K~~~~~~~~~~~^~~[m[K
[2.431s] In file included from [01m[K/usr/include/c++/9/set:61[m[K,
[2.431s]                  from [01m[K/opt/ros/foxy/include/rclcpp/executors/multi_threaded_executor.hpp:21[m[K,
[2.431s]                  from [01m[K/opt/ros/foxy/include/rclcpp/executors.hpp:21[m[K,
[2.431s]                  from [01m[K/opt/ros/foxy/include/rclcpp/rclcpp.hpp:146[m[K,
[2.431s]                  from [01m[K/home/judson35/lab1_ws/src/lab1_pkg/src/talker.cpp:5[m[K:
[2.432s] [01m[K/usr/include/c++/9/bits/stl_set.h:979:5:[m[K [01;36m[Knote: [m[Kcandidate: â€˜[01m[Ktemplate<class _Key, class _Compare, class _Alloc> bool std::operator==(const std::set<_Key, _Compare, _Alloc>&, const std::set<_Key, _Compare, _Alloc>&)[m[Kâ€™
[2.432s]   979 |     [01;36m[Koperator[m[K==(const set<_Key, _Compare, _Alloc>& __x,
[2.432s]       |     [01;36m[K^~~~~~~~[m[K
[2.432s] [01m[K/usr/include/c++/9/bits/stl_set.h:979:5:[m[K [01;36m[Knote: [m[K  template argument deduction/substitution failed:
[2.432s] [01m[K/home/judson35/lab1_ws/src/lab1_pkg/src/talker.cpp:44:35:[m[K [01;36m[Knote: [m[K  â€˜[01m[Kstd::string[m[Kâ€™ {aka â€˜[01m[Kstd::__cxx11::basic_string<char>[m[Kâ€™} is not derived from â€˜[01m[Kconst std::set<_Key, _Compare, _Alloc>[m[Kâ€™
[2.432s]    44 |             if (parameter_name == [01;36m[KSPEED[m[K) {speed_ = value;}
[2.432s]       |                                   [01;36m[K^~~~~[m[K
[2.432s] In file included from [01m[K/usr/include/c++/9/set:62[m[K,
[2.432s]                  from [01m[K/opt/ros/foxy/include/rclcpp/executors/multi_threaded_executor.hpp:21[m[K,
[2.433s]                  from [01m[K/opt/ros/foxy/include/rclcpp/executors.hpp:21[m[K,
[2.433s]                  from [01m[K/opt/ros/foxy/include/rclcpp/rclcpp.hpp:146[m[K,
[2.433s]                  from [01m[K/home/judson35/lab1_ws/src/lab1_pkg/src/talker.cpp:5[m[K:
[2.433s] [01m[K/usr/include/c++/9/bits/stl_multiset.h:964:5:[m[K [01;36m[Knote: [m[Kcandidate: â€˜[01m[Ktemplate<class _Key, class _Compare, class _Alloc> bool std::operator==(const std::multiset<_Key, _Compare, _Alloc>&, const std::multiset<_Key, _Compare, _Alloc>&)[m[Kâ€™
[2.433s]   964 |     [01;36m[Koperator[m[K==(const multiset<_Key, _Compare, _Alloc>& __x,
[2.433s]       |     [01;36m[K^~~~~~~~[m[K
[2.433s] [01m[K/usr/include/c++/9/bits/stl_multiset.h:964:5:[m[K [01;36m[Knote: [m[K  template argument deduction/substitution failed:
[2.433s] [01m[K/home/judson35/lab1_ws/src/lab1_pkg/src/talker.cpp:44:35:[m[K [01;36m[Knote: [m[K  â€˜[01m[Kstd::string[m[Kâ€™ {aka â€˜[01m[Kstd::__cxx11::basic_string<char>[m[Kâ€™} is not derived from â€˜[01m[Kconst std::multiset<_Key, _Compare, _Alloc>[m[Kâ€™
[2.434s]    44 |             if (parameter_name == [01;36m[KSPEED[m[K) {speed_ = value;}
[2.434s]       |                                   [01;36m[K^~~~~[m[K
[2.434s] In file included from [01m[K/usr/include/c++/9/unordered_map:47[m[K,
[2.434s]                  from [01m[K/opt/ros/foxy/include/rclcpp/executors/multi_threaded_executor.hpp:23[m[K,
[2.434s]                  from [01m[K/opt/ros/foxy/include/rclcpp/executors.hpp:21[m[K,
[2.434s]                  from [01m[K/opt/ros/foxy/include/rclcpp/rclcpp.hpp:146[m[K,
[2.434s]                  from [01m[K/home/judson35/lab1_ws/src/lab1_pkg/src/talker.cpp:5[m[K:
[2.434s] [01m[K/usr/include/c++/9/bits/unordered_map.h:2093:5:[m[K [01;36m[Knote: [m[Kcandidate: â€˜[01m[Ktemplate<class _Key, class _Tp, class _Hash, class _Pred, class _Alloc> bool std::operator==(const std::unordered_map<_Key, _Tp, _Hash, _Pred, _Alloc>&, const std::unordered_map<_Key, _Tp, _Hash, _Pred, _Alloc>&)[m[Kâ€™
[2.434s]  2093 |     [01;36m[Koperator[m[K==(const unordered_map<_Key, _Tp, _Hash, _Pred, _Alloc>& __x,
[2.435s]       |     [01;36m[K^~~~~~~~[m[K
[2.435s] [01m[K/usr/include/c++/9/bits/unordered_map.h:2093:5:[m[K [01;36m[Knote: [m[K  template argument deduction/substitution failed:
[2.435s] [01m[K/home/judson35/lab1_ws/src/lab1_pkg/src/talker.cpp:44:35:[m[K [01;36m[Knote: [m[K  â€˜[01m[Kstd::string[m[Kâ€™ {aka â€˜[01m[Kstd::__cxx11::basic_string<char>[m[Kâ€™} is not derived from â€˜[01m[Kconst std::unordered_map<_Key, _Tp, _Hash, _Pred, _Alloc>[m[Kâ€™
[2.435s]    44 |             if (parameter_name == [01;36m[KSPEED[m[K) {speed_ = value;}
[2.435s]       |                                   [01;36m[K^~~~~[m[K
[2.435s] In file included from [01m[K/usr/include/c++/9/unordered_map:47[m[K,
[2.435s]                  from [01m[K/opt/ros/foxy/include/rclcpp/executors/multi_threaded_executor.hpp:23[m[K,
[2.435s]                  from [01m[K/opt/ros/foxy/include/rclcpp/executors.hpp:21[m[K,
[2.435s]                  from [01m[K/opt/ros/foxy/include/rclcpp/rclcpp.hpp:146[m[K,
[2.435s]                  from [01m[K/home/judson35/lab1_ws/src/lab1_pkg/src/talker.cpp:5[m[K:
[2.436s] [01m[K/usr/include/c++/9/bits/unordered_map.h:2105:5:[m[K [01;36m[Knote: [m[Kcandidate: â€˜[01m[Ktemplate<class _Key, class _Tp, class _Hash, class _Pred, class _Alloc> bool std::operator==(const std::unordered_multimap<_Key, _Tp, _Hash, _Pred, _Alloc>&, const std::unordered_multimap<_Key, _Tp, _Hash, _Pred, _Alloc>&)[m[Kâ€™
[2.436s]  2105 |     [01;36m[Koperator[m[K==(const unordered_multimap<_Key, _Tp, _Hash, _Pred, _Alloc>& __x,
[2.436s]       |     [01;36m[K^~~~~~~~[m[K
[2.436s] [01m[K/usr/include/c++/9/bits/unordered_map.h:2105:5:[m[K [01;36m[Knote: [m[K  template argument deduction/substitution failed:
[2.436s] [01m[K/home/judson35/lab1_ws/src/lab1_pkg/src/talker.cpp:44:35:[m[K [01;36m[Knote: [m[K  â€˜[01m[Kstd::string[m[Kâ€™ {aka â€˜[01m[Kstd::__cxx11::basic_string<char>[m[Kâ€™} is not derived from â€˜[01m[Kconst std::unordered_multimap<_Key, _Tp, _Hash, _Pred, _Alloc>[m[Kâ€™
[2.436s]    44 |             if (parameter_name == [01;36m[KSPEED[m[K) {speed_ = value;}
[2.436s]       |                                   [01;36m[K^~~~~[m[K
[2.436s] In file included from [01m[K/usr/include/c++/9/bits/locale_facets.h:48[m[K,
[2.437s]                  from [01m[K/usr/include/c++/9/bits/basic_ios.h:37[m[K,
[2.437s]                  from [01m[K/usr/include/c++/9/ios:44[m[K,
[2.437s]                  from [01m[K/usr/include/c++/9/ostream:38[m[K,
[2.437s]                  from [01m[K/usr/include/c++/9/iostream:39[m[K,
[2.437s]                  from [01m[K/opt/ros/foxy/include/rclcpp/executor.hpp:22[m[K,
[2.437s]                  from [01m[K/opt/ros/foxy/include/rclcpp/executors/multi_threaded_executor.hpp:26[m[K,
[2.437s]                  from [01m[K/opt/ros/foxy/include/rclcpp/executors.hpp:21[m[K,
[2.437s]                  from [01m[K/opt/ros/foxy/include/rclcpp/rclcpp.hpp:146[m[K,
[2.437s]                  from [01m[K/home/judson35/lab1_ws/src/lab1_pkg/src/talker.cpp:5[m[K:
[2.438s] [01m[K/usr/include/c++/9/bits/streambuf_iterator.h:208:5:[m[K [01;36m[Knote: [m[Kcandidate: â€˜[01m[Ktemplate<class _CharT, class _Traits> bool std::operator==(const std::istreambuf_iterator<_CharT, _Traits>&, const std::istreambuf_iterator<_CharT, _Traits>&)[m[Kâ€™
[2.438s]   208 |     [01;36m[Koperator[m[K==(const istreambuf_iterator<_CharT, _Traits>& __a,
[2.438s]       |     [01;36m[K^~~~~~~~[m[K
[2.438s] [01m[K/usr/include/c++/9/bits/streambuf_iterator.h:208:5:[m[K [01;36m[Knote: [m[K  template argument deduction/substitution failed:
[2.438s] [01m[K/home/judson35/lab1_ws/src/lab1_pkg/src/talker.cpp:44:35:[m[K [01;36m[Knote: [m[K  â€˜[01m[Kstd::string[m[Kâ€™ {aka â€˜[01m[Kstd::__cxx11::basic_string<char>[m[Kâ€™} is not derived from â€˜[01m[Kconst std::istreambuf_iterator<_CharT, _Traits>[m[Kâ€™
[2.438s]    44 |             if (parameter_name == [01;36m[KSPEED[m[K) {speed_ = value;}
[2.438s]       |                                   [01;36m[K^~~~~[m[K
[2.438s] In file included from [01m[K/usr/include/c++/9/list:63[m[K,
[2.438s]                  from [01m[K/opt/ros/foxy/include/rclcpp/executor.hpp:23[m[K,
[2.438s]                  from [01m[K/opt/ros/foxy/include/rclcpp/executors/multi_threaded_executor.hpp:26[m[K,
[2.439s]                  from [01m[K/opt/ros/foxy/include/rclcpp/executors.hpp:21[m[K,
[2.439s]                  from [01m[K/opt/ros/foxy/include/rclcpp/rclcpp.hpp:146[m[K,
[2.439s]                  from [01m[K/home/judson35/lab1_ws/src/lab1_pkg/src/talker.cpp:5[m[K:
[2.439s] [01m[K/usr/include/c++/9/bits/stl_list.h:1991:5:[m[K [01;36m[Knote: [m[Kcandidate: â€˜[01m[Ktemplate<class _Tp, class _Alloc> bool std::operator==(const std::__cxx11::list<_Tp, _Alloc>&, const std::__cxx11::list<_Tp, _Alloc>&)[m[Kâ€™
[2.439s]  1991 |     [01;36m[Koperator[m[K==(const list<_Tp, _Alloc>& __x, const list<_Tp, _Alloc>& __y)
[2.439s]       |     [01;36m[K^~~~~~~~[m[K
[2.439s] [01m[K/usr/include/c++/9/bits/stl_list.h:1991:5:[m[K [01;36m[Knote: [m[K  template argument deduction/substitution failed:
[2.439s] [01m[K/home/judson35/lab1_ws/src/lab1_pkg/src/talker.cpp:44:35:[m[K [01;36m[Knote: [m[K  â€˜[01m[Kstd::string[m[Kâ€™ {aka â€˜[01m[Kstd::__cxx11::basic_string<char>[m[Kâ€™} is not derived from â€˜[01m[Kconst std::__cxx11::list<_Tp, _Alloc>[m[Kâ€™
[2.440s]    44 |             if (parameter_name == [01;36m[KSPEED[m[K) {speed_ = value;}
[2.440s]       |                                   [01;36m[K^~~~~[m[K
[2.440s] In file included from [01m[K/usr/include/c++/9/vector:67[m[K,
[2.440s]                  from [01m[K/opt/ros/foxy/include/rclcpp/executor.hpp:27[m[K,
[2.440s]                  from [01m[K/opt/ros/foxy/include/rclcpp/executors/multi_threaded_executor.hpp:26[m[K,
[2.440s]                  from [01m[K/opt/ros/foxy/include/rclcpp/executors.hpp:21[m[K,
[2.440s]                  from [01m[K/opt/ros/foxy/include/rclcpp/rclcpp.hpp:146[m[K,
[2.440s]                  from [01m[K/home/judson35/lab1_ws/src/lab1_pkg/src/talker.cpp:5[m[K:
[2.441s] [01m[K/usr/include/c++/9/bits/stl_vector.h:1888:5:[m[K [01;36m[Knote: [m[Kcandidate: â€˜[01m[Ktemplate<class _Tp, class _Alloc> bool std::operator==(const std::vector<_Tp, _Alloc>&, const std::vector<_Tp, _Alloc>&)[m[Kâ€™
[2.441s]  1888 |     [01;36m[Koperator[m[K==(const vector<_Tp, _Alloc>& __x, const vector<_Tp, _Alloc>& __y)
[2.441s]       |     [01;36m[K^~~~~~~~[m[K
[2.441s] [01m[K/usr/include/c++/9/bits/stl_vector.h:1888:5:[m[K [01;36m[Knote: [m[K  template argument deduction/substitution failed:
[2.441s] [01m[K/home/judson35/lab1_ws/src/lab1_pkg/src/talker.cpp:44:35:[m[K [01;36m[Knote: [m[K  â€˜[01m[Kstd::string[m[Kâ€™ {aka â€˜[01m[Kstd::__cxx11::basic_string<char>[m[Kâ€™} is not derived from â€˜[01m[Kconst std::vector<_Tp, _Alloc>[m[Kâ€™
[2.441s]    44 |             if (parameter_name == [01;36m[KSPEED[m[K) {speed_ = value;}
[2.442s]       |                                   [01;36m[K^~~~~[m[K
[2.442s] In file included from [01m[K/usr/include/c++/9/map:61[m[K,
[2.442s]                  from [01m[K/opt/ros/foxy/include/rclcpp/client.hpp:20[m[K,
[2.442s]                  from [01m[K/opt/ros/foxy/include/rclcpp/callback_group.hpp:23[m[K,
[2.442s]                  from [01m[K/opt/ros/foxy/include/rclcpp/any_executable.hpp:20[m[K,
[2.442s]                  from [01m[K/opt/ros/foxy/include/rclcpp/memory_strategy.hpp:24[m[K,
[2.442s]                  from [01m[K/opt/ros/foxy/include/rclcpp/memory_strategies.hpp:18[m[K,
[2.442s]                  from [01m[K/opt/ros/foxy/include/rclcpp/executor_options.hpp:20[m[K,
[2.442s]                  from [01m[K/opt/ros/foxy/include/rclcpp/executor.hpp:33[m[K,
[2.443s]                  from [01m[K/opt/ros/foxy/include/rclcpp/executors/multi_threaded_executor.hpp:26[m[K,
[2.443s]                  from [01m[K/opt/ros/foxy/include/rclcpp/executors.hpp:21[m[K,
[2.443s]                  from [01m[K/opt/ros/foxy/include/rclcpp/rclcpp.hpp:146[m[K,
[2.443s]                  from [01m[K/home/judson35/lab1_ws/src/lab1_pkg/src/talker.cpp:5[m[K:
[2.443s] [01m[K/usr/include/c++/9/bits/stl_map.h:1455:5:[m[K [01;36m[Knote: [m[Kcandidate: â€˜[01m[Ktemplate<class _Key, class _Tp, class _Compare, class _Alloc> bool std::operator==(const std::map<_Key, _Tp, _Compare, _Alloc>&, const std::map<_Key, _Tp, _Compare, _Alloc>&)[m[Kâ€™
[2.443s]  1455 |     [01;36m[Koperator[m[K==(const map<_Key, _Tp, _Compare, _Alloc>& __x,
[2.443s]       |     [01;36m[K^~~~~~~~[m[K
[2.443s] [01m[K/usr/include/c++/9/bits/stl_map.h:1455:5:[m[K [01;36m[Knote: [m[K  template argument deduction/substitution failed:
[2.443s] [01m[K/home/judson35/lab1_ws/src/lab1_pkg/src/talker.cpp:44:35:[m[K [01;36m[Knote: [m[K  â€˜[01m[Kstd::string[m[Kâ€™ {aka â€˜[01m[Kstd::__cxx11::basic_string<char>[m[Kâ€™} is not derived from â€˜[01m[Kconst std::map<_Key, _Tp, _Compare, _Alloc>[m[Kâ€™
[2.444s]    44 |             if (parameter_name == [01;36m[KSPEED[m[K) {speed_ = value;}
[2.444s]       |                                   [01;36m[K^~~~~[m[K
[2.444s] In file included from [01m[K/usr/include/c++/9/map:62[m[K,
[2.444s]                  from [01m[K/opt/ros/foxy/include/rclcpp/client.hpp:20[m[K,
[2.444s]                  from [01m[K/opt/ros/foxy/include/rclcpp/callback_group.hpp:23[m[K,
[2.444s]                  from [01m[K/opt/ros/foxy/include/rclcpp/any_executable.hpp:20[m[K,
[2.445s]                  from [01m[K/opt/ros/foxy/include/rclcpp/memory_strategy.hpp:24[m[K,
[2.445s]                  from [01m[K/opt/ros/foxy/include/rclcpp/memory_strategies.hpp:18[m[K,
[2.445s]                  from [01m[K/opt/ros/foxy/include/rclcpp/executor_options.hpp:20[m[K,
[2.445s]                  from [01m[K/opt/ros/foxy/include/rclcpp/executor.hpp:33[m[K,
[2.445s]                  from [01m[K/opt/ros/foxy/include/rclcpp/executors/multi_threaded_executor.hpp:26[m[K,
[2.445s]                  from [01m[K/opt/ros/foxy/include/rclcpp/executors.hpp:21[m[K,
[2.445s]                  from [01m[K/opt/ros/foxy/include/rclcpp/rclcpp.hpp:146[m[K,
[2.445s]                  from [01m[K/home/judson35/lab1_ws/src/lab1_pkg/src/talker.cpp:5[m[K:
[2.446s] [01m[K/usr/include/c++/9/bits/stl_multimap.h:1119:5:[m[K [01;36m[Knote: [m[Kcandidate: â€˜[01m[Ktemplate<class _Key, class _Tp, class _Compare, class _Alloc> bool std::operator==(const std::multimap<_Key, _Tp, _Compare, _Alloc>&, const std::multimap<_Key, _Tp, _Compare, _Alloc>&)[m[Kâ€™
[2.446s]  1119 |     [01;36m[Koperator[m[K==(const multimap<_Key, _Tp, _Compare, _Alloc>& __x,
[2.446s]       |     [01;36m[K^~~~~~~~[m[K
[2.446s] [01m[K/usr/include/c++/9/bits/stl_multimap.h:1119:5:[m[K [01;36m[Knote: [m[K  template argument deduction/substitution failed:
[2.446s] [01m[K/home/judson35/lab1_ws/src/lab1_pkg/src/talker.cpp:44:35:[m[K [01;36m[Knote: [m[K  â€˜[01m[Kstd::string[m[Kâ€™ {aka â€˜[01m[Kstd::__cxx11::basic_string<char>[m[Kâ€™} is not derived from â€˜[01m[Kconst std::multimap<_Key, _Tp, _Compare, _Alloc>[m[Kâ€™
[2.446s]    44 |             if (parameter_name == [01;36m[KSPEED[m[K) {speed_ = value;}
[2.446s]       |                                   [01;36m[K^~~~~[m[K
[2.446s] In file included from [01m[K/usr/include/c++/9/iterator:66[m[K,
[2.446s]                  from [01m[K/opt/ros/foxy/include/rcpputils/join.hpp:23[m[K,
[2.447s]                  from [01m[K/opt/ros/foxy/include/rclcpp/exceptions/exceptions.hpp:26[m[K,
[2.447s]                  from [01m[K/opt/ros/foxy/include/rclcpp/exceptions.hpp:18[m[K,
[2.447s]                  from [01m[K/opt/ros/foxy/include/rclcpp/client.hpp:31[m[K,
[2.447s]                  from [01m[K/opt/ros/foxy/include/rclcpp/callback_group.hpp:23[m[K,
[2.447s]                  from [01m[K/opt/ros/foxy/include/rclcpp/any_executable.hpp:20[m[K,
[2.447s]                  from [01m[K/opt/ros/foxy/include/rclcpp/memory_strategy.hpp:24[m[K,
[2.447s]                  from [01m[K/opt/ros/foxy/include/rclcpp/memory_strategies.hpp:18[m[K,
[2.447s]                  from [01m[K/opt/ros/foxy/include/rclcpp/executor_options.hpp:20[m[K,
[2.447s]                  from [01m[K/opt/ros/foxy/include/rclcpp/executor.hpp:33[m[K,
[2.448s]                  from [01m[K/opt/ros/foxy/include/rclcpp/executors/multi_threaded_executor.hpp:26[m[K,
[2.448s]                  from [01m[K/opt/ros/foxy/include/rclcpp/executors.hpp:21[m[K,
[2.448s]                  from [01m[K/opt/ros/foxy/include/rclcpp/rclcpp.hpp:146[m[K,
[2.448s]                  from [01m[K/home/judson35/lab1_ws/src/lab1_pkg/src/talker.cpp:5[m[K:
[2.448s] [01m[K/usr/include/c++/9/bits/stream_iterator.h:134:5:[m[K [01;36m[Knote: [m[Kcandidate: â€˜[01m[Ktemplate<class _Tp, class _CharT, class _Traits, class _Dist> bool std::operator==(const std::istream_iterator<_Tp, _CharT, _Traits, _Dist>&, const std::istream_iterator<_Tp, _CharT, _Traits, _Dist>&)[m[Kâ€™
[2.448s]   134 |     [01;36m[Koperator[m[K==(const istream_iterator<_Tp, _CharT, _Traits, _Dist>& __x,
[2.448s]       |     [01;36m[K^~~~~~~~[m[K
[2.448s] [01m[K/usr/include/c++/9/bits/stream_iterator.h:134:5:[m[K [01;36m[Knote: [m[K  template argument deduction/substitution failed:
[2.448s] [01m[K/home/judson35/lab1_ws/src/lab1_pkg/src/talker.cpp:44:35:[m[K [01;36m[Knote: [m[K  â€˜[01m[Kstd::string[m[Kâ€™ {aka â€˜[01m[Kstd::__cxx11::basic_string<char>[m[Kâ€™} is not derived from â€˜[01m[Kconst std::istream_iterator<_Tp, _CharT, _Traits, _Dist>[m[Kâ€™
[2.449s]    44 |             if (parameter_name == [01;36m[KSPEED[m[K) {speed_ = value;}
[2.449s]       |                                   [01;36m[K^~~~~[m[K
[2.449s] In file included from [01m[K/usr/include/c++/9/string:41[m[K,
[2.449s]                  from [01m[K/usr/include/c++/9/stdexcept:39[m[K,
[2.449s]                  from [01m[K/usr/include/c++/9/array:39[m[K,
[2.449s]                  from [01m[K/usr/include/c++/9/tuple:39[m[K,
[2.449s]                  from [01m[K/usr/include/c++/9/functional:54[m[K,
[2.449s]                  from [01m[K/home/judson35/lab1_ws/src/lab1_pkg/src/talker.cpp:2[m[K:
[2.450s] [01m[K/usr/include/c++/9/bits/allocator.h:155:7:[m[K [01;36m[Knote: [m[Kcandidate: â€˜[01m[Kbool std::operator==(const std::allocator<char>&, const std::allocator<char>&)[m[Kâ€™
[2.450s]   155 |       [01;36m[Koperator[m[K==(const allocator&, const allocator&) _GLIBCXX_NOTHROW
[2.450s]       |       [01;36m[K^~~~~~~~[m[K
[2.450s] [01m[K/usr/include/c++/9/bits/allocator.h:155:18:[m[K [01;36m[Knote: [m[K  no known conversion for argument 1 from â€˜[01m[Kstd::string[m[Kâ€™ {aka â€˜[01m[Kstd::__cxx11::basic_string<char>[m[Kâ€™} to â€˜[01m[Kconst std::allocator<char>&[m[Kâ€™
[2.450s]   155 |       operator==([01;36m[Kconst allocator&[m[K, const allocator&) _GLIBCXX_NOTHROW
[2.450s]       |                  [01;36m[K^~~~~~~~~~~~~~~~[m[K
[2.450s] In file included from [01m[K/usr/include/c++/9/bits/stl_algobase.h:67[m[K,
[2.450s]                  from [01m[K/usr/include/c++/9/bits/char_traits.h:39[m[K,
[2.450s]                  from [01m[K/usr/include/c++/9/string:40[m[K,
[2.450s]                  from [01m[K/usr/include/c++/9/stdexcept:39[m[K,
[2.451s]                  from [01m[K/usr/include/c++/9/array:39[m[K,
[2.451s]                  from [01m[K/usr/include/c++/9/tuple:39[m[K,
[2.451s]                  from [01m[K/usr/include/c++/9/functional:54[m[K,
[2.451s]                  from [01m[K/home/judson35/lab1_ws/src/lab1_pkg/src/talker.cpp:2[m[K:
[2.451s] [01m[K/usr/include/c++/9/bits/stl_iterator.h:883:5:[m[K [01;36m[Knote: [m[Kcandidate: â€˜[01m[Ktemplate<class _IteratorL, class _IteratorR, class _Container> bool __gnu_cxx::operator==(const __gnu_cxx::__normal_iterator<_IteratorL, _Container>&, const __gnu_cxx::__normal_iterator<_IteratorR, _Container>&)[m[Kâ€™
[2.451s]   883 |     [01;36m[Koperator[m[K==(const __normal_iterator<_IteratorL, _Container>& __lhs,
[2.451s]       |     [01;36m[K^~~~~~~~[m[K
[2.451s] [01m[K/usr/include/c++/9/bits/stl_iterator.h:883:5:[m[K [01;36m[Knote: [m[K  template argument deduction/substitution failed:
[2.451s] [01m[K/home/judson35/lab1_ws/src/lab1_pkg/src/talker.cpp:44:35:[m[K [01;36m[Knote: [m[K  â€˜[01m[Kstd::string[m[Kâ€™ {aka â€˜[01m[Kstd::__cxx11::basic_string<char>[m[Kâ€™} is not derived from â€˜[01m[Kconst __gnu_cxx::__normal_iterator<_IteratorL, _Container>[m[Kâ€™
[2.452s]    44 |             if (parameter_name == [01;36m[KSPEED[m[K) {speed_ = value;}
[2.452s]       |                                   [01;36m[K^~~~~[m[K
[2.452s] In file included from [01m[K/usr/include/c++/9/bits/stl_algobase.h:67[m[K,
[2.452s]                  from [01m[K/usr/include/c++/9/bits/char_traits.h:39[m[K,
[2.452s]                  from [01m[K/usr/include/c++/9/string:40[m[K,
[2.452s]                  from [01m[K/usr/include/c++/9/stdexcept:39[m[K,
[2.452s]                  from [01m[K/usr/include/c++/9/array:39[m[K,
[2.452s]                  from [01m[K/usr/include/c++/9/tuple:39[m[K,
[2.452s]                  from [01m[K/usr/include/c++/9/functional:54[m[K,
[2.453s]                  from [01m[K/home/judson35/lab1_ws/src/lab1_pkg/src/talker.cpp:2[m[K:
[2.453s] [01m[K/usr/include/c++/9/bits/stl_iterator.h:890:5:[m[K [01;36m[Knote: [m[Kcandidate: â€˜[01m[Ktemplate<class _Iterator, class _Container> bool __gnu_cxx::operator==(const __gnu_cxx::__normal_iterator<_Iterator, _Container>&, const __gnu_cxx::__normal_iterator<_Iterator, _Container>&)[m[Kâ€™
[2.453s]   890 |     [01;36m[Koperator[m[K==(const __normal_iterator<_Iterator, _Container>& __lhs,
[2.453s]       |     [01;36m[K^~~~~~~~[m[K
[2.453s] [01m[K/usr/include/c++/9/bits/stl_iterator.h:890:5:[m[K [01;36m[Knote: [m[K  template argument deduction/substitution failed:
[2.453s] [01m[K/home/judson35/lab1_ws/src/lab1_pkg/src/talker.cpp:44:35:[m[K [01;36m[Knote: [m[K  â€˜[01m[Kstd::string[m[Kâ€™ {aka â€˜[01m[Kstd::__cxx11::basic_string<char>[m[Kâ€™} is not derived from â€˜[01m[Kconst __gnu_cxx::__normal_iterator<_Iterator, _Container>[m[Kâ€™
[2.453s]    44 |             if (parameter_name == [01;36m[KSPEED[m[K) {speed_ = value;}
[2.454s]       |                                   [01;36m[K^~~~~[m[K
[2.454s] In file included from [01m[K/usr/include/x86_64-linux-gnu/c++/9/bits/c++allocator.h:33[m[K,
[2.454s]                  from [01m[K/usr/include/c++/9/bits/allocator.h:46[m[K,
[2.454s]                  from [01m[K/usr/include/c++/9/string:41[m[K,
[2.454s]                  from [01m[K/usr/include/c++/9/stdexcept:39[m[K,
[2.454s]                  from [01m[K/usr/include/c++/9/array:39[m[K,
[2.454s]                  from [01m[K/usr/include/c++/9/tuple:39[m[K,
[2.454s]                  from [01m[K/usr/include/c++/9/functional:54[m[K,
[2.454s]                  from [01m[K/home/judson35/lab1_ws/src/lab1_pkg/src/talker.cpp:2[m[K:
[2.455s] [01m[K/usr/include/c++/9/ext/new_allocator.h:166:2:[m[K [01;36m[Knote: [m[Kcandidate: â€˜[01m[Ktemplate<class _Up> bool __gnu_cxx::operator==(const __gnu_cxx::new_allocator<char>&, const __gnu_cxx::new_allocator<_Tp>&)[m[Kâ€™
[2.455s]   166 |  [01;36m[Koperator[m[K==(const new_allocator&, const new_allocator<_Up>&)
[2.455s]       |  [01;36m[K^~~~~~~~[m[K
[2.455s] [01m[K/usr/include/c++/9/ext/new_allocator.h:166:2:[m[K [01;36m[Knote: [m[K  template argument deduction/substitution failed:
[2.455s] [01m[K/home/judson35/lab1_ws/src/lab1_pkg/src/talker.cpp:44:35:[m[K [01;36m[Knote: [m[K  mismatched types â€˜[01m[Kconst __gnu_cxx::new_allocator<_Tp>[m[Kâ€™ and â€˜[01m[Kconst char[m[Kâ€™
[2.455s]    44 |             if (parameter_name == [01;36m[KSPEED[m[K) {speed_ = value;}
[2.455s]       |                                   [01;36m[K^~~~~[m[K
[2.455s] [01m[K/home/judson35/lab1_ws/src/lab1_pkg/src/talker.cpp:45:40:[m[K [01;31m[Kerror: [m[Kâ€˜[01m[KSTEERING_ANGLE[m[Kâ€™ was not declared in this scope
[2.455s]    45 |             else if (parameter_name == [01;31m[KSTEERING_ANGLE[m[K) {steering_angle_ = value;}
[2.456s]       |                                        [01;31m[K^~~~~~~~~~~~~~[m[K
[3.904s] make[2]: *** [CMakeFiles/talker.dir/build.make:63: CMakeFiles/talker.dir/src/talker.cpp.o] Error 1
[3.905s] make[1]: *** [CMakeFiles/Makefile2:78: CMakeFiles/talker.dir/all] Error 2
[3.905s] make: *** [Makefile:141: all] Error 2
[3.908s] Invoked command in '/home/judson35/lab1_ws/build/lab1_pkg' returned '2': CMAKE_PREFIX_PATH=/home/judson35/lab1_ws/install/lab1_pkg:/opt/ros/foxy:/opt/ros/noetic /usr/bin/cmake --build /home/judson35/lab1_ws/build/lab1_pkg -- -j8 -l8
