[0.033s] Invoking command in '/home/judson35/lab1_ws/build/lab1_pkg': CMAKE_PREFIX_PATH=/home/judson35/lab1_ws/install/lab1_pkg:/opt/ros/foxy:/opt/ros/noetic /usr/bin/cmake --build /home/judson35/lab1_ws/build/lab1_pkg -- -j8 -l8
[0.108s] [35m[1mScanning dependencies of target relay[0m
[0.156s] [ 50%] Built target talker
[0.180s] [ 75%] [32mBuilding CXX object CMakeFiles/relay.dir/src/relay.cpp.o[0m
[2.422s] [01m[K/home/judson35/lab1_ws/src/lab1_pkg/src/relay.cpp:30:3:[m[K [01;31m[Kerror: [m[Kinvalid use of template-name â€˜[01m[Krclcpp::Subscription[m[Kâ€™ without an argument list
[2.423s]    30 |   [01;31m[Krclcpp[m[K::Subscription<<ackermann_msgs::msg::AckermannDriveStamped>::SharedPtr subscription_;
[2.423s]       |   [01;31m[K^~~~~~[m[K
[2.423s] [01m[K/home/judson35/lab1_ws/src/lab1_pkg/src/relay.cpp:30:3:[m[K [01;36m[Knote: [m[Kclass template argument deduction is only available with â€˜[01m[K-std=c++17[m[Kâ€™ or â€˜[01m[K-std=gnu++17[m[Kâ€™
[2.423s] In file included from [01m[K/opt/ros/foxy/include/rclcpp/any_executable.hpp:25[m[K,
[2.423s]                  from [01m[K/opt/ros/foxy/include/rclcpp/memory_strategy.hpp:24[m[K,
[2.423s]                  from [01m[K/opt/ros/foxy/include/rclcpp/memory_strategies.hpp:18[m[K,
[2.423s]                  from [01m[K/opt/ros/foxy/include/rclcpp/executor_options.hpp:20[m[K,
[2.423s]                  from [01m[K/opt/ros/foxy/include/rclcpp/executor.hpp:33[m[K,
[2.423s]                  from [01m[K/opt/ros/foxy/include/rclcpp/executors/multi_threaded_executor.hpp:26[m[K,
[2.424s]                  from [01m[K/opt/ros/foxy/include/rclcpp/executors.hpp:21[m[K,
[2.424s]                  from [01m[K/opt/ros/foxy/include/rclcpp/rclcpp.hpp:146[m[K,
[2.424s]                  from [01m[K/home/judson35/lab1_ws/src/lab1_pkg/src/relay.cpp:5[m[K:
[2.424s] [01m[K/opt/ros/foxy/include/rclcpp/subscription.hpp:69:7:[m[K [01;36m[Knote: [m[Kâ€˜[01m[Ktemplate<class CallbackMessageT, class AllocatorT, class MessageMemoryStrategyT> class rclcpp::Subscription[m[Kâ€™ declared here
[2.424s]    69 | class [01;36m[KSubscription[m[K : public SubscriptionBase
[2.424s]       |       [01;36m[K^~~~~~~~~~~~[m[K
[2.438s] [01m[K/home/judson35/lab1_ws/src/lab1_pkg/src/relay.cpp:[m[K In constructor â€˜[01m[KRelay::Relay()[m[Kâ€™:
[2.438s] [01m[K/home/judson35/lab1_ws/src/lab1_pkg/src/relay.cpp:14:5:[m[K [01;31m[Kerror: [m[Kâ€˜[01m[Ksubscription_[m[Kâ€™ was not declared in this scope; did you mean â€˜[01m[Krcl_subscription_t[m[Kâ€™?
[2.438s]    14 |     [01;31m[Ksubscription_[m[K = this->create_subscription<ackermann_msgs::msg::AckermannDriveStamped>(
[2.438s]       |     [01;31m[K^~~~~~~~~~~~~[m[K
[2.438s]       |     [32m[Krcl_subscription_t[m[K
[2.469s] [01m[K/home/judson35/lab1_ws/src/lab1_pkg/src/relay.cpp:[m[K In member function â€˜[01m[Kvoid Relay::topic_callback(ackermann_msgs::msg::AckermannDriveStamped_<std::allocator<void> >::SharedPtr) const[m[Kâ€™:
[2.469s] [01m[K/home/judson35/lab1_ws/src/lab1_pkg/src/relay.cpp:24:41:[m[K [01;31m[Kerror: [m[Kâ€˜[01m[Kconst SharedPtr[m[Kâ€™ {aka â€˜[01m[Kconst class std::shared_ptr<ackermann_msgs::msg::AckermannDriveStamped_<std::allocator<void> > >[m[Kâ€™} has no member named â€˜[01m[Kdrive[m[Kâ€™
[2.469s]    24 |     relay_message.drive.speed = message.[01;31m[Kdrive[m[K.speed * 3;
[2.469s]       |                                         [01;31m[K^~~~~[m[K
[2.469s] [01m[K/home/judson35/lab1_ws/src/lab1_pkg/src/relay.cpp:25:50:[m[K [01;31m[Kerror: [m[Kâ€˜[01m[Kconst SharedPtr[m[Kâ€™ {aka â€˜[01m[Kconst class std::shared_ptr<ackermann_msgs::msg::AckermannDriveStamped_<std::allocator<void> > >[m[Kâ€™} has no member named â€˜[01m[Kdrive[m[Kâ€™
[2.469s]    25 | lay_message.drive.steering_angle = message.[01;31m[Kdrive[m[K.steering_angle * 3;
[2.469s]       |                                            [01;31m[K^~~~~[m[K
[2.469s] 
[2.479s] In file included from [01m[K/opt/ros/foxy/include/rclcpp/client.hpp:40[m[K,
[2.480s]                  from [01m[K/opt/ros/foxy/include/rclcpp/callback_group.hpp:23[m[K,
[2.480s]                  from [01m[K/opt/ros/foxy/include/rclcpp/any_executable.hpp:20[m[K,
[2.480s]                  from [01m[K/opt/ros/foxy/include/rclcpp/memory_strategy.hpp:24[m[K,
[2.480s]                  from [01m[K/opt/ros/foxy/include/rclcpp/memory_strategies.hpp:18[m[K,
[2.480s]                  from [01m[K/opt/ros/foxy/include/rclcpp/executor_options.hpp:20[m[K,
[2.480s]                  from [01m[K/opt/ros/foxy/include/rclcpp/executor.hpp:33[m[K,
[2.481s]                  from [01m[K/opt/ros/foxy/include/rclcpp/executors/multi_threaded_executor.hpp:26[m[K,
[2.481s]                  from [01m[K/opt/ros/foxy/include/rclcpp/executors.hpp:21[m[K,
[2.481s]                  from [01m[K/opt/ros/foxy/include/rclcpp/rclcpp.hpp:146[m[K,
[2.481s]                  from [01m[K/home/judson35/lab1_ws/src/lab1_pkg/src/relay.cpp:5[m[K:
[2.482s] [01m[K/home/judson35/lab1_ws/src/lab1_pkg/src/relay.cpp:28:103:[m[K [01;31m[Kerror: [m[Kbase operand of â€˜[01m[K->[m[Kâ€™ has non-pointer type â€˜[01m[Kackermann_msgs::msg::AckermannDriveStamped_<std::allocator<void> >[m[Kâ€™
[2.482s]    28 | : %d \t Steering Angle: %d}", relay_message[01;31m[K->[m[Kdrive->speed, relay_message->drive->steering_angle);
[2.482s]       |                                            [01;31m[K^~[m[K
[2.482s] 
[2.482s] [01m[K/home/judson35/lab1_ws/src/lab1_pkg/src/relay.cpp:28:132:[m[K [01;31m[Kerror: [m[Kbase operand of â€˜[01m[K->[m[Kâ€™ has non-pointer type â€˜[01m[Kackermann_msgs::msg::AckermannDriveStamped_<std::allocator<void> >[m[Kâ€™
[2.482s]    28 |  relay_message->drive->speed, relay_message[01;31m[K->[m[Kdrive->steering_angle);
[2.483s]       |                                            [01;31m[K^~[m[K
[2.483s] 
[5.001s] make[2]: *** [CMakeFiles/relay.dir/build.make:63: CMakeFiles/relay.dir/src/relay.cpp.o] Error 1
[5.002s] make[1]: *** [CMakeFiles/Makefile2:80: CMakeFiles/relay.dir/all] Error 2
[5.002s] make: *** [Makefile:141: all] Error 2
[5.005s] Invoked command in '/home/judson35/lab1_ws/build/lab1_pkg' returned '2': CMAKE_PREFIX_PATH=/home/judson35/lab1_ws/install/lab1_pkg:/opt/ros/foxy:/opt/ros/noetic /usr/bin/cmake --build /home/judson35/lab1_ws/build/lab1_pkg -- -j8 -l8
