[35m[1mScanning dependencies of target talker[0m
[ 50%] Built target relay
[ 75%] [32mBuilding CXX object CMakeFiles/talker.dir/src/talker.cpp.o[0m
[01m[K/home/judson35/lab1_ws/src/lab1_pkg/src/talker.cpp:[m[K In member function â€˜[01m[Krcl_interfaces::msg::SetParametersResult Talker::parametersCallback(const std::vector<rclcpp::Parameter>&)[m[Kâ€™:
[01m[K/home/judson35/lab1_ws/src/lab1_pkg/src/talker.cpp:52:28:[m[K [01;31m[Kerror: [m[Kâ€˜[01m[Kusing SetParametersResult = struct rcl_interfaces::msg::SetParametersResult_<std::allocator<void> >[m[Kâ€™ {aka â€˜[01m[Kstruct rcl_interfaces::msg::SetParametersResult_<std::allocator<void> >[m[Kâ€™} has no member named â€˜[01m[Ksucessful[m[Kâ€™; did you mean â€˜[01m[Ksuccessful[m[Kâ€™?
   52 |                     result.[01;31m[Ksucessful[m[K = true;
      |                            [01;31m[K^~~~~~~~~[m[K
      |                            [32m[Ksuccessful[m[K
make[2]: *** [CMakeFiles/talker.dir/build.make:63: CMakeFiles/talker.dir/src/talker.cpp.o] Error 1
make[1]: *** [CMakeFiles/Makefile2:107: CMakeFiles/talker.dir/all] Error 2
make: *** [Makefile:141: all] Error 2
