[0.030s] Invoking command in '/home/judson35/lab1_ws/build/lab1_pkg': CMAKE_PREFIX_PATH=/home/judson35/lab1_ws/install/lab1_pkg:/opt/ros/foxy:/opt/ros/noetic /usr/bin/cmake --build /home/judson35/lab1_ws/build/lab1_pkg -- -j8 -l8
[0.101s] [35m[1mScanning dependencies of target talker[0m
[0.176s] [ 50%] Built target relay
[0.181s] [ 75%] [32mBuilding CXX object CMakeFiles/talker.dir/src/talker.cpp.o[0m
[2.465s] In file included from [01m[K/home/judson35/lab1_ws/src/lab1_pkg/src/talker.cpp:2[m[K:
[2.465s] /usr/include/c++/9/functional: In instantiation of â€˜[01m[Kstruct std::_Bind_check_arity<rcl_interfaces::msg::SetParametersResult_<std::allocator<void> > (Talker::*)(const std::vector<rclcpp::Parameter>&), Talker*>[m[Kâ€™:
[2.465s] [01m[K/usr/include/c++/9/functional:787:12:[m[K   required from â€˜[01m[Kstruct std::_Bind_helper<false, rcl_interfaces::msg::SetParametersResult_<std::allocator<void> > (Talker::*)(const std::vector<rclcpp::Parameter>&), Talker*>[m[Kâ€™
[2.465s] [01m[K/usr/include/c++/9/functional:808:5:[m[K   required by substitution of â€˜[01m[Ktemplate<class _Func, class ... _BoundArgs> typename std::_Bind_helper<std::__is_socketlike<_Func>::value, _Func, _BoundArgs ...>::type std::bind(_Func&&, _BoundArgs&& ...) [with _Func = rcl_interfaces::msg::SetParametersResult_<std::allocator<void> > (Talker::*)(const std::vector<rclcpp::Parameter>&); _BoundArgs = {Talker*}][m[Kâ€™
[2.465s] [01m[K/home/judson35/lab1_ws/src/lab1_pkg/src/talker.cpp:36:108:[m[K   required from here
[2.465s] [01m[K/usr/include/c++/9/functional:775:7:[m[K [01;31m[Kerror: [m[Kstatic assertion failed: Wrong number of arguments for pointer-to-member
[2.465s]   774 |       static_assert(_Varargs::[01;31m[Kvalue[m[K
[2.466s]       |                               [01;31m[K~~~~~[m[K
[2.466s]   775 | [01;31m[K      ? sizeof...(_BoundArgs) >= _Arity::value + 1[m[K
[2.466s]       |       [01;31m[K^~~~~~~~~~~~~~~~~~~~~~~~~~~~~~~~~~~~~~~~~~~~[m[K
[2.466s]   776 | [01;31m[K      : sizeof...(_BoundArgs) == _Arity::value + 1[m[K,
[2.466s]       |       [01;31m[K~~~~~~~~~~~~~~~~~~~~~~~~~~~~~~~~~~~~~~~~~~~~[m[K
[2.478s] [01m[K/home/judson35/lab1_ws/src/lab1_pkg/src/talker.cpp:[m[K In constructor â€˜[01m[KTalker::Talker()[m[Kâ€™:
[2.478s] [01m[K/home/judson35/lab1_ws/src/lab1_pkg/src/talker.cpp:36:74:[m[K [01;31m[Kerror: [m[Kcannot convert â€˜[01m[Kstd::_Bind_helper<false, rcl_interfaces::msg::SetParametersResult_<std::allocator<void> > (Talker::*)(const std::vector<rclcpp::Parameter>&), Talker*>::type[m[Kâ€™ {aka â€˜[01m[Kstd::_Bind<rcl_interfaces::msg::SetParametersResult_<std::allocator<void> > (Talker::*(Talker*))(const std::vector<rclcpp::Parameter>&)>[m[Kâ€™} to â€˜[01m[Krclcpp::Node::OnParametersSetCallbackType[m[Kâ€™ {aka â€˜[01m[Kstd::function<rcl_interfaces::msg::SetParametersResult_<std::allocator<void> >(const std::vector<rclcpp::Parameter>&)>[m[Kâ€™}
[2.478s]    36 |         callback_handle_ = this->add_on_set_parameters_callback([01;31m[Kstd::bind(&Talker::parametersCallback, this)[m[K);
[2.479s]       |                                                                 [01;31m[K~~~~~~~~~^~~~~~~~~~~~~~~~~~~~~~~~~~~~~~~~~~~[m[K
[2.479s]       |                                                                          [01;31m[K|[m[K
[2.479s]       |                                                                          [01;31m[Kstd::_Bind_helper<false, rcl_interfaces::msg::SetParametersResult_<std::allocator<void> > (Talker::*)(const std::vector<rclcpp::Parameter>&), Talker*>::type {aka std::_Bind<rcl_interfaces::msg::SetParametersResult_<std::allocator<void> > (Talker::*(Talker*))(const std::vector<rclcpp::Parameter>&)>}[m[K
[2.479s] In file included from [01m[K/opt/ros/foxy/include/rclcpp/executors/single_threaded_executor.hpp:28[m[K,
[2.479s]                  from [01m[K/opt/ros/foxy/include/rclcpp/executors.hpp:22[m[K,
[2.479s]                  from [01m[K/opt/ros/foxy/include/rclcpp/rclcpp.hpp:146[m[K,
[2.479s]                  from [01m[K/home/judson35/lab1_ws/src/lab1_pkg/src/talker.cpp:7[m[K:
[2.479s] [01m[K/opt/ros/foxy/include/rclcpp/node.hpp:819:62:[m[K [01;36m[Knote: [m[K  initializing argument 1 of â€˜[01m[Krclcpp::node_interfaces::OnSetParametersCallbackHandle::SharedPtr rclcpp::Node::add_on_set_parameters_callback(rclcpp::Node::OnParametersSetCallbackType)[m[Kâ€™
[2.480s]   819 |   add_on_set_parameters_callback([01;36m[KOnParametersSetCallbackType callback[m[K);
[2.480s]       |                                  [01;36m[K~~~~~~~~~~~~~~~~~~~~~~~~~~~~^~~~~~~~[m[K
[4.078s] make[2]: *** [CMakeFiles/talker.dir/build.make:63: CMakeFiles/talker.dir/src/talker.cpp.o] Error 1
[4.078s] make[1]: *** [CMakeFiles/Makefile2:107: CMakeFiles/talker.dir/all] Error 2
[4.079s] make: *** [Makefile:141: all] Error 2
[4.083s] Invoked command in '/home/judson35/lab1_ws/build/lab1_pkg' returned '2': CMAKE_PREFIX_PATH=/home/judson35/lab1_ws/install/lab1_pkg:/opt/ros/foxy:/opt/ros/noetic /usr/bin/cmake --build /home/judson35/lab1_ws/build/lab1_pkg -- -j8 -l8
