[0.034s] Invoking command in '/home/judson35/lab1_ws/build/lab1_pkg': CMAKE_PREFIX_PATH=/home/judson35/lab1_ws/install/lab1_pkg:/opt/ros/foxy:/opt/ros/noetic /usr/bin/cmake --build /home/judson35/lab1_ws/build/lab1_pkg -- -j8 -l8
[0.107s] [35m[1mScanning dependencies of target talker[0m
[0.200s] [ 50%] [32mBuilding CXX object CMakeFiles/talker.dir/src/talker.cpp.o[0m
[2.412s] [01m[K/home/judson35/lab1_ws/src/lab1_pkg/src/talker.cpp:13:8:[m[K [01;31m[Kerror: [m[Kfound â€˜[01m[K:[m[Kâ€™ in nested-name-specifier, expected â€˜[01m[K::[m[Kâ€™
[2.413s]    13 |     std[01;31m[K:[m[Kstring SPEED = "v";
[2.413s]       |        [01;31m[K^[m[K
[2.413s]       |        [32m[K::[m[K
[2.413s] [01m[K/home/judson35/lab1_ws/src/lab1_pkg/src/talker.cpp:15:2:[m[K [01;35m[Kwarning: [m[Kextra â€˜[01m[K;[m[Kâ€™ [[01;35m[K-Wpedantic[m[K]
[2.413s]    15 | }[01;35m[K;[m[K
[2.414s]       |  [01;35m[K^[m[K
[2.458s] [01m[K/home/judson35/lab1_ws/src/lab1_pkg/src/talker.cpp:[m[K In member function â€˜[01m[Krcl_interfaces::msg::SetParametersResult Talker::parametersCallback(const std::vector<rclcpp::Parameter>&)[m[Kâ€™:
[2.458s] [01m[K/home/judson35/lab1_ws/src/lab1_pkg/src/talker.cpp:40:27:[m[K [01;35m[Kwarning: [m[Kcomparison of integer expressions of different signedness: â€˜[01m[Kint[m[Kâ€™ and â€˜[01m[Kstd::vector<rclcpp::Parameter>::size_type[m[Kâ€™ {aka â€˜[01m[Klong unsigned int[m[Kâ€™} [[01;35m[K-Wsign-compare[m[K]
[2.458s]    40 |         for (int i = 0; [01;35m[Ki < parameters.size()[m[K; i++) {
[2.459s]       |                         [01;35m[K~~^~~~~~~~~~~~~~~~~~~[m[K
[3.957s] make[2]: *** [CMakeFiles/talker.dir/build.make:63: CMakeFiles/talker.dir/src/talker.cpp.o] Error 1
[3.957s] make[1]: *** [CMakeFiles/Makefile2:78: CMakeFiles/talker.dir/all] Error 2
[3.957s] make: *** [Makefile:141: all] Error 2
[3.961s] Invoked command in '/home/judson35/lab1_ws/build/lab1_pkg' returned '2': CMAKE_PREFIX_PATH=/home/judson35/lab1_ws/install/lab1_pkg:/opt/ros/foxy:/opt/ros/noetic /usr/bin/cmake --build /home/judson35/lab1_ws/build/lab1_pkg -- -j8 -l8
