[0.029s] Invoking command in '/home/judson35/lab1_ws/build/lab1_pkg': CMAKE_PREFIX_PATH=/home/judson35/lab1_ws/install/lab1_pkg:/opt/ros/foxy:/opt/ros/noetic /usr/bin/cmake --build /home/judson35/lab1_ws/build/lab1_pkg -- -j8 -l8
[0.100s] [35m[1mScanning dependencies of target talker[0m
[0.152s] [ 50%] Built target relay
[0.161s] [ 75%] [32mBuilding CXX object CMakeFiles/talker.dir/src/talker.cpp.o[0m
[2.483s] [01m[K/home/judson35/lab1_ws/src/lab1_pkg/src/talker.cpp:[m[K In constructor â€˜[01m[KTalker::Talker()[m[Kâ€™:
[2.483s] [01m[K/home/judson35/lab1_ws/src/lab1_pkg/src/talker.cpp:36:129:[m[K [01;31m[Kerror: [m[Kâ€˜[01m[K_0[m[Kâ€™ is not a member of â€˜[01m[Kstd::placeholders[m[Kâ€™; did you mean â€˜[01m[K_20[m[Kâ€™?
[2.483s]    36 |         callback_handle_ = this->add_on_set_parameters_callback(std::bind(&Talker::parametersCallback, this, std::placeholders::[01;31m[K_0[m[K));
[2.483s]       |                                                                                                                                 [01;31m[K^~[m[K
[2.483s]       |                                                                                                                                 [32m[K_20[m[K
[4.100s] make[2]: *** [CMakeFiles/talker.dir/build.make:63: CMakeFiles/talker.dir/src/talker.cpp.o] Error 1
[4.101s] make[1]: *** [CMakeFiles/Makefile2:107: CMakeFiles/talker.dir/all] Error 2
[4.101s] make: *** [Makefile:141: all] Error 2
[4.110s] Invoked command in '/home/judson35/lab1_ws/build/lab1_pkg' returned '2': CMAKE_PREFIX_PATH=/home/judson35/lab1_ws/install/lab1_pkg:/opt/ros/foxy:/opt/ros/noetic /usr/bin/cmake --build /home/judson35/lab1_ws/build/lab1_pkg -- -j8 -l8
