[0.033s] Invoking command in '/home/judson35/lab1_ws/build/lab1_pkg': CMAKE_PREFIX_PATH=/home/judson35/lab1_ws/install/lab1_pkg:/opt/ros/foxy:/opt/ros/noetic /usr/bin/cmake --build /home/judson35/lab1_ws/build/lab1_pkg -- -j8 -l8
[0.100s] [35m[1mScanning dependencies of target talker[0m
[0.135s] [ 50%] Built target relay
[0.144s] [ 75%] [32mBuilding CXX object CMakeFiles/talker.dir/src/talker.cpp.o[0m
[2.352s] [01m[K/home/judson35/lab1_ws/src/lab1_pkg/src/talker.cpp:108:29:[m[K [01;31m[Kerror: [m[Kâ€˜[01m[KParameterEventHandler[m[Kâ€™ is not a member of â€˜[01m[Krclcpp[m[Kâ€™; did you mean â€˜[01m[KParameterEventsQoS[m[Kâ€™?
[2.352s]   108 |     std::shared_ptr<rclcpp::[01;31m[KParameterEventHandler[m[K> param_subscriber_;
[2.352s]       |                             [01;31m[K^~~~~~~~~~~~~~~~~~~~~[m[K
[2.352s]       |                             [32m[KParameterEventsQoS[m[K
[2.352s] [01m[K/home/judson35/lab1_ws/src/lab1_pkg/src/talker.cpp:108:29:[m[K [01;31m[Kerror: [m[Kâ€˜[01m[KParameterEventHandler[m[Kâ€™ is not a member of â€˜[01m[Krclcpp[m[Kâ€™; did you mean â€˜[01m[KParameterEventsQoS[m[Kâ€™?
[2.352s]   108 |     std::shared_ptr<rclcpp::[01;31m[KParameterEventHandler[m[K> param_subscriber_;
[2.353s]       |                             [01;31m[K^~~~~~~~~~~~~~~~~~~~~[m[K
[2.353s]       |                             [32m[KParameterEventsQoS[m[K
[2.353s] [01m[K/home/judson35/lab1_ws/src/lab1_pkg/src/talker.cpp:108:50:[m[K [01;31m[Kerror: [m[Ktemplate argument 1 is invalid
[2.353s]   108 |     std::shared_ptr<rclcpp::ParameterEventHandler[01;31m[K>[m[K param_subscriber_;
[2.353s]       |                                                  [01;31m[K^[m[K
[2.353s] [01m[K/home/judson35/lab1_ws/src/lab1_pkg/src/talker.cpp:109:29:[m[K [01;31m[Kerror: [m[Kâ€˜[01m[KParameterCallbackHandle[m[Kâ€™ is not a member of â€˜[01m[Krclcpp[m[Kâ€™
[2.354s]   109 |     std::shared_ptr<rclcpp::[01;31m[KParameterCallbackHandle[m[K> speed_callback_handle_;
[2.354s]       |                             [01;31m[K^~~~~~~~~~~~~~~~~~~~~~~[m[K
[2.354s] [01m[K/home/judson35/lab1_ws/src/lab1_pkg/src/talker.cpp:109:29:[m[K [01;31m[Kerror: [m[Kâ€˜[01m[KParameterCallbackHandle[m[Kâ€™ is not a member of â€˜[01m[Krclcpp[m[Kâ€™
[2.354s] [01m[K/home/judson35/lab1_ws/src/lab1_pkg/src/talker.cpp:109:52:[m[K [01;31m[Kerror: [m[Ktemplate argument 1 is invalid
[2.354s]   109 |     std::shared_ptr<rclcpp::ParameterCallbackHandle[01;31m[K>[m[K speed_callback_handle_;
[2.354s]       |                                                    [01;31m[K^[m[K
[2.355s] [01m[K/home/judson35/lab1_ws/src/lab1_pkg/src/talker.cpp:110:29:[m[K [01;31m[Kerror: [m[Kâ€˜[01m[KParameterCallbackHandle[m[Kâ€™ is not a member of â€˜[01m[Krclcpp[m[Kâ€™
[2.355s]   110 |     std::shared_ptr<rclcpp::[01;31m[KParameterCallbackHandle[m[K> steering_angle_callback_handle_;
[2.355s]       |                             [01;31m[K^~~~~~~~~~~~~~~~~~~~~~~[m[K
[2.356s] [01m[K/home/judson35/lab1_ws/src/lab1_pkg/src/talker.cpp:110:29:[m[K [01;31m[Kerror: [m[Kâ€˜[01m[KParameterCallbackHandle[m[Kâ€™ is not a member of â€˜[01m[Krclcpp[m[Kâ€™
[2.357s] [01m[K/home/judson35/lab1_ws/src/lab1_pkg/src/talker.cpp:110:52:[m[K [01;31m[Kerror: [m[Ktemplate argument 1 is invalid
[2.357s]   110 |     std::shared_ptr<rclcpp::ParameterCallbackHandle[01;31m[K>[m[K steering_angle_callback_handle_;
[2.357s]       |                                                    [01;31m[K^[m[K
[2.373s] [01m[K/home/judson35/lab1_ws/src/lab1_pkg/src/talker.cpp:[m[K In constructor â€˜[01m[KTalker::Talker()[m[Kâ€™:
[2.374s] [01m[K/home/judson35/lab1_ws/src/lab1_pkg/src/talker.cpp:30:54:[m[K [01;31m[Kerror: [m[Kâ€˜[01m[KParameterEventHandler[m[Kâ€™ is not a member of â€˜[01m[Krclcpp[m[Kâ€™; did you mean â€˜[01m[KParameterEventsQoS[m[Kâ€™?
[2.374s]    30 |         param_subscriber_ = std::make_shared<rclcpp::[01;31m[KParameterEventHandler[m[K>(this);
[2.374s]       |                                                      [01;31m[K^~~~~~~~~~~~~~~~~~~~~[m[K
[2.374s]       |                                                      [32m[KParameterEventsQoS[m[K
[2.374s] [01m[K/home/judson35/lab1_ws/src/lab1_pkg/src/talker.cpp:30:54:[m[K [01;31m[Kerror: [m[Kâ€˜[01m[KParameterEventHandler[m[Kâ€™ is not a member of â€˜[01m[Krclcpp[m[Kâ€™; did you mean â€˜[01m[KParameterEventsQoS[m[Kâ€™?
[2.375s]    30 |         param_subscriber_ = std::make_shared<rclcpp::[01;31m[KParameterEventHandler[m[K>(this);
[2.375s]       |                                                      [01;31m[K^~~~~~~~~~~~~~~~~~~~~[m[K
[2.375s]       |                                                      [32m[KParameterEventsQoS[m[K
[2.375s] [01m[K/home/judson35/lab1_ws/src/lab1_pkg/src/talker.cpp:30:81:[m[K [01;31m[Kerror: [m[Kno matching function for call to â€˜[01m[Kmake_shared<<expression error> >(Talker*)[m[Kâ€™
[2.375s]    30 |         param_subscriber_ = std::make_shared<rclcpp::ParameterEventHandler>(this[01;31m[K)[m[K;
[2.375s]       |                                                                                 [01;31m[K^[m[K
[2.376s] In file included from [01m[K/usr/include/c++/9/memory:81[m[K,
[2.376s]                  from [01m[K/home/judson35/lab1_ws/src/lab1_pkg/src/talker.cpp:6[m[K:
[2.376s] [01m[K/usr/include/c++/9/bits/shared_ptr.h:714:5:[m[K [01;36m[Knote: [m[Kcandidate: â€˜[01m[Ktemplate<class _Tp, class ... _Args> std::shared_ptr<_Tp> std::make_shared(_Args&& ...)[m[Kâ€™
[2.376s]   714 |     [01;36m[Kmake_shared[m[K(_Args&&... __args)
[2.376s]       |     [01;36m[K^~~~~~~~~~~[m[K
[2.377s] [01m[K/usr/include/c++/9/bits/shared_ptr.h:714:5:[m[K [01;36m[Knote: [m[K  template argument deduction/substitution failed:
[2.377s] [01m[K/home/judson35/lab1_ws/src/lab1_pkg/src/talker.cpp:30:81:[m[K [01;31m[Kerror: [m[Ktemplate argument 1 is invalid
[2.377s]    30 |         param_subscriber_ = std::make_shared<rclcpp::ParameterEventHandler>(this[01;31m[K)[m[K;
[2.377s]       |                                                                                 [01;31m[K^[m[K
[2.377s] [01m[K/home/judson35/lab1_ws/src/lab1_pkg/src/talker.cpp:32:51:[m[K [01;31m[Kerror: [m[Kbase operand of â€˜[01m[K->[m[Kâ€™ is not a pointer
[2.377s]    32 |         speed_callback_handle_ = param_subscriber_[01;31m[K->[m[Kadd_parameter_callback("v", speed_callback);
[2.378s]       |                                                   [01;31m[K^~[m[K
[2.378s] [01m[K/home/judson35/lab1_ws/src/lab1_pkg/src/talker.cpp:33:60:[m[K [01;31m[Kerror: [m[Kbase operand of â€˜[01m[K->[m[Kâ€™ is not a pointer
[2.378s]    33 |         steering_angle_callback_handle_ = param_subscriber_[01;31m[K->[m[Kadd_parameter_callback("d", steering_angle_callback);
[2.378s]       |                                                            [01;31m[K^~[m[K
[3.810s] make[2]: *** [CMakeFiles/talker.dir/build.make:63: CMakeFiles/talker.dir/src/talker.cpp.o] Error 1
[3.811s] make[1]: *** [CMakeFiles/Makefile2:107: CMakeFiles/talker.dir/all] Error 2
[3.811s] make: *** [Makefile:141: all] Error 2
[3.814s] Invoked command in '/home/judson35/lab1_ws/build/lab1_pkg' returned '2': CMAKE_PREFIX_PATH=/home/judson35/lab1_ws/install/lab1_pkg:/opt/ros/foxy:/opt/ros/noetic /usr/bin/cmake --build /home/judson35/lab1_ws/build/lab1_pkg -- -j8 -l8
