[0.028s] Invoking command in '/home/judson35/lab1_ws/build/lab1_pkg': CMAKE_PREFIX_PATH=/home/judson35/lab1_ws/install/lab1_pkg:/opt/ros/foxy:/opt/ros/noetic /usr/bin/cmake --build /home/judson35/lab1_ws/build/lab1_pkg -- -j8 -l8
[0.100s] [35m[1mScanning dependencies of target talker[0m
[0.156s] [ 50%] [32mBuilding CXX object CMakeFiles/talker.dir/src/talker.cpp.o[0m
[2.469s] [01m[K/home/judson35/lab1_ws/src/lab1_pkg/src/talker.cpp:12:6:[m[K [01;31m[Kerror: [m[Kexpected identifier before â€˜[01m[Kchar[m[Kâ€™
[2.469s]    12 | enum [01;31m[Kchar[m[K{
[2.469s]       |      [01;31m[K^~~~[m[K
[2.469s] [01m[K/home/judson35/lab1_ws/src/lab1_pkg/src/talker.cpp:12:10:[m[K [01;31m[Kerror: [m[Kexpected unqualified-id before â€˜[01m[K{[m[Kâ€™ token
[2.469s]    12 | enum char[01;31m[K{[m[K
[2.469s]       |          [01;31m[K^[m[K
[2.516s] [01m[K/home/judson35/lab1_ws/src/lab1_pkg/src/talker.cpp:[m[K In member function â€˜[01m[Krcl_interfaces::msg::SetParametersResult Talker::parametersCallback(const std::vector<rclcpp::Parameter>&)[m[Kâ€™:
[2.516s] [01m[K/home/judson35/lab1_ws/src/lab1_pkg/src/talker.cpp:40:40:[m[K [01;31m[Kerror: [m[Kâ€˜[01m[Kconst class std::vector<rclcpp::Parameter>[m[Kâ€™ has no member named â€˜[01m[Klength[m[Kâ€™
[2.516s]    40 |         for (int i = 0; i < parameters.[01;31m[Klength[m[K(); i++) {
[2.516s]       |                                        [01;31m[K^~~~~~[m[K
[2.519s] [01m[K/home/judson35/lab1_ws/src/lab1_pkg/src/talker.cpp:44:35:[m[K [01;31m[Kerror: [m[Kâ€˜[01m[KSPEED[m[Kâ€™ was not declared in this scope
[2.519s]    44 |             if (parameter_name == [01;31m[KSPEED[m[K) {speed_ = value;}
[2.519s]       |                                   [01;31m[K^~~~~[m[K
[2.525s] [01m[K/home/judson35/lab1_ws/src/lab1_pkg/src/talker.cpp:45:40:[m[K [01;31m[Kerror: [m[Kâ€˜[01m[KSTEERING_ANGLE[m[Kâ€™ was not declared in this scope
[2.525s]    45 |             else if (parameter_name == [01;31m[KSTEERING_ANGLE[m[K) {steering_angle_ = value;}
[2.525s]       |                                        [01;31m[K^~~~~~~~~~~~~~[m[K
[4.056s] make[2]: *** [CMakeFiles/talker.dir/build.make:63: CMakeFiles/talker.dir/src/talker.cpp.o] Error 1
[4.056s] make[1]: *** [CMakeFiles/Makefile2:78: CMakeFiles/talker.dir/all] Error 2
[4.056s] make: *** [Makefile:141: all] Error 2
[4.060s] Invoked command in '/home/judson35/lab1_ws/build/lab1_pkg' returned '2': CMAKE_PREFIX_PATH=/home/judson35/lab1_ws/install/lab1_pkg:/opt/ros/foxy:/opt/ros/noetic /usr/bin/cmake --build /home/judson35/lab1_ws/build/lab1_pkg -- -j8 -l8
