[0.034s] Invoking command in '/home/judson35/lab1_ws/build/lab1_pkg': CMAKE_PREFIX_PATH=/home/judson35/lab1_ws/install/lab1_pkg:/opt/ros/foxy:/opt/ros/noetic /usr/bin/cmake --build /home/judson35/lab1_ws/build/lab1_pkg -- -j8 -l8
[0.099s] [35m[1mScanning dependencies of target talker[0m
[0.130s] [ 50%] Built target relay
[0.141s] [ 75%] [32mBuilding CXX object CMakeFiles/talker.dir/src/talker.cpp.o[0m
[2.385s] [01m[K/home/judson35/lab1_ws/src/lab1_pkg/src/talker.cpp:[m[K In constructor â€˜[01m[KTalker::Talker()[m[Kâ€™:
[2.385s] [01m[K/home/judson35/lab1_ws/src/lab1_pkg/src/talker.cpp:21:5:[m[K [01;31m[Kerror: [m[Kuninitialized const member in â€˜[01m[Kconst double[m[Kâ€™ [[01;31m[K-fpermissive[m[K]
[2.385s]    21 |     [01;31m[KTalker[m[K() : Node("talker_node") {
[2.385s]       |     [01;31m[K^~~~~~[m[K
[2.385s] [01m[K/home/judson35/lab1_ws/src/lab1_pkg/src/talker.cpp:72:18:[m[K [01;36m[Knote: [m[Kâ€˜[01m[Kconst double Talker::speed_[m[Kâ€™ should be initialized
[2.385s]    72 |     const double [01;36m[Kspeed_[m[K;
[2.385s]       |                  [01;36m[K^~~~~~[m[K
[2.386s] [01m[K/home/judson35/lab1_ws/src/lab1_pkg/src/talker.cpp:21:5:[m[K [01;31m[Kerror: [m[Kuninitialized const member in â€˜[01m[Kconst double[m[Kâ€™ [[01;31m[K-fpermissive[m[K]
[2.386s]    21 |     [01;31m[KTalker[m[K() : Node("talker_node") {
[2.386s]       |     [01;31m[K^~~~~~[m[K
[2.386s] [01m[K/home/judson35/lab1_ws/src/lab1_pkg/src/talker.cpp:73:18:[m[K [01;36m[Knote: [m[Kâ€˜[01m[Kconst double Talker::steering_angle_[m[Kâ€™ should be initialized
[2.386s]    73 |     const double [01;36m[Ksteering_angle_[m[K;
[2.386s]       |                  [01;36m[K^~~~~~~~~~~~~~~[m[K
[2.396s] [01m[K/home/judson35/lab1_ws/src/lab1_pkg/src/talker.cpp:29:16:[m[K [01;31m[Kerror: [m[Kassignment of read-only member â€˜[01m[KTalker::speed_[m[Kâ€™
[2.396s]    29 |         [01;31m[Kspeed_ = this->get_parameter("v").as_double()[m[K;
[2.396s]       |         [01;31m[K~~~~~~~^~~~~~~~~~~~~~~~~~~~~~~~~~~~~~~~~~~~~~[m[K
[2.396s] [01m[K/home/judson35/lab1_ws/src/lab1_pkg/src/talker.cpp:30:25:[m[K [01;31m[Kerror: [m[Kassignment of read-only member â€˜[01m[KTalker::steering_angle_[m[Kâ€™
[2.396s]    30 |         [01;31m[Ksteering_angle_ = this->get_parameter("d").as_double()[m[K;
[2.396s]       |         [01;31m[K~~~~~~~~~~~~~~~~^~~~~~~~~~~~~~~~~~~~~~~~~~~~~~~~~~~~~~[m[K
[2.419s] [01m[K/home/judson35/lab1_ws/src/lab1_pkg/src/talker.cpp:[m[K In member function â€˜[01m[Krcl_interfaces::msg::SetParametersResult Talker::parametersCallback(const std::vector<rclcpp::Parameter>&)[m[Kâ€™:
[2.419s] [01m[K/home/judson35/lab1_ws/src/lab1_pkg/src/talker.cpp:48:28:[m[K [01;31m[Kerror: [m[Kassignment of read-only member â€˜[01m[KTalker::speed_[m[Kâ€™
[2.420s]    48 |                     [01;31m[Kspeed_ = param.as_double()[m[K;
[2.420s]       |                     [01;31m[K~~~~~~~^~~~~~~~~~~~~~~~~~~[m[K
[2.420s] [01m[K/home/judson35/lab1_ws/src/lab1_pkg/src/talker.cpp:53:37:[m[K [01;31m[Kerror: [m[Kassignment of read-only member â€˜[01m[KTalker::steering_angle_[m[Kâ€™
[2.420s]    53 |                     [01;31m[Ksteering_angle_ = param.as_double()[m[K;
[2.420s]       |                     [01;31m[K~~~~~~~~~~~~~~~~^~~~~~~~~~~~~~~~~~~[m[K
[3.907s] make[2]: *** [CMakeFiles/talker.dir/build.make:63: CMakeFiles/talker.dir/src/talker.cpp.o] Error 1
[3.907s] make[1]: *** [CMakeFiles/Makefile2:107: CMakeFiles/talker.dir/all] Error 2
[3.907s] make: *** [Makefile:141: all] Error 2
[3.911s] Invoked command in '/home/judson35/lab1_ws/build/lab1_pkg' returned '2': CMAKE_PREFIX_PATH=/home/judson35/lab1_ws/install/lab1_pkg:/opt/ros/foxy:/opt/ros/noetic /usr/bin/cmake --build /home/judson35/lab1_ws/build/lab1_pkg -- -j8 -l8
