[0.024s] Invoking command in '/home/judson35/lab1_ws/build/lab1_pkg': CMAKE_PREFIX_PATH=/opt/ros/foxy:${CMAKE_PREFIX_PATH} /usr/bin/cmake --build /home/judson35/lab1_ws/build/lab1_pkg -- -j8 -l8
[0.096s] [35m[1mScanning dependencies of target talker[0m
[0.154s] [ 50%] [32mBuilding CXX object CMakeFiles/talker.dir/src/talker.cpp.o[0m
[2.373s] [01m[K/home/judson35/lab1_ws/src/lab1_pkg/src/talker.cpp:[m[K In constructor â€˜[01m[KTalker::Talker()[m[Kâ€™:
[2.373s] [01m[K/home/judson35/lab1_ws/src/lab1_pkg/src/talker.cpp:22:43:[m[K [01;31m[Kerror: [m[Kâ€˜[01m[Kclass rclcpp::Parameter[m[Kâ€™ has no member named â€˜[01m[Kas_float[m[Kâ€™
[2.373s]    22 |         speed_ = this->get_parameter("v").[01;31m[Kas_float[m[K();
[2.373s]       |                                           [01;31m[K^~~~~~~~[m[K
[2.374s] [01m[K/home/judson35/lab1_ws/src/lab1_pkg/src/talker.cpp:23:52:[m[K [01;31m[Kerror: [m[Kâ€˜[01m[Kclass rclcpp::Parameter[m[Kâ€™ has no member named â€˜[01m[Kas_float[m[Kâ€™
[2.374s]    23 |         steering_angle_ = this->get_parameter("d").[01;31m[Kas_float[m[K();
[2.374s]       |                                                    [01;31m[K^~~~~~~~[m[K
[2.394s] [01m[K/home/judson35/lab1_ws/src/lab1_pkg/src/talker.cpp:[m[K In member function â€˜[01m[Krcl_interfaces::msg::SetParametersResult Talker::parametersCallback(const std::vector<rclcpp::Parameter>&)[m[Kâ€™:
[2.395s] [01m[K/home/judson35/lab1_ws/src/lab1_pkg/src/talker.cpp:36:37:[m[K [01;31m[Kerror: [m[Kcannot convert â€˜[01m[Krclcpp::Parameter[m[Kâ€™ to â€˜[01m[Kfloat[m[Kâ€™ in assignment
[2.395s]    36 |         speed_ = [01;31m[Kthis->get_parameter("v")[m[K;
[2.395s]       |                  [01;31m[K~~~~~~~~~~~~~~~~~~~^~~~~[m[K
[2.395s]       |                                     [01;31m[K|[m[K
[2.395s]       |                                     [01;31m[Krclcpp::Parameter[m[K
[2.396s] [01m[K/home/judson35/lab1_ws/src/lab1_pkg/src/talker.cpp:37:46:[m[K [01;31m[Kerror: [m[Kcannot convert â€˜[01m[Krclcpp::Parameter[m[Kâ€™ to â€˜[01m[Kfloat[m[Kâ€™ in assignment
[2.396s]    37 |         steering_angle_ = [01;31m[Kthis->get_parameter("d")[m[K;
[2.396s]       |                           [01;31m[K~~~~~~~~~~~~~~~~~~~^~~~~[m[K
[2.396s]       |                                              [01;31m[K|[m[K
[2.397s]       |                                              [01;31m[Krclcpp::Parameter[m[K
[2.407s] [01m[K/home/judson35/lab1_ws/src/lab1_pkg/src/talker.cpp:45:5:[m[K [01;35m[Kwarning: [m[Kno return statement in function returning non-void [[01;35m[K-Wreturn-type[m[K]
[2.408s]    45 |     [01;35m[K}[m[K
[2.408s]       |     [01;35m[K^[m[K
[2.408s] [01m[K/home/judson35/lab1_ws/src/lab1_pkg/src/talker.cpp:30:103:[m[K [01;35m[Kwarning: [m[Kunused parameter â€˜[01m[Kparameters[m[Kâ€™ [[01;35m[K-Wunused-parameter[m[K]
[2.408s]    30 | sg::SetParametersResult parametersCallback([01;35m[Kconst std::vector<rclcpp::Parameter> &parameters[m[K) {
[2.409s]       |                                            [01;35m[K~~~~~~~~~~~~~~~~~~~~~~~~~~~~~~~~~~~~~~^~~~~~~~~~[m[K
[2.409s] 
[3.860s] make[2]: *** [CMakeFiles/talker.dir/build.make:63: CMakeFiles/talker.dir/src/talker.cpp.o] Error 1
[3.861s] make[1]: *** [CMakeFiles/Makefile2:78: CMakeFiles/talker.dir/all] Error 2
[3.861s] make: *** [Makefile:141: all] Error 2
[3.866s] Invoked command in '/home/judson35/lab1_ws/build/lab1_pkg' returned '2': CMAKE_PREFIX_PATH=/opt/ros/foxy:${CMAKE_PREFIX_PATH} /usr/bin/cmake --build /home/judson35/lab1_ws/build/lab1_pkg -- -j8 -l8
