[01m[K/home/judson35/lab1_ws/src/lab1_pkg/src/relay.cpp:30:24:[m[K [01;31m[Kerror: [m[Kâ€˜[01m[Ktutorial_interfaces[m[Kâ€™ was not declared in this scope; did you mean â€˜[01m[Krcl_interfaces[m[Kâ€™?
   30 |   rclcpp::Subscription<[01;31m[Ktutorial_interfaces[m[K::msg::Num>::SharedPtr subscription_;
      |                        [01;31m[K^~~~~~~~~~~~~~~~~~~[m[K
      |                        [32m[Krcl_interfaces[m[K
[01m[K/home/judson35/lab1_ws/src/lab1_pkg/src/relay.cpp:30:53:[m[K [01;31m[Kerror: [m[Ktemplate argument 1 is invalid
   30 | :Subscription<tutorial_interfaces::msg::Num[01;31m[K>[m[K::SharedPtr subscription_;
      |                                            [01;31m[K^[m[K

[01m[K/home/judson35/lab1_ws/src/lab1_pkg/src/relay.cpp:30:53:[m[K [01;31m[Kerror: [m[Ktemplate argument 3 is invalid
[01m[K/home/judson35/lab1_ws/src/lab1_pkg/src/relay.cpp:30:56:[m[K [01;31m[Kerror: [m[Kexpected â€˜[01m[K;[m[Kâ€™ at end of member declaration
   30 | bscription<tutorial_interfaces::msg::Num>::[01;31m[KSharedPtr[m[K subscription_;
      |                                            [01;31m[K^~~~~~~~~[m[K
      |                                                     [32m[K;[m[K
[01m[K/home/judson35/lab1_ws/src/lab1_pkg/src/relay.cpp:30:66:[m[K [01;31m[Kerror: [m[Kâ€˜[01m[Ksubscription_[m[Kâ€™ does not name a type; did you mean â€˜[01m[Krcl_subscription_t[m[Kâ€™?
   30 | tion<tutorial_interfaces::msg::Num>::SharedPtr [01;31m[Ksubscription_[m[K;
      |                                                [01;31m[K^~~~~~~~~~~~~[m[K
      |                                                [32m[Krcl_subscription_t[m[K
[01m[K/home/judson35/lab1_ws/src/lab1_pkg/src/relay.cpp:[m[K In constructor â€˜[01m[KRelay::Relay()[m[Kâ€™:
[01m[K/home/judson35/lab1_ws/src/lab1_pkg/src/relay.cpp:14:5:[m[K [01;31m[Kerror: [m[Kâ€˜[01m[Ksubscription_[m[Kâ€™ was not declared in this scope; did you mean â€˜[01m[Krcl_subscription_t[m[Kâ€™?
   14 |     [01;31m[Ksubscription_[m[K = this->create_subscription<ackermann_msgs::msg::AckermannDriveStamped>(
      |     [01;31m[K^~~~~~~~~~~~~[m[K
      |     [32m[Krcl_subscription_t[m[K
[01m[K/home/judson35/lab1_ws/src/lab1_pkg/src/relay.cpp:[m[K In member function â€˜[01m[Kvoid Relay::topic_callback(ackermann_msgs::msg::AckermannDriveStamped_<std::allocator<void> >::SharedPtr) const[m[Kâ€™:
[01m[K/home/judson35/lab1_ws/src/lab1_pkg/src/relay.cpp:24:41:[m[K [01;31m[Kerror: [m[Kâ€˜[01m[Kconst SharedPtr[m[Kâ€™ {aka â€˜[01m[Kconst class std::shared_ptr<ackermann_msgs::msg::AckermannDriveStamped_<std::allocator<void> > >[m[Kâ€™} has no member named â€˜[01m[Kdrive[m[Kâ€™
   24 |     relay_message.drive.speed = message.[01;31m[Kdrive[m[K->speed * 3;
      |                                         [01;31m[K^~~~~[m[K
[01m[K/home/judson35/lab1_ws/src/lab1_pkg/src/relay.cpp:25:50:[m[K [01;31m[Kerror: [m[Kâ€˜[01m[Kconst SharedPtr[m[Kâ€™ {aka â€˜[01m[Kconst class std::shared_ptr<ackermann_msgs::msg::AckermannDriveStamped_<std::allocator<void> > >[m[Kâ€™} has no member named â€˜[01m[Kdrive[m[Kâ€™
   25 | lay_message.drive.steering_angle = message.[01;31m[Kdrive[m[K->steering_angle * 3;
      |                                            [01;31m[K^~~~~[m[K

In file included from [01m[K/opt/ros/foxy/include/rclcpp/client.hpp:40[m[K,
                 from [01m[K/opt/ros/foxy/include/rclcpp/callback_group.hpp:23[m[K,
                 from [01m[K/opt/ros/foxy/include/rclcpp/any_executable.hpp:20[m[K,
                 from [01m[K/opt/ros/foxy/include/rclcpp/memory_strategy.hpp:24[m[K,
                 from [01m[K/opt/ros/foxy/include/rclcpp/memory_strategies.hpp:18[m[K,
                 from [01m[K/opt/ros/foxy/include/rclcpp/executor_options.hpp:20[m[K,
                 from [01m[K/opt/ros/foxy/include/rclcpp/executor.hpp:33[m[K,
                 from [01m[K/opt/ros/foxy/include/rclcpp/executors/multi_threaded_executor.hpp:26[m[K,
                 from [01m[K/opt/ros/foxy/include/rclcpp/executors.hpp:21[m[K,
                 from [01m[K/opt/ros/foxy/include/rclcpp/rclcpp.hpp:146[m[K,
                 from [01m[K/home/judson35/lab1_ws/src/lab1_pkg/src/relay.cpp:5[m[K:
[01m[K/home/judson35/lab1_ws/src/lab1_pkg/src/relay.cpp:28:109:[m[K [01;31m[Kerror: [m[Kbase operand of â€˜[01m[K->[m[Kâ€™ has non-pointer type â€˜[01m[Kackermann_msgs::msg::AckermannDriveStamped_<std::allocator<void> >::_drive_type[m[Kâ€™ {aka â€˜[01m[Kackermann_msgs::msg::AckermannDrive_<std::allocator<void> >[m[Kâ€™}
   28 | t Steering Angle: %d}", relay_message.drive[01;31m[K->[m[Kspeed, relay_message.drive->steering_angle);
      |                                            [01;31m[K^~[m[K

[01m[K/home/judson35/lab1_ws/src/lab1_pkg/src/relay.cpp:28:137:[m[K [01;31m[Kerror: [m[Kbase operand of â€˜[01m[K->[m[Kâ€™ has non-pointer type â€˜[01m[Kackermann_msgs::msg::AckermannDriveStamped_<std::allocator<void> >::_drive_type[m[Kâ€™ {aka â€˜[01m[Kackermann_msgs::msg::AckermannDrive_<std::allocator<void> >[m[Kâ€™}
   28 | y_message.drive->speed, relay_message.drive[01;31m[K->[m[Ksteering_angle);
      |                                            [01;31m[K^~[m[K

make[2]: *** [CMakeFiles/relay.dir/build.make:63: CMakeFiles/relay.dir/src/relay.cpp.o] Error 1
make[1]: *** [CMakeFiles/Makefile2:80: CMakeFiles/relay.dir/all] Error 2
make: *** [Makefile:141: all] Error 2
