[35m[1mScanning dependencies of target talker[0m
[ 50%] [32mBuilding CXX object CMakeFiles/talker.dir/src/talker.cpp.o[0m
[01m[K/home/judson35/lab1_ws/src/lab1_pkg/src/talker.cpp:13:13:[m[K [01;31m[Kerror: [m[Kenumerator value for â€˜[01m[KSPEED[m[Kâ€™ must have integral or unscoped enumeration type
   13 |     SPEED = [01;31m[K"v"[m[K,
      |             [01;31m[K^~~[m[K
[01m[K/home/judson35/lab1_ws/src/lab1_pkg/src/talker.cpp:14:22:[m[K [01;31m[Kerror: [m[Kenumerator value for â€˜[01m[KSTEERING_ANGLE[m[Kâ€™ must have integral or unscoped enumeration type
   14 |     STEERING_ANGLE = [01;31m[K"d"[m[K
      |                      [01;31m[K^~~[m[K
[01m[K/home/judson35/lab1_ws/src/lab1_pkg/src/talker.cpp:[m[K In member function â€˜[01m[Krcl_interfaces::msg::SetParametersResult Talker::parametersCallback(const std::vector<rclcpp::Parameter>&)[m[Kâ€™:
[01m[K/home/judson35/lab1_ws/src/lab1_pkg/src/talker.cpp:40:40:[m[K [01;31m[Kerror: [m[Kâ€˜[01m[Kconst class std::vector<rclcpp::Parameter>[m[Kâ€™ has no member named â€˜[01m[Klength[m[Kâ€™
   40 |         for (int i = 0; i < parameters.[01;31m[Klength[m[K(); i++) {
      |                                        [01;31m[K^~~~~~[m[K
[01m[K/home/judson35/lab1_ws/src/lab1_pkg/src/talker.cpp:41:13:[m[K [01;31m[Kerror: [m[Kâ€˜[01m[Kparameter_name[m[Kâ€™ was not declared in this scope; did you mean â€˜[01m[Kparameters[m[Kâ€™?
   41 |             [01;31m[Kparameter_name[m[K = parameters[i].get_name();
      |             [01;31m[K^~~~~~~~~~~~~~[m[K
      |             [32m[Kparameters[m[K
[01m[K/home/judson35/lab1_ws/src/lab1_pkg/src/talker.cpp:42:13:[m[K [01;31m[Kerror: [m[Kâ€˜[01m[Kvalue[m[Kâ€™ was not declared in this scope
   42 |             [01;31m[Kvalue[m[K = paramters[i].as_double();
      |             [01;31m[K^~~~~[m[K
[01m[K/home/judson35/lab1_ws/src/lab1_pkg/src/talker.cpp:42:21:[m[K [01;31m[Kerror: [m[Kâ€˜[01m[Kparamters[m[Kâ€™ was not declared in this scope; did you mean â€˜[01m[Kparameters[m[Kâ€™?
   42 |             value = [01;31m[Kparamters[m[K[i].as_double();
      |                     [01;31m[K^~~~~~~~~[m[K
      |                     [32m[Kparameters[m[K
make[2]: *** [CMakeFiles/talker.dir/build.make:63: CMakeFiles/talker.dir/src/talker.cpp.o] Error 1
make[1]: *** [CMakeFiles/Makefile2:78: CMakeFiles/talker.dir/all] Error 2
make: *** [Makefile:141: all] Error 2
