[0.031s] Invoking command in '/home/judson35/lab1_ws/build/lab1_pkg': CMAKE_PREFIX_PATH=/home/judson35/lab1_ws/install/lab1_pkg:/opt/ros/foxy:/opt/ros/noetic /usr/bin/cmake --build /home/judson35/lab1_ws/build/lab1_pkg -- -j8 -l8
[0.102s] [35m[1mScanning dependencies of target talker[0m
[0.145s] [ 50%] [32mBuilding CXX object CMakeFiles/talker.dir/src/talker.cpp.o[0m
[2.357s] [01m[K/home/judson35/lab1_ws/src/lab1_pkg/src/talker.cpp:13:13:[m[K [01;31m[Kerror: [m[Kenumerator value for â€˜[01m[KSPEED[m[Kâ€™ must have integral or unscoped enumeration type
[2.357s]    13 |     SPEED = [01;31m[K"v"[m[K,
[2.357s]       |             [01;31m[K^~~[m[K
[2.357s] [01m[K/home/judson35/lab1_ws/src/lab1_pkg/src/talker.cpp:14:22:[m[K [01;31m[Kerror: [m[Kenumerator value for â€˜[01m[KSTEERING_ANGLE[m[Kâ€™ must have integral or unscoped enumeration type
[2.358s]    14 |     STEERING_ANGLE = [01;31m[K"d"[m[K
[2.358s]       |                      [01;31m[K^~~[m[K
[2.401s] [01m[K/home/judson35/lab1_ws/src/lab1_pkg/src/talker.cpp:[m[K In member function â€˜[01m[Krcl_interfaces::msg::SetParametersResult Talker::parametersCallback(const std::vector<rclcpp::Parameter>&)[m[Kâ€™:
[2.401s] [01m[K/home/judson35/lab1_ws/src/lab1_pkg/src/talker.cpp:40:40:[m[K [01;31m[Kerror: [m[Kâ€˜[01m[Kconst class std::vector<rclcpp::Parameter>[m[Kâ€™ has no member named â€˜[01m[Klength[m[Kâ€™
[2.401s]    40 |         for (int i = 0; i < parameters.[01;31m[Klength[m[K(); i++) {
[2.401s]       |                                        [01;31m[K^~~~~~[m[K
[2.406s] [01m[K/home/judson35/lab1_ws/src/lab1_pkg/src/talker.cpp:41:13:[m[K [01;31m[Kerror: [m[Kâ€˜[01m[Kparameter_name[m[Kâ€™ was not declared in this scope; did you mean â€˜[01m[Kparameters[m[Kâ€™?
[2.407s]    41 |             [01;31m[Kparameter_name[m[K = parameters[i].get_name();
[2.407s]       |             [01;31m[K^~~~~~~~~~~~~~[m[K
[2.407s]       |             [32m[Kparameters[m[K
[2.410s] [01m[K/home/judson35/lab1_ws/src/lab1_pkg/src/talker.cpp:42:13:[m[K [01;31m[Kerror: [m[Kâ€˜[01m[Kvalue[m[Kâ€™ was not declared in this scope
[2.410s]    42 |             [01;31m[Kvalue[m[K = paramters[i].as_double();
[2.410s]       |             [01;31m[K^~~~~[m[K
[2.413s] [01m[K/home/judson35/lab1_ws/src/lab1_pkg/src/talker.cpp:42:21:[m[K [01;31m[Kerror: [m[Kâ€˜[01m[Kparamters[m[Kâ€™ was not declared in this scope; did you mean â€˜[01m[Kparameters[m[Kâ€™?
[2.413s]    42 |             value = [01;31m[Kparamters[m[K[i].as_double();
[2.413s]       |                     [01;31m[K^~~~~~~~~[m[K
[2.413s]       |                     [32m[Kparameters[m[K
[3.895s] make[2]: *** [CMakeFiles/talker.dir/build.make:63: CMakeFiles/talker.dir/src/talker.cpp.o] Error 1
[3.895s] make[1]: *** [CMakeFiles/Makefile2:78: CMakeFiles/talker.dir/all] Error 2
[3.895s] make: *** [Makefile:141: all] Error 2
[3.901s] Invoked command in '/home/judson35/lab1_ws/build/lab1_pkg' returned '2': CMAKE_PREFIX_PATH=/home/judson35/lab1_ws/install/lab1_pkg:/opt/ros/foxy:/opt/ros/noetic /usr/bin/cmake --build /home/judson35/lab1_ws/build/lab1_pkg -- -j8 -l8
