[01m[K/home/judson35/lab1_ws/src/lab1_pkg/src/talker.cpp:[m[K In member function â€˜[01m[Krcl_interfaces::msg::SetParametersResult Talker::parametersCallback(const std::vector<rclcpp::Parameter>&)[m[Kâ€™:
[01m[K/home/judson35/lab1_ws/src/lab1_pkg/src/talker.cpp:52:27:[m[K [01;31m[Kerror: [m[Kinvalid use of non-static member function â€˜[01m[Kconst char* std::type_info::name() const[m[Kâ€™
   52 |         [01;31m[Kstd::cout << "\n" << typeid(parameters[0].as_int()).name[m[K << std::endl;
      |         [01;31m[K~~~~~~~~~~~~~~~~~~^~~~~~~~~~~~~~~~~~~~~~~~~~~~~~~~~~~~~~[m[K
In file included from [01m[K/usr/include/c++/9/bits/exception_ptr.h:39[m[K,
                 from [01m[K/usr/include/c++/9/exception:143[m[K,
                 from [01m[K/usr/include/c++/9/new:40[m[K,
                 from [01m[K/usr/include/c++/9/functional:53[m[K,
                 from [01m[K/home/judson35/lab1_ws/src/lab1_pkg/src/talker.cpp:2[m[K:
[01m[K/usr/include/c++/9/typeinfo:99:17:[m[K [01;36m[Knote: [m[Kdeclared here
   99 |     const char* [01;36m[Kname[m[K() const _GLIBCXX_NOEXCEPT
      |                 [01;36m[K^~~~[m[K
make[2]: *** [CMakeFiles/talker.dir/build.make:63: CMakeFiles/talker.dir/src/talker.cpp.o] Error 1
make[1]: *** [CMakeFiles/Makefile2:107: CMakeFiles/talker.dir/all] Error 2
make: *** [Makefile:141: all] Error 2
