[0.031s] Invoking command in '/home/judson35/lab1_ws/build/lab1_pkg': CMAKE_PREFIX_PATH=/home/judson35/lab1_ws/install/lab1_pkg:/opt/ros/foxy:/opt/ros/noetic /usr/bin/cmake --build /home/judson35/lab1_ws/build/lab1_pkg -- -j8 -l8
[0.104s] [35m[1mScanning dependencies of target talker[0m
[0.167s] [ 50%] Built target relay
[0.172s] [ 75%] [32mBuilding CXX object CMakeFiles/talker.dir/src/talker.cpp.o[0m
[2.513s] [01m[K/home/judson35/lab1_ws/src/lab1_pkg/src/talker.cpp:[m[K In member function â€˜[01m[Krcl_interfaces::msg::SetParametersResult Talker::parametersCallback(const std::vector<rclcpp::Parameter>&)[m[Kâ€™:
[2.513s] [01m[K/home/judson35/lab1_ws/src/lab1_pkg/src/talker.cpp:52:27:[m[K [01;31m[Kerror: [m[Kinvalid use of non-static member function â€˜[01m[Kconst char* std::type_info::name() const[m[Kâ€™
[2.513s]    52 |         [01;31m[Kstd::cout << "\n" << typeid(parameters[0].as_int()).name[m[K << std::endl;
[2.513s]       |         [01;31m[K~~~~~~~~~~~~~~~~~~^~~~~~~~~~~~~~~~~~~~~~~~~~~~~~~~~~~~~~[m[K
[2.514s] In file included from [01m[K/usr/include/c++/9/bits/exception_ptr.h:39[m[K,
[2.514s]                  from [01m[K/usr/include/c++/9/exception:143[m[K,
[2.514s]                  from [01m[K/usr/include/c++/9/new:40[m[K,
[2.514s]                  from [01m[K/usr/include/c++/9/functional:53[m[K,
[2.514s]                  from [01m[K/home/judson35/lab1_ws/src/lab1_pkg/src/talker.cpp:2[m[K:
[2.515s] [01m[K/usr/include/c++/9/typeinfo:99:17:[m[K [01;36m[Knote: [m[Kdeclared here
[2.515s]    99 |     const char* [01;36m[Kname[m[K() const _GLIBCXX_NOEXCEPT
[2.515s]       |                 [01;36m[K^~~~[m[K
[4.068s] make[2]: *** [CMakeFiles/talker.dir/build.make:63: CMakeFiles/talker.dir/src/talker.cpp.o] Error 1
[4.068s] make[1]: *** [CMakeFiles/Makefile2:107: CMakeFiles/talker.dir/all] Error 2
[4.068s] make: *** [Makefile:141: all] Error 2
[4.071s] Invoked command in '/home/judson35/lab1_ws/build/lab1_pkg' returned '2': CMAKE_PREFIX_PATH=/home/judson35/lab1_ws/install/lab1_pkg:/opt/ros/foxy:/opt/ros/noetic /usr/bin/cmake --build /home/judson35/lab1_ws/build/lab1_pkg -- -j8 -l8
