[0.034s] Invoking command in '/home/judson35/lab1_ws/build/lab1_pkg': CMAKE_PREFIX_PATH=/home/judson35/lab1_ws/install/lab1_pkg:/opt/ros/foxy:/opt/ros/noetic /usr/bin/cmake --build /home/judson35/lab1_ws/build/lab1_pkg -- -j8 -l8
[0.102s] [35m[1mScanning dependencies of target talker[0m
[0.134s] [ 50%] Built target relay
[0.144s] [ 75%] [32mBuilding CXX object CMakeFiles/talker.dir/src/talker.cpp.o[0m
[2.422s] [01m[K/home/judson35/lab1_ws/src/lab1_pkg/src/talker.cpp:[m[K In member function â€˜[01m[Krcl_interfaces::msg::SetParametersResult Talker::parametersCallback(const std::vector<rclcpp::Parameter>&)[m[Kâ€™:
[2.422s] [01m[K/home/judson35/lab1_ws/src/lab1_pkg/src/talker.cpp:101:35:[m[K [01;31m[Kerror: [m[Kbase operand of â€˜[01m[K->[m[Kâ€™ has non-pointer type â€˜[01m[Kconst rclcpp::Parameter[m[Kâ€™
[2.423s]   101 |                     speed_ = param[01;31m[K->[m[Kget_parameter("v").as_double();
[2.423s]       |                                   [01;31m[K^~[m[K
[2.423s] [01m[K/home/judson35/lab1_ws/src/lab1_pkg/src/talker.cpp:107:50:[m[K [01;31m[Kerror: [m[Kbase operand of â€˜[01m[K->[m[Kâ€™ has non-pointer type â€˜[01m[Kconst rclcpp::Parameter[m[Kâ€™
[2.423s]   107 |                     this->steering_angle_ = param[01;31m[K->[m[Kget_parameter("d").as_double();
[2.424s]       |                                                  [01;31m[K^~[m[K
[4.010s] make[2]: *** [CMakeFiles/talker.dir/build.make:63: CMakeFiles/talker.dir/src/talker.cpp.o] Error 1
[4.011s] make[1]: *** [CMakeFiles/Makefile2:107: CMakeFiles/talker.dir/all] Error 2
[4.011s] make: *** [Makefile:141: all] Error 2
[4.014s] Invoked command in '/home/judson35/lab1_ws/build/lab1_pkg' returned '2': CMAKE_PREFIX_PATH=/home/judson35/lab1_ws/install/lab1_pkg:/opt/ros/foxy:/opt/ros/noetic /usr/bin/cmake --build /home/judson35/lab1_ws/build/lab1_pkg -- -j8 -l8
