[0.035s] Invoking command in '/home/judson35/lab1_ws/build/lab1_pkg': CMAKE_PREFIX_PATH=/home/judson35/lab1_ws/install/lab1_pkg:/opt/ros/foxy:/opt/ros/noetic /usr/bin/cmake --build /home/judson35/lab1_ws/build/lab1_pkg -- -j8 -l8
[0.101s] [35m[1mScanning dependencies of target talker[0m
[0.148s] [ 50%] Built target relay
[0.184s] [ 75%] [32mBuilding CXX object CMakeFiles/talker.dir/src/talker.cpp.o[0m
[2.617s] [01m[K/home/judson35/lab1_ws/src/lab1_pkg/src/talker.cpp:[m[K In constructor â€˜[01m[KTalker::Talker()[m[Kâ€™:
[2.617s] [01m[K/home/judson35/lab1_ws/src/lab1_pkg/src/talker.cpp:41:100:[m[K [01;31m[Kerror: [m[Kâ€˜[01m[K_1[m[Kâ€™ was not declared in this scope; did you mean â€˜[01m[Kstd::placeholders::_1[m[Kâ€™?
[2.617s]    41 |                                 "drive_relay", 10, std::bind(&Talker::subscription_callback, this, [01;31m[K_1[m[K));
[2.617s]       |                                                                                                    [01;31m[K^~[m[K
[2.617s]       |                                                                                                    [32m[Kstd::placeholders::_1[m[K
[2.617s] In file included from [01m[K/home/judson35/lab1_ws/src/lab1_pkg/src/talker.cpp:2[m[K:
[2.617s] [01m[K/usr/include/c++/9/functional:211:34:[m[K [01;36m[Knote: [m[Kâ€˜[01m[Kstd::placeholders::_1[m[Kâ€™ declared here
[2.617s]   211 |     extern const _Placeholder<1> [01;36m[K_1[m[K;
[2.618s]       |                                  [01;36m[K^~[m[K
[4.310s] make[2]: *** [CMakeFiles/talker.dir/build.make:63: CMakeFiles/talker.dir/src/talker.cpp.o] Error 1
[4.310s] make[1]: *** [CMakeFiles/Makefile2:107: CMakeFiles/talker.dir/all] Error 2
[4.310s] make: *** [Makefile:141: all] Error 2
[4.314s] Invoked command in '/home/judson35/lab1_ws/build/lab1_pkg' returned '2': CMAKE_PREFIX_PATH=/home/judson35/lab1_ws/install/lab1_pkg:/opt/ros/foxy:/opt/ros/noetic /usr/bin/cmake --build /home/judson35/lab1_ws/build/lab1_pkg -- -j8 -l8
