[0.032s] Invoking command in '/home/judson35/lab1_ws/build/lab1_pkg': CMAKE_PREFIX_PATH=/home/judson35/lab1_ws/install/lab1_pkg:/opt/ros/foxy:/opt/ros/noetic /usr/bin/cmake --build /home/judson35/lab1_ws/build/lab1_pkg -- -j8 -l8
[0.073s] -- Found ament_cmake: 0.9.12 (/opt/ros/foxy/share/ament_cmake/cmake)
[0.115s] -- Using PYTHON_EXECUTABLE: /usr/bin/python3
[0.551s] -- Found ackermann_msgs: 2.0.2 (/opt/ros/foxy/share/ackermann_msgs/cmake)
[0.589s] -- Using all available rosidl_typesupport_c: rosidl_typesupport_fastrtps_c;rosidl_typesupport_introspection_c
[0.594s] -- Found rosidl_adapter: 1.3.1 (/opt/ros/foxy/share/rosidl_adapter/cmake)
[0.809s] -- Using all available rosidl_typesupport_cpp: rosidl_typesupport_fastrtps_cpp;rosidl_typesupport_introspection_cpp
[0.970s] -- Found rclcpp: 2.4.3 (/opt/ros/foxy/share/rclcpp/cmake)
[1.034s] -- Found rmw_implementation_cmake: 1.0.4 (/opt/ros/foxy/share/rmw_implementation_cmake/cmake)
[1.036s] -- Using RMW implementation 'rmw_fastrtps_cpp' as default
[1.264s] -- Found rclpy: 1.0.13 (/opt/ros/foxy/share/rclpy/cmake)
[1.268s] -- Found ament_lint_auto: 0.9.8 (/opt/ros/foxy/share/ament_lint_auto/cmake)
[1.383s] -- Added test 'copyright' to check source files copyright and LICENSE
[1.385s] -- Added test 'cppcheck' to perform static code analysis on C / C++ code
[1.385s] -- Configured cppcheck include dirs: 
[1.385s] -- Configured cppcheck exclude dirs and/or files: 
[1.386s] -- Added test 'cpplint' to check C / C++ code against the Google style
[1.386s] -- Configured cpplint exclude dirs and/or files: 
[1.387s] -- Added test 'flake8' to check Python code syntax and style conventions
[1.387s] -- Added test 'lint_cmake' to check CMake code style
[1.388s] -- Added test 'pep257' to check Python code against some of the style conventions in PEP 257
[1.389s] -- Added test 'uncrustify' to check C / C++ code style
[1.389s] -- Configured uncrustify additional arguments: 
[1.390s] -- Added test 'xmllint' to check XML markup files
[1.393s] -- Configuring done
[1.414s] -- Generating done
[1.416s] -- Build files have been written to: /home/judson35/lab1_ws/build/lab1_pkg
[1.454s] [35m[1mScanning dependencies of target relay[0m
[1.456s] [35m[1mScanning dependencies of target talker[0m
[1.510s] [ 25%] [32mBuilding CXX object CMakeFiles/talker.dir/src/talker.cpp.o[0m
[1.530s] [ 50%] [32mBuilding CXX object CMakeFiles/relay.dir/src/relay.cpp.o[0m
[1.728s] [01m[K/home/judson35/lab1_ws/src/lab1_pkg/src/relay.cpp:6:10:[m[K [01;31m[Kfatal error: [m[Ktutorial_interfaces/msg/num.hpp: No such file or directory
[1.728s]     6 | #include [01;31m[K"tutorial_interfaces/msg/num.hpp"[m[K
[1.729s]       |          [01;31m[K^~~~~~~~~~~~~~~~~~~~~~~~~~~~~~~~~[m[K
[1.729s] compilation terminated.
[1.731s] make[2]: *** [CMakeFiles/relay.dir/build.make:63: CMakeFiles/relay.dir/src/relay.cpp.o] Error 1
[1.732s] make[1]: *** [CMakeFiles/Makefile2:80: CMakeFiles/relay.dir/all] Error 2
[1.732s] make[1]: *** Waiting for unfinished jobs....
[6.233s] [ 75%] [32m[1mLinking CXX executable talker[0m
[6.497s] [ 75%] Built target talker
[6.499s] make: *** [Makefile:141: all] Error 2
[6.502s] Invoked command in '/home/judson35/lab1_ws/build/lab1_pkg' returned '2': CMAKE_PREFIX_PATH=/home/judson35/lab1_ws/install/lab1_pkg:/opt/ros/foxy:/opt/ros/noetic /usr/bin/cmake --build /home/judson35/lab1_ws/build/lab1_pkg -- -j8 -l8
