[01m[K/home/judson35/lab1_ws/src/lab1_pkg/src/talker.cpp:72:5:[m[K [01;31m[Kerror: [m[Knon-static data member declared with placeholder â€˜[01m[Kauto[m[Kâ€™
   72 |     [01;31m[Kauto[m[K speed_;
      |     [01;31m[K^~~~[m[K
[01m[K/home/judson35/lab1_ws/src/lab1_pkg/src/talker.cpp:73:5:[m[K [01;31m[Kerror: [m[Knon-static data member declared with placeholder â€˜[01m[Kauto[m[Kâ€™
   73 |     [01;31m[Kauto[m[K steering_angle_;
      |     [01;31m[K^~~~[m[K
make[2]: *** [CMakeFiles/talker.dir/build.make:63: CMakeFiles/talker.dir/src/talker.cpp.o] Error 1
make[1]: *** [CMakeFiles/Makefile2:107: CMakeFiles/talker.dir/all] Error 2
make: *** [Makefile:141: all] Error 2
