[0.029s] Invoking command in '/home/judson35/lab1_ws/build/lab1_pkg': CMAKE_PREFIX_PATH=/home/judson35/lab1_ws/install/lab1_pkg:/opt/ros/foxy:/opt/ros/noetic /usr/bin/cmake --build /home/judson35/lab1_ws/build/lab1_pkg -- -j8 -l8
[0.096s] [35m[1mScanning dependencies of target talker[0m
[0.136s] [ 50%] Built target relay
[0.139s] [ 75%] [32mBuilding CXX object CMakeFiles/talker.dir/src/talker.cpp.o[0m
[2.371s] [01m[K/home/judson35/lab1_ws/src/lab1_pkg/src/talker.cpp:72:5:[m[K [01;31m[Kerror: [m[Knon-static data member declared with placeholder â€˜[01m[Kauto[m[Kâ€™
[2.371s]    72 |     [01;31m[Kauto[m[K speed_;
[2.371s]       |     [01;31m[K^~~~[m[K
[2.371s] [01m[K/home/judson35/lab1_ws/src/lab1_pkg/src/talker.cpp:73:5:[m[K [01;31m[Kerror: [m[Knon-static data member declared with placeholder â€˜[01m[Kauto[m[Kâ€™
[2.371s]    73 |     [01;31m[Kauto[m[K steering_angle_;
[2.372s]       |     [01;31m[K^~~~[m[K
[3.882s] make[2]: *** [CMakeFiles/talker.dir/build.make:63: CMakeFiles/talker.dir/src/talker.cpp.o] Error 1
[3.883s] make[1]: *** [CMakeFiles/Makefile2:107: CMakeFiles/talker.dir/all] Error 2
[3.883s] make: *** [Makefile:141: all] Error 2
[3.886s] Invoked command in '/home/judson35/lab1_ws/build/lab1_pkg' returned '2': CMAKE_PREFIX_PATH=/home/judson35/lab1_ws/install/lab1_pkg:/opt/ros/foxy:/opt/ros/noetic /usr/bin/cmake --build /home/judson35/lab1_ws/build/lab1_pkg -- -j8 -l8
