[0.023s] Invoking command in '/home/judson35/lab1_ws/build/lab1_pkg': CMAKE_PREFIX_PATH=/opt/ros/foxy:${CMAKE_PREFIX_PATH} /usr/bin/cmake /home/judson35/lab1_ws/src/lab1_pkg -DCMAKE_INSTALL_PREFIX=/home/judson35/lab1_ws/install/lab1_pkg
[0.051s] -- Found ament_cmake: 0.9.12 (/opt/ros/foxy/share/ament_cmake/cmake)
[0.094s] -- Using PYTHON_EXECUTABLE: /usr/bin/python3
[0.511s] -- Found ackermann_msgs: 2.0.2 (/opt/ros/foxy/share/ackermann_msgs/cmake)
[0.550s] -- Using all available rosidl_typesupport_c: rosidl_typesupport_fastrtps_c;rosidl_typesupport_introspection_c
[0.556s] -- Found rosidl_adapter: 1.3.1 (/opt/ros/foxy/share/rosidl_adapter/cmake)
[0.767s] -- Using all available rosidl_typesupport_cpp: rosidl_typesupport_fastrtps_cpp;rosidl_typesupport_introspection_cpp
[0.913s] -- Found rclcpp: 2.4.3 (/opt/ros/foxy/share/rclcpp/cmake)
[0.976s] -- Found rmw_implementation_cmake: 1.0.4 (/opt/ros/foxy/share/rmw_implementation_cmake/cmake)
[0.978s] -- Using RMW implementation 'rmw_fastrtps_cpp' as default
[1.209s] -- Found rclpy: 1.0.13 (/opt/ros/foxy/share/rclpy/cmake)
[1.212s] -- Found ament_lint_auto: 0.9.8 (/opt/ros/foxy/share/ament_lint_auto/cmake)
[1.327s] -- Added test 'copyright' to check source files copyright and LICENSE
[1.328s] -- Added test 'cppcheck' to perform static code analysis on C / C++ code
[1.328s] -- Configured cppcheck include dirs: 
[1.328s] -- Configured cppcheck exclude dirs and/or files: 
[1.329s] -- Added test 'cpplint' to check C / C++ code against the Google style
[1.329s] -- Configured cpplint exclude dirs and/or files: 
[1.330s] -- Added test 'flake8' to check Python code syntax and style conventions
[1.331s] -- Added test 'lint_cmake' to check CMake code style
[1.331s] -- Added test 'pep257' to check Python code against some of the style conventions in PEP 257
[1.332s] -- Added test 'uncrustify' to check C / C++ code style
[1.332s] -- Configured uncrustify additional arguments: 
[1.333s] -- Added test 'xmllint' to check XML markup files
[1.336s] -- Configuring done
[1.349s] -- Generating done
[1.351s] -- Build files have been written to: /home/judson35/lab1_ws/build/lab1_pkg
[1.359s] Invoked command in '/home/judson35/lab1_ws/build/lab1_pkg' returned '0': CMAKE_PREFIX_PATH=/opt/ros/foxy:${CMAKE_PREFIX_PATH} /usr/bin/cmake /home/judson35/lab1_ws/src/lab1_pkg -DCMAKE_INSTALL_PREFIX=/home/judson35/lab1_ws/install/lab1_pkg
[1.363s] Invoking command in '/home/judson35/lab1_ws/build/lab1_pkg': CMAKE_PREFIX_PATH=/opt/ros/foxy:${CMAKE_PREFIX_PATH} /usr/bin/cmake --build /home/judson35/lab1_ws/build/lab1_pkg -- -j8 -l8
[1.426s] [35m[1mScanning dependencies of target talker[0m
[1.537s] [ 50%] [32mBuilding CXX object CMakeFiles/talker.dir/src/talker.cpp.o[0m
[3.654s] [01m[K/home/judson35/lab1_ws/src/lab1_pkg/src/talker.cpp:[m[K In constructor â€˜[01m[KTalker::Talker()[m[Kâ€™:
[3.654s] [01m[K/home/judson35/lab1_ws/src/lab1_pkg/src/talker.cpp:22:43:[m[K [01;31m[Kerror: [m[Kâ€˜[01m[Kclass rclcpp::Parameter[m[Kâ€™ has no member named â€˜[01m[Kas_float32[m[Kâ€™
[3.654s]    22 |         speed_ = this->get_parameter("v").[01;31m[Kas_float32[m[K();
[3.654s]       |                                           [01;31m[K^~~~~~~~~~[m[K
[3.654s] [01m[K/home/judson35/lab1_ws/src/lab1_pkg/src/talker.cpp:23:52:[m[K [01;31m[Kerror: [m[Kâ€˜[01m[Kclass rclcpp::Parameter[m[Kâ€™ has no member named â€˜[01m[Kas_float32[m[Kâ€™
[3.654s]    23 |         steering_angle_ = this->get_parameter("d").[01;31m[Kas_float32[m[K();
[3.655s]       |                                                    [01;31m[K^~~~~~~~~~[m[K
[3.662s] [01m[K/home/judson35/lab1_ws/src/lab1_pkg/src/talker.cpp:27:9:[m[K [01;31m[Kerror: [m[Kâ€˜[01m[Kcallback_handle_[m[Kâ€™ was not declared in this scope
[3.662s]    27 |         [01;31m[Kcallback_handle_[m[K = this->add_on_set_parameters_callback(std::bind(&Talker::parameterCallback, this, _1));
[3.662s]       |         [01;31m[K^~~~~~~~~~~~~~~~[m[K
[3.662s] [01m[K/home/judson35/lab1_ws/src/lab1_pkg/src/talker.cpp:27:84:[m[K [01;31m[Kerror: [m[Kâ€˜[01m[KparameterCallback[m[Kâ€™ is not a member of â€˜[01m[KTalker[m[Kâ€™
[3.663s]    27 |  callback_handle_ = this->add_on_set_parameters_callback(std::bind(&Talker::[01;31m[KparameterCallback[m[K, this, _1));
[3.663s]       |                                                                             [01;31m[K^~~~~~~~~~~~~~~~~[m[K
[3.663s] 
[3.663s] [01m[K/home/judson35/lab1_ws/src/lab1_pkg/src/talker.cpp:27:109:[m[K [01;31m[Kerror: [m[Kâ€˜[01m[K_1[m[Kâ€™ was not declared in this scope; did you mean â€˜[01m[Kstd::placeholders::_1[m[Kâ€™?
[3.663s]    27 | >add_on_set_parameters_callback(std::bind(&Talker::parameterCallback, this, [01;31m[K_1[m[K));
[3.663s]       |                                                                             [01;31m[K^~[m[K
[3.663s]       |                                                                             [32m[Kstd::placeholders::_1[m[K
[3.664s] In file included from [01m[K/home/judson35/lab1_ws/src/lab1_pkg/src/talker.cpp:2[m[K:
[3.664s] [01m[K/usr/include/c++/9/functional:211:34:[m[K [01;36m[Knote: [m[Kâ€˜[01m[Kstd::placeholders::_1[m[Kâ€™ declared here
[3.664s]   211 |     extern const _Placeholder<1> [01;36m[K_1[m[K;
[3.664s]       |                                  [01;36m[K^~[m[K
[3.664s] [01m[K/home/judson35/lab1_ws/src/lab1_pkg/src/talker.cpp:[m[K In member function â€˜[01m[Krcl_interfaces::msg::SetParametersResult Talker::parametersCallback(const std::vector<rclcpp::Parameter>&)[m[Kâ€™:
[3.664s] [01m[K/home/judson35/lab1_ws/src/lab1_pkg/src/talker.cpp:32:50:[m[K [01;31m[Kerror: [m[Kexpected unqualified-id before â€˜[01m[K=[m[Kâ€™ token
[3.664s]    32 |         rcl_interfaces::msg::SetParametersResult [01;31m[K=[m[K result;
[3.664s]       |                                                  [01;31m[K^[m[K
[3.666s] [01m[K/home/judson35/lab1_ws/src/lab1_pkg/src/talker.cpp:34:9:[m[K [01;31m[Kerror: [m[Kâ€˜[01m[Kresult[m[Kâ€™ was not declared in this scope
[3.666s]    34 |         [01;31m[Kresult[m[K.successful = true;
[3.666s]       |         [01;31m[K^~~~~~[m[K
[3.666s] [01m[K/home/judson35/lab1_ws/src/lab1_pkg/src/talker.cpp:36:37:[m[K [01;31m[Kerror: [m[Kcannot convert â€˜[01m[Krclcpp::Parameter[m[Kâ€™ to â€˜[01m[Kfloat[m[Kâ€™ in assignment
[3.666s]    36 |         speed_ = [01;31m[Kthis->get_parameter("v")[m[K;
[3.666s]       |                  [01;31m[K~~~~~~~~~~~~~~~~~~~^~~~~[m[K
[3.667s]       |                                     [01;31m[K|[m[K
[3.667s]       |                                     [01;31m[Krclcpp::Parameter[m[K
[3.667s] [01m[K/home/judson35/lab1_ws/src/lab1_pkg/src/talker.cpp:37:46:[m[K [01;31m[Kerror: [m[Kcannot convert â€˜[01m[Krclcpp::Parameter[m[Kâ€™ to â€˜[01m[Kfloat[m[Kâ€™ in assignment
[3.667s]    37 |         steering_angle_ = [01;31m[Kthis->get_parameter("d")[m[K;
[3.667s]       |                           [01;31m[K~~~~~~~~~~~~~~~~~~~^~~~~[m[K
[3.667s]       |                                              [01;31m[K|[m[K
[3.667s]       |                                              [01;31m[Krclcpp::Parameter[m[K
[3.667s] [01m[K/home/judson35/lab1_ws/src/lab1_pkg/src/talker.cpp:40:17:[m[K [01;31m[Kerror: [m[Kâ€˜[01m[Kstruct ackermann_msgs::msg::AckermannDriveStamped_<std::allocator<void> >[m[Kâ€™ has no member named â€˜[01m[Kspeed[m[Kâ€™
[3.667s]    40 |         message.[01;31m[Kspeed[m[K = speed_;
[3.668s]       |                 [01;31m[K^~~~~[m[K
[3.668s] [01m[K/home/judson35/lab1_ws/src/lab1_pkg/src/talker.cpp:41:17:[m[K [01;31m[Kerror: [m[Kâ€˜[01m[Kstruct ackermann_msgs::msg::AckermannDriveStamped_<std::allocator<void> >[m[Kâ€™ has no member named â€˜[01m[Ksteering_angle_[m[Kâ€™
[3.668s]    41 |         message.[01;31m[Ksteering_angle_[m[K = steergin_angle_;
[3.668s]       |                 [01;31m[K^~~~~~~~~~~~~~~[m[K
[3.668s] [01m[K/home/judson35/lab1_ws/src/lab1_pkg/src/talker.cpp:41:35:[m[K [01;31m[Kerror: [m[Kâ€˜[01m[Ksteergin_angle_[m[Kâ€™ was not declared in this scope; did you mean â€˜[01m[Ksteering_angle_[m[Kâ€™?
[3.669s]    41 |         message.steering_angle_ = [01;31m[Ksteergin_angle_[m[K;
[3.669s]       |                                   [01;31m[K^~~~~~~~~~~~~~~[m[K
[3.669s]       |                                   [32m[Ksteering_angle_[m[K
[3.680s] [01m[K/home/judson35/lab1_ws/src/lab1_pkg/src/talker.cpp:45:5:[m[K [01;35m[Kwarning: [m[Kno return statement in function returning non-void [[01;35m[K-Wreturn-type[m[K]
[3.681s]    45 |     [01;35m[K}[m[K
[3.681s]       |     [01;35m[K^[m[K
[3.681s] [01m[K/home/judson35/lab1_ws/src/lab1_pkg/src/talker.cpp:30:103:[m[K [01;35m[Kwarning: [m[Kunused parameter â€˜[01m[Kparameters[m[Kâ€™ [[01;35m[K-Wunused-parameter[m[K]
[3.681s]    30 | sg::SetParametersResult parametersCallback([01;35m[Kconst std::vector<rclcpp::Parameter> &parameters[m[K) {
[3.681s]       |                                            [01;35m[K~~~~~~~~~~~~~~~~~~~~~~~~~~~~~~~~~~~~~~^~~~~~~~~~[m[K
[3.681s] 
[3.684s] [01m[K/home/judson35/lab1_ws/src/lab1_pkg/src/talker.cpp:[m[K In function â€˜[01m[Kint main(int, char**)[m[Kâ€™:
[3.684s] [01m[K/home/judson35/lab1_ws/src/lab1_pkg/src/talker.cpp:56:35:[m[K [01;31m[Kerror: [m[Kâ€˜[01m[KMinimalParam[m[Kâ€™ was not declared in this scope
[3.684s]    56 |     rclcpp::spin(std::make_shared<[01;31m[KMinimalParam[m[K>());
[3.684s]       |                                   [01;31m[K^~~~~~~~~~~~[m[K
[3.684s] [01m[K/home/judson35/lab1_ws/src/lab1_pkg/src/talker.cpp:56:49:[m[K [01;31m[Kerror: [m[Kno matching function for call to â€˜[01m[Kmake_shared<<expression error> >()[m[Kâ€™
[3.685s]    56 |     rclcpp::spin(std::make_shared<MinimalParam>([01;31m[K)[m[K);
[3.685s]       |                                                 [01;31m[K^[m[K
[3.685s] In file included from [01m[K/usr/include/c++/9/memory:81[m[K,
[3.685s]                  from [01m[K/opt/ros/foxy/include/rclcpp/rclcpp.hpp:144[m[K,
[3.685s]                  from [01m[K/home/judson35/lab1_ws/src/lab1_pkg/src/talker.cpp:5[m[K:
[3.685s] [01m[K/usr/include/c++/9/bits/shared_ptr.h:714:5:[m[K [01;36m[Knote: [m[Kcandidate: â€˜[01m[Ktemplate<class _Tp, class ... _Args> std::shared_ptr<_Tp> std::make_shared(_Args&& ...)[m[Kâ€™
[3.685s]   714 |     [01;36m[Kmake_shared[m[K(_Args&&... __args)
[3.685s]       |     [01;36m[K^~~~~~~~~~~[m[K
[3.685s] [01m[K/usr/include/c++/9/bits/shared_ptr.h:714:5:[m[K [01;36m[Knote: [m[K  template argument deduction/substitution failed:
[3.686s] [01m[K/home/judson35/lab1_ws/src/lab1_pkg/src/talker.cpp:56:49:[m[K [01;31m[Kerror: [m[Ktemplate argument 1 is invalid
[3.686s]    56 |     rclcpp::spin(std::make_shared<MinimalParam>([01;31m[K)[m[K);
[3.686s]       |                                                 [01;31m[K^[m[K
[4.622s] make[2]: *** [CMakeFiles/talker.dir/build.make:63: CMakeFiles/talker.dir/src/talker.cpp.o] Error 1
[4.622s] make[1]: *** [CMakeFiles/Makefile2:78: CMakeFiles/talker.dir/all] Error 2
[4.623s] make: *** [Makefile:141: all] Error 2
[4.626s] Invoked command in '/home/judson35/lab1_ws/build/lab1_pkg' returned '2': CMAKE_PREFIX_PATH=/opt/ros/foxy:${CMAKE_PREFIX_PATH} /usr/bin/cmake --build /home/judson35/lab1_ws/build/lab1_pkg -- -j8 -l8
