[0.031s] Invoking command in '/home/judson35/lab1_ws/build/lab1_pkg': CMAKE_PREFIX_PATH=/home/judson35/lab1_ws/install/lab1_pkg:/opt/ros/foxy:/opt/ros/noetic /usr/bin/cmake --build /home/judson35/lab1_ws/build/lab1_pkg -- -j8 -l8
[0.104s] [35m[1mScanning dependencies of target talker[0m
[0.151s] [ 50%] Built target relay
[0.168s] [ 75%] [32mBuilding CXX object CMakeFiles/talker.dir/src/talker.cpp.o[0m
[2.492s] [01m[K/home/judson35/lab1_ws/src/lab1_pkg/src/talker.cpp:[m[K In constructor â€˜[01m[KTalker::Talker()[m[Kâ€™:
[2.492s] [01m[K/home/judson35/lab1_ws/src/lab1_pkg/src/talker.cpp:40:17:[m[K [01;31m[Kerror: [m[Kâ€˜[01m[Ksubscriber[m[Kâ€™ was not declared in this scope
[2.493s]    40 |                 [01;31m[Ksubscriber[m[K = this->create_subscription<ackermann_msgs::msg::AckermannDriveStamped>(
[2.493s]       |                 [01;31m[K^~~~~~~~~~[m[K
[2.493s] [01m[K/home/judson35/lab1_ws/src/lab1_pkg/src/talker.cpp:41:62:[m[K [01;31m[Kerror: [m[Kexpected primary-expression before â€˜[01m[Kvoid[m[Kâ€™
[2.493s]    41 |                                 "drive_relay", 10, std::bind([01;31m[Kvoid[m[K, this, std::placeholders::_1));
[2.493s]       |                                                              [01;31m[K^~~~[m[K
[2.493s] [01m[K/home/judson35/lab1_ws/src/lab1_pkg/src/talker.cpp:43:9:[m[K [01;31m[Kerror: [m[Kexpected â€˜[01m[Kcatch[m[Kâ€™ before â€˜[01m[K}[m[Kâ€™ token
[2.494s]    43 |         [01;31m[K}[m[K
[2.494s]       |         [01;31m[K^[m[K
[2.494s] [01m[K/home/judson35/lab1_ws/src/lab1_pkg/src/talker.cpp:43:9:[m[K [01;31m[Kerror: [m[Kexpected â€˜[01m[K([m[Kâ€™ before â€˜[01m[K}[m[Kâ€™ token
[2.494s]    43 |         [01;31m[K}[m[K
[2.494s]       |         [01;31m[K^[m[K
[2.495s]       |         [32m[K([m[K
[2.495s] [01m[K/home/judson35/lab1_ws/src/lab1_pkg/src/talker.cpp:43:9:[m[K [01;31m[Kerror: [m[Kexpected type-specifier before â€˜[01m[K}[m[Kâ€™ token
[2.495s] [01m[K/home/judson35/lab1_ws/src/lab1_pkg/src/talker.cpp:42:14:[m[K [01;31m[Kerror: [m[Kexpected â€˜[01m[K)[m[Kâ€™ before â€˜[01m[K}[m[Kâ€™ token
[2.495s]    42 |             }
[2.495s]       |              [01;31m[K^[m[K
[2.495s]       |              [32m[K)[m[K
[2.496s]    43 |         [32m[K}[m[K
[2.496s]       |         [32m[K~[m[K     
[2.496s] [01m[K/home/judson35/lab1_ws/src/lab1_pkg/src/talker.cpp:43:9:[m[K [01;31m[Kerror: [m[Kexpected â€˜[01m[K{[m[Kâ€™ before â€˜[01m[K}[m[Kâ€™ token
[2.496s]    43 |         [01;31m[K}[m[K
[2.496s]       |         [01;31m[K^[m[K
[4.104s] make[2]: *** [CMakeFiles/talker.dir/build.make:63: CMakeFiles/talker.dir/src/talker.cpp.o] Error 1
[4.104s] make[1]: *** [CMakeFiles/Makefile2:107: CMakeFiles/talker.dir/all] Error 2
[4.105s] make: *** [Makefile:141: all] Error 2
[4.108s] Invoked command in '/home/judson35/lab1_ws/build/lab1_pkg' returned '2': CMAKE_PREFIX_PATH=/home/judson35/lab1_ws/install/lab1_pkg:/opt/ros/foxy:/opt/ros/noetic /usr/bin/cmake --build /home/judson35/lab1_ws/build/lab1_pkg -- -j8 -l8
