[0.029s] Invoking command in '/home/judson35/lab1_ws/build/lab1_pkg': CMAKE_PREFIX_PATH=/opt/ros/foxy:${CMAKE_PREFIX_PATH} /usr/bin/cmake --build /home/judson35/lab1_ws/build/lab1_pkg -- -j8 -l8
[0.098s] [35m[1mScanning dependencies of target talker[0m
[0.143s] [ 50%] [32mBuilding CXX object CMakeFiles/talker.dir/src/talker.cpp.o[0m
[2.463s] [01m[K/home/judson35/lab1_ws/src/lab1_pkg/src/talker.cpp:[m[K In member function â€˜[01m[Krcl_interfaces::msg::SetParametersResult Talker::parametersCallback(const std::vector<rclcpp::Parameter>&)[m[Kâ€™:
[2.463s] [01m[K/home/judson35/lab1_ws/src/lab1_pkg/src/talker.cpp:40:32:[m[K [01;31m[Kerror: [m[Kâ€˜[01m[Kfloat32[m[Kâ€™ was not declared in this scope; did you mean â€˜[01m[Kfloat_t[m[Kâ€™?
[2.463s]    40 |         message.drive.speed = ([01;31m[Kfloat32[m[K)speed_;
[2.463s]       |                                [01;31m[K^~~~~~~[m[K
[2.464s]       |                                [32m[Kfloat_t[m[K
[2.475s] [01m[K/home/judson35/lab1_ws/src/lab1_pkg/src/talker.cpp:45:5:[m[K [01;35m[Kwarning: [m[Kno return statement in function returning non-void [[01;35m[K-Wreturn-type[m[K]
[2.475s]    45 |     [01;35m[K}[m[K
[2.475s]       |     [01;35m[K^[m[K
[2.475s] [01m[K/home/judson35/lab1_ws/src/lab1_pkg/src/talker.cpp:30:103:[m[K [01;35m[Kwarning: [m[Kunused parameter â€˜[01m[Kparameters[m[Kâ€™ [[01;35m[K-Wunused-parameter[m[K]
[2.475s]    30 | sg::SetParametersResult parametersCallback([01;35m[Kconst std::vector<rclcpp::Parameter> &parameters[m[K) {
[2.475s]       |                                            [01;35m[K~~~~~~~~~~~~~~~~~~~~~~~~~~~~~~~~~~~~~~^~~~~~~~~~[m[K
[2.475s] 
[3.962s] make[2]: *** [CMakeFiles/talker.dir/build.make:63: CMakeFiles/talker.dir/src/talker.cpp.o] Error 1
[3.962s] make[1]: *** [CMakeFiles/Makefile2:78: CMakeFiles/talker.dir/all] Error 2
[3.963s] make: *** [Makefile:141: all] Error 2
[3.966s] Invoked command in '/home/judson35/lab1_ws/build/lab1_pkg' returned '2': CMAKE_PREFIX_PATH=/opt/ros/foxy:${CMAKE_PREFIX_PATH} /usr/bin/cmake --build /home/judson35/lab1_ws/build/lab1_pkg -- -j8 -l8
