[0.032s] Invoking command in '/home/judson35/lab1_ws/build/lab1_pkg': CMAKE_PREFIX_PATH=/home/judson35/lab1_ws/install/lab1_pkg:/opt/ros/foxy:/opt/ros/noetic /usr/bin/cmake --build /home/judson35/lab1_ws/build/lab1_pkg -- -j8 -l8
[0.103s] [35m[1mScanning dependencies of target talker[0m
[0.147s] [ 50%] [32mBuilding CXX object CMakeFiles/talker.dir/src/talker.cpp.o[0m
[2.475s] [01m[K/home/judson35/lab1_ws/src/lab1_pkg/src/talker.cpp:[m[K In constructor â€˜[01m[KTalker::Talker()[m[Kâ€™:
[2.475s] [01m[K/home/judson35/lab1_ws/src/lab1_pkg/src/talker.cpp:22:37:[m[K [01;31m[Kerror: [m[Kcannot convert â€˜[01m[Krclcpp::Parameter[m[Kâ€™ to â€˜[01m[Kdouble[m[Kâ€™ in assignment
[2.476s]    22 |         speed_ = [01;31m[Kthis->get_parameter("v")[m[K;
[2.476s]       |                  [01;31m[K~~~~~~~~~~~~~~~~~~~^~~~~[m[K
[2.476s]       |                                     [01;31m[K|[m[K
[2.476s]       |                                     [01;31m[Krclcpp::Parameter[m[K
[2.476s] [01m[K/home/judson35/lab1_ws/src/lab1_pkg/src/talker.cpp:23:46:[m[K [01;31m[Kerror: [m[Kcannot convert â€˜[01m[Krclcpp::Parameter[m[Kâ€™ to â€˜[01m[Kdouble[m[Kâ€™ in assignment
[2.476s]    23 |         steering_angle_ = [01;31m[Kthis->get_parameter("d")[m[K;
[2.476s]       |                           [01;31m[K~~~~~~~~~~~~~~~~~~~^~~~~[m[K
[2.476s]       |                                              [01;31m[K|[m[K
[2.476s]       |                                              [01;31m[Krclcpp::Parameter[m[K
[2.497s] [01m[K/home/judson35/lab1_ws/src/lab1_pkg/src/talker.cpp:[m[K In member function â€˜[01m[Krcl_interfaces::msg::SetParametersResult Talker::parametersCallback(const std::vector<rclcpp::Parameter>&)[m[Kâ€™:
[2.497s] [01m[K/home/judson35/lab1_ws/src/lab1_pkg/src/talker.cpp:36:38:[m[K [01;31m[Kerror: [m[Kinvalid cast from type â€˜[01m[Kconst value_type[m[Kâ€™ {aka â€˜[01m[Kconst rclcpp::Parameter[m[Kâ€™} to type â€˜[01m[Kdouble[m[Kâ€™
[2.497s]    36 |         speed_ = (double)parameters[0[01;31m[K][m[K;
[2.497s]       |                                      [01;31m[K^[m[K
[2.497s] [01m[K/home/judson35/lab1_ws/src/lab1_pkg/src/talker.cpp:37:47:[m[K [01;31m[Kerror: [m[Kinvalid cast from type â€˜[01m[Kconst value_type[m[Kâ€™ {aka â€˜[01m[Kconst rclcpp::Parameter[m[Kâ€™} to type â€˜[01m[Kdouble[m[Kâ€™
[2.498s]    37 |         steering_angle_ = (double)parameters[1[01;31m[K][m[K;
[2.498s]       |                                               [01;31m[K^[m[K
[4.016s] make[2]: *** [CMakeFiles/talker.dir/build.make:63: CMakeFiles/talker.dir/src/talker.cpp.o] Error 1
[4.017s] make[1]: *** [CMakeFiles/Makefile2:78: CMakeFiles/talker.dir/all] Error 2
[4.017s] make: *** [Makefile:141: all] Error 2
[4.020s] Invoked command in '/home/judson35/lab1_ws/build/lab1_pkg' returned '2': CMAKE_PREFIX_PATH=/home/judson35/lab1_ws/install/lab1_pkg:/opt/ros/foxy:/opt/ros/noetic /usr/bin/cmake --build /home/judson35/lab1_ws/build/lab1_pkg -- -j8 -l8
