In file included from [01m[K/opt/ros/foxy/include/rclcpp/client.hpp:40[m[K,
                 from [01m[K/opt/ros/foxy/include/rclcpp/callback_group.hpp:23[m[K,
                 from [01m[K/opt/ros/foxy/include/rclcpp/any_executable.hpp:20[m[K,
                 from [01m[K/opt/ros/foxy/include/rclcpp/memory_strategy.hpp:24[m[K,
                 from [01m[K/opt/ros/foxy/include/rclcpp/memory_strategies.hpp:18[m[K,
                 from [01m[K/opt/ros/foxy/include/rclcpp/executor_options.hpp:20[m[K,
                 from [01m[K/opt/ros/foxy/include/rclcpp/executor.hpp:33[m[K,
                 from [01m[K/opt/ros/foxy/include/rclcpp/executors/multi_threaded_executor.hpp:26[m[K,
                 from [01m[K/opt/ros/foxy/include/rclcpp/executors.hpp:21[m[K,
                 from [01m[K/opt/ros/foxy/include/rclcpp/rclcpp.hpp:146[m[K,
                 from [01m[K/home/judson35/lab1_ws/src/lab1_pkg/src/relay.cpp:5[m[K:
[01m[K/home/judson35/lab1_ws/src/lab1_pkg/src/relay.cpp:[m[K In member function â€˜[01m[Kvoid Relay::topic_callback(ackermann_msgs::msg::AckermannDriveStamped_<std::allocator<void> >::SharedPtr) const[m[Kâ€™:
[01m[K/home/judson35/lab1_ws/src/lab1_pkg/src/relay.cpp:31:90:[m[K [01;31m[Kerror: [m[Kâ€˜[01m[Krelay_drive[m[Kâ€™ was not declared in this scope; did you mean â€˜[01m[Kmessage_drive[m[Kâ€™?
   31 |  Relay {Speed: %d \t Steering Angle: %d}", [01;31m[Krelay_drive[m[K.speed, relay_drive.steering_angle);
      |                                            [01;31m[K^~~~~~~~~~~[m[K

make[2]: *** [CMakeFiles/relay.dir/build.make:63: CMakeFiles/relay.dir/src/relay.cpp.o] Error 1
make[1]: *** [CMakeFiles/Makefile2:80: CMakeFiles/relay.dir/all] Error 2
make: *** [Makefile:141: all] Error 2
