[0.028s] Invoking command in '/home/judson35/lab1_ws/build/lab1_pkg': CMAKE_PREFIX_PATH=/opt/ros/foxy:${CMAKE_PREFIX_PATH} /usr/bin/cmake --build /home/judson35/lab1_ws/build/lab1_pkg -- -j8 -l8
[0.094s] [35m[1mScanning dependencies of target talker[0m
[0.135s] [ 50%] [32mBuilding CXX object CMakeFiles/talker.dir/src/talker.cpp.o[0m
[2.346s] [01m[K/home/judson35/lab1_ws/src/lab1_pkg/src/talker.cpp:[m[K In constructor â€˜[01m[KTalker::Talker()[m[Kâ€™:
[2.346s] [01m[K/home/judson35/lab1_ws/src/lab1_pkg/src/talker.cpp:22:43:[m[K [01;31m[Kerror: [m[Kâ€˜[01m[Kclass rclcpp::Parameter[m[Kâ€™ has no member named â€˜[01m[Kas_float32[m[Kâ€™
[2.346s]    22 |         speed_ = this->get_parameter("v").[01;31m[Kas_float32[m[K();
[2.346s]       |                                           [01;31m[K^~~~~~~~~~[m[K
[2.347s] [01m[K/home/judson35/lab1_ws/src/lab1_pkg/src/talker.cpp:23:52:[m[K [01;31m[Kerror: [m[Kâ€˜[01m[Kclass rclcpp::Parameter[m[Kâ€™ has no member named â€˜[01m[Kas_float32[m[Kâ€™
[2.347s]    23 |         steering_angle_ = this->get_parameter("d").[01;31m[Kas_float32[m[K();
[2.347s]       |                                                    [01;31m[K^~~~~~~~~~[m[K
[2.355s] [01m[K/home/judson35/lab1_ws/src/lab1_pkg/src/talker.cpp:27:9:[m[K [01;31m[Kerror: [m[Kâ€˜[01m[Kcallback_handle_[m[Kâ€™ was not declared in this scope
[2.355s]    27 |         [01;31m[Kcallback_handle_[m[K = this->add_on_set_parameters_callback(std::bind(&Talker::parameterCallback, this, _1));
[2.355s]       |         [01;31m[K^~~~~~~~~~~~~~~~[m[K
[2.355s] [01m[K/home/judson35/lab1_ws/src/lab1_pkg/src/talker.cpp:27:84:[m[K [01;31m[Kerror: [m[Kâ€˜[01m[KparameterCallback[m[Kâ€™ is not a member of â€˜[01m[KTalker[m[Kâ€™
[2.355s]    27 |  callback_handle_ = this->add_on_set_parameters_callback(std::bind(&Talker::[01;31m[KparameterCallback[m[K, this, _1));
[2.356s]       |                                                                             [01;31m[K^~~~~~~~~~~~~~~~~[m[K
[2.356s] 
[2.356s] [01m[K/home/judson35/lab1_ws/src/lab1_pkg/src/talker.cpp:27:109:[m[K [01;31m[Kerror: [m[Kâ€˜[01m[K_1[m[Kâ€™ was not declared in this scope; did you mean â€˜[01m[Kstd::placeholders::_1[m[Kâ€™?
[2.356s]    27 | >add_on_set_parameters_callback(std::bind(&Talker::parameterCallback, this, [01;31m[K_1[m[K));
[2.356s]       |                                                                             [01;31m[K^~[m[K
[2.356s]       |                                                                             [32m[Kstd::placeholders::_1[m[K
[2.356s] In file included from [01m[K/home/judson35/lab1_ws/src/lab1_pkg/src/talker.cpp:2[m[K:
[2.357s] [01m[K/usr/include/c++/9/functional:211:34:[m[K [01;36m[Knote: [m[Kâ€˜[01m[Kstd::placeholders::_1[m[Kâ€™ declared here
[2.357s]   211 |     extern const _Placeholder<1> [01;36m[K_1[m[K;
[2.357s]       |                                  [01;36m[K^~[m[K
[2.357s] [01m[K/home/judson35/lab1_ws/src/lab1_pkg/src/talker.cpp:[m[K In member function â€˜[01m[Krcl_interfaces::msg::SetParametersResult Talker::parametersCallback(const std::vector<rclcpp::Parameter>&)[m[Kâ€™:
[2.357s] [01m[K/home/judson35/lab1_ws/src/lab1_pkg/src/talker.cpp:32:50:[m[K [01;31m[Kerror: [m[Kexpected unqualified-id before â€˜[01m[K=[m[Kâ€™ token
[2.357s]    32 |         rcl_interfaces::msg::SetParametersResult [01;31m[K=[m[K result;
[2.357s]       |                                                  [01;31m[K^[m[K
[2.358s] [01m[K/home/judson35/lab1_ws/src/lab1_pkg/src/talker.cpp:34:9:[m[K [01;31m[Kerror: [m[Kâ€˜[01m[Kresult[m[Kâ€™ was not declared in this scope
[2.359s]    34 |         [01;31m[Kresult[m[K.successful = true;
[2.359s]       |         [01;31m[K^~~~~~[m[K
[2.359s] [01m[K/home/judson35/lab1_ws/src/lab1_pkg/src/talker.cpp:36:37:[m[K [01;31m[Kerror: [m[Kcannot convert â€˜[01m[Krclcpp::Parameter[m[Kâ€™ to â€˜[01m[Kfloat[m[Kâ€™ in assignment
[2.359s]    36 |         speed_ = [01;31m[Kthis->get_parameter("v")[m[K;
[2.359s]       |                  [01;31m[K~~~~~~~~~~~~~~~~~~~^~~~~[m[K
[2.360s]       |                                     [01;31m[K|[m[K
[2.360s]       |                                     [01;31m[Krclcpp::Parameter[m[K
[2.360s] [01m[K/home/judson35/lab1_ws/src/lab1_pkg/src/talker.cpp:37:46:[m[K [01;31m[Kerror: [m[Kcannot convert â€˜[01m[Krclcpp::Parameter[m[Kâ€™ to â€˜[01m[Kfloat[m[Kâ€™ in assignment
[2.360s]    37 |         steering_angle_ = [01;31m[Kthis->get_parameter("d")[m[K;
[2.360s]       |                           [01;31m[K~~~~~~~~~~~~~~~~~~~^~~~~[m[K
[2.360s]       |                                              [01;31m[K|[m[K
[2.360s]       |                                              [01;31m[Krclcpp::Parameter[m[K
[2.360s] [01m[K/home/judson35/lab1_ws/src/lab1_pkg/src/talker.cpp:40:17:[m[K [01;31m[Kerror: [m[Kâ€˜[01m[Kstruct ackermann_msgs::msg::AckermannDriveStamped_<std::allocator<void> >[m[Kâ€™ has no member named â€˜[01m[Kspeed[m[Kâ€™
[2.360s]    40 |         message.[01;31m[Kspeed[m[K = speed_;
[2.361s]       |                 [01;31m[K^~~~~[m[K
[2.361s] [01m[K/home/judson35/lab1_ws/src/lab1_pkg/src/talker.cpp:41:17:[m[K [01;31m[Kerror: [m[Kâ€˜[01m[Kstruct ackermann_msgs::msg::AckermannDriveStamped_<std::allocator<void> >[m[Kâ€™ has no member named â€˜[01m[Ksteering_angle_[m[Kâ€™
[2.361s]    41 |         message.[01;31m[Ksteering_angle_[m[K = steergin_angle_;
[2.361s]       |                 [01;31m[K^~~~~~~~~~~~~~~[m[K
[2.361s] [01m[K/home/judson35/lab1_ws/src/lab1_pkg/src/talker.cpp:41:35:[m[K [01;31m[Kerror: [m[Kâ€˜[01m[Ksteergin_angle_[m[Kâ€™ was not declared in this scope; did you mean â€˜[01m[Ksteering_angle_[m[Kâ€™?
[2.361s]    41 |         message.steering_angle_ = [01;31m[Ksteergin_angle_[m[K;
[2.362s]       |                                   [01;31m[K^~~~~~~~~~~~~~~[m[K
[2.362s]       |                                   [32m[Ksteering_angle_[m[K
[2.374s] [01m[K/home/judson35/lab1_ws/src/lab1_pkg/src/talker.cpp:45:5:[m[K [01;35m[Kwarning: [m[Kno return statement in function returning non-void [[01;35m[K-Wreturn-type[m[K]
[2.374s]    45 |     [01;35m[K}[m[K
[2.374s]       |     [01;35m[K^[m[K
[2.374s] [01m[K/home/judson35/lab1_ws/src/lab1_pkg/src/talker.cpp:30:103:[m[K [01;35m[Kwarning: [m[Kunused parameter â€˜[01m[Kparameters[m[Kâ€™ [[01;35m[K-Wunused-parameter[m[K]
[2.374s]    30 | sg::SetParametersResult parametersCallback([01;35m[Kconst std::vector<rclcpp::Parameter> &parameters[m[K) {
[2.374s]       |                                            [01;35m[K~~~~~~~~~~~~~~~~~~~~~~~~~~~~~~~~~~~~~~^~~~~~~~~~[m[K
[2.374s] 
[3.846s] make[2]: *** [CMakeFiles/talker.dir/build.make:63: CMakeFiles/talker.dir/src/talker.cpp.o] Error 1
[3.847s] make[1]: *** [CMakeFiles/Makefile2:78: CMakeFiles/talker.dir/all] Error 2
[3.847s] make: *** [Makefile:141: all] Error 2
[3.851s] Invoked command in '/home/judson35/lab1_ws/build/lab1_pkg' returned '2': CMAKE_PREFIX_PATH=/opt/ros/foxy:${CMAKE_PREFIX_PATH} /usr/bin/cmake --build /home/judson35/lab1_ws/build/lab1_pkg -- -j8 -l8
