[0.032s] Invoking command in '/home/judson35/lab1_ws/build/lab1_pkg': CMAKE_PREFIX_PATH=/home/judson35/lab1_ws/install/lab1_pkg:/opt/ros/foxy:/opt/ros/noetic /usr/bin/cmake --build /home/judson35/lab1_ws/build/lab1_pkg -- -j8 -l8
[0.106s] [35m[1mScanning dependencies of target relay[0m
[0.182s] [ 50%] Built target talker
[0.186s] [ 75%] [32mBuilding CXX object CMakeFiles/relay.dir/src/relay.cpp.o[0m
[2.421s] [01m[K/home/judson35/lab1_ws/src/lab1_pkg/src/relay.cpp:30:24:[m[K [01;31m[Kerror: [m[Kâ€˜[01m[Ktutorial_interfaces[m[Kâ€™ was not declared in this scope; did you mean â€˜[01m[Krcl_interfaces[m[Kâ€™?
[2.421s]    30 |   rclcpp::Subscription<[01;31m[Ktutorial_interfaces[m[K::msg::Num>::SharedPtr subscription_;
[2.421s]       |                        [01;31m[K^~~~~~~~~~~~~~~~~~~[m[K
[2.421s]       |                        [32m[Krcl_interfaces[m[K
[2.421s] [01m[K/home/judson35/lab1_ws/src/lab1_pkg/src/relay.cpp:30:53:[m[K [01;31m[Kerror: [m[Ktemplate argument 1 is invalid
[2.421s]    30 | :Subscription<tutorial_interfaces::msg::Num[01;31m[K>[m[K::SharedPtr subscription_;
[2.421s]       |                                            [01;31m[K^[m[K
[2.421s] 
[2.422s] [01m[K/home/judson35/lab1_ws/src/lab1_pkg/src/relay.cpp:30:53:[m[K [01;31m[Kerror: [m[Ktemplate argument 3 is invalid
[2.422s] [01m[K/home/judson35/lab1_ws/src/lab1_pkg/src/relay.cpp:30:56:[m[K [01;31m[Kerror: [m[Kexpected â€˜[01m[K;[m[Kâ€™ at end of member declaration
[2.422s]    30 | bscription<tutorial_interfaces::msg::Num>::[01;31m[KSharedPtr[m[K subscription_;
[2.422s]       |                                            [01;31m[K^~~~~~~~~[m[K
[2.422s]       |                                                     [32m[K;[m[K
[2.423s] [01m[K/home/judson35/lab1_ws/src/lab1_pkg/src/relay.cpp:30:66:[m[K [01;31m[Kerror: [m[Kâ€˜[01m[Ksubscription_[m[Kâ€™ does not name a type; did you mean â€˜[01m[Krcl_subscription_t[m[Kâ€™?
[2.424s]    30 | tion<tutorial_interfaces::msg::Num>::SharedPtr [01;31m[Ksubscription_[m[K;
[2.424s]       |                                                [01;31m[K^~~~~~~~~~~~~[m[K
[2.424s]       |                                                [32m[Krcl_subscription_t[m[K
[2.439s] [01m[K/home/judson35/lab1_ws/src/lab1_pkg/src/relay.cpp:[m[K In constructor â€˜[01m[KRelay::Relay()[m[Kâ€™:
[2.439s] [01m[K/home/judson35/lab1_ws/src/lab1_pkg/src/relay.cpp:14:5:[m[K [01;31m[Kerror: [m[Kâ€˜[01m[Ksubscription_[m[Kâ€™ was not declared in this scope; did you mean â€˜[01m[Krcl_subscription_t[m[Kâ€™?
[2.440s]    14 |     [01;31m[Ksubscription_[m[K = this->create_subscription<ackermann_msgs::msg::AckermannDriveStamped>(
[2.440s]       |     [01;31m[K^~~~~~~~~~~~~[m[K
[2.440s]       |     [32m[Krcl_subscription_t[m[K
[2.471s] [01m[K/home/judson35/lab1_ws/src/lab1_pkg/src/relay.cpp:[m[K In member function â€˜[01m[Kvoid Relay::topic_callback(ackermann_msgs::msg::AckermannDriveStamped_<std::allocator<void> >::SharedPtr) const[m[Kâ€™:
[2.471s] [01m[K/home/judson35/lab1_ws/src/lab1_pkg/src/relay.cpp:24:47:[m[K [01;31m[Kerror: [m[Kbase operand of â€˜[01m[K->[m[Kâ€™ has non-pointer type â€˜[01m[Kackermann_msgs::msg::AckermannDriveStamped_<std::allocator<void> >::_drive_type[m[Kâ€™ {aka â€˜[01m[Kackermann_msgs::msg::AckermannDrive_<std::allocator<void> >[m[Kâ€™}
[2.471s]    24 |     relay_message.drive.speed = message->drive[01;31m[K->[m[Kspeed * 3;
[2.471s]       |                                               [01;31m[K^~[m[K
[2.472s] [01m[K/home/judson35/lab1_ws/src/lab1_pkg/src/relay.cpp:25:56:[m[K [01;31m[Kerror: [m[Kbase operand of â€˜[01m[K->[m[Kâ€™ has non-pointer type â€˜[01m[Kackermann_msgs::msg::AckermannDriveStamped_<std::allocator<void> >::_drive_type[m[Kâ€™ {aka â€˜[01m[Kackermann_msgs::msg::AckermannDrive_<std::allocator<void> >[m[Kâ€™}
[2.472s]    25 | ssage.drive.steering_angle = message->drive[01;31m[K->[m[Ksteering_angle * 3;
[2.472s]       |                                            [01;31m[K^~[m[K
[2.472s] 
[2.482s] In file included from [01m[K/opt/ros/foxy/include/rclcpp/client.hpp:40[m[K,
[2.483s]                  from [01m[K/opt/ros/foxy/include/rclcpp/callback_group.hpp:23[m[K,
[2.483s]                  from [01m[K/opt/ros/foxy/include/rclcpp/any_executable.hpp:20[m[K,
[2.483s]                  from [01m[K/opt/ros/foxy/include/rclcpp/memory_strategy.hpp:24[m[K,
[2.483s]                  from [01m[K/opt/ros/foxy/include/rclcpp/memory_strategies.hpp:18[m[K,
[2.483s]                  from [01m[K/opt/ros/foxy/include/rclcpp/executor_options.hpp:20[m[K,
[2.483s]                  from [01m[K/opt/ros/foxy/include/rclcpp/executor.hpp:33[m[K,
[2.483s]                  from [01m[K/opt/ros/foxy/include/rclcpp/executors/multi_threaded_executor.hpp:26[m[K,
[2.483s]                  from [01m[K/opt/ros/foxy/include/rclcpp/executors.hpp:21[m[K,
[2.484s]                  from [01m[K/opt/ros/foxy/include/rclcpp/rclcpp.hpp:146[m[K,
[2.484s]                  from [01m[K/home/judson35/lab1_ws/src/lab1_pkg/src/relay.cpp:5[m[K:
[2.484s] [01m[K/home/judson35/lab1_ws/src/lab1_pkg/src/relay.cpp:28:103:[m[K [01;31m[Kerror: [m[Kbase operand of â€˜[01m[K->[m[Kâ€™ has non-pointer type â€˜[01m[Kackermann_msgs::msg::AckermannDriveStamped_<std::allocator<void> >[m[Kâ€™
[2.484s]    28 | : %d \t Steering Angle: %d}", relay_message[01;31m[K->[m[Kdrive->speed, relay_message->drive->steering_angle);
[2.484s]       |                                            [01;31m[K^~[m[K
[2.484s] 
[2.484s] [01m[K/home/judson35/lab1_ws/src/lab1_pkg/src/relay.cpp:28:132:[m[K [01;31m[Kerror: [m[Kbase operand of â€˜[01m[K->[m[Kâ€™ has non-pointer type â€˜[01m[Kackermann_msgs::msg::AckermannDriveStamped_<std::allocator<void> >[m[Kâ€™
[2.484s]    28 |  relay_message->drive->speed, relay_message[01;31m[K->[m[Kdrive->steering_angle);
[2.484s]       |                                            [01;31m[K^~[m[K
[2.485s] 
[5.051s] make[2]: *** [CMakeFiles/relay.dir/build.make:63: CMakeFiles/relay.dir/src/relay.cpp.o] Error 1
[5.051s] make[1]: *** [CMakeFiles/Makefile2:80: CMakeFiles/relay.dir/all] Error 2
[5.051s] make: *** [Makefile:141: all] Error 2
[5.054s] Invoked command in '/home/judson35/lab1_ws/build/lab1_pkg' returned '2': CMAKE_PREFIX_PATH=/home/judson35/lab1_ws/install/lab1_pkg:/opt/ros/foxy:/opt/ros/noetic /usr/bin/cmake --build /home/judson35/lab1_ws/build/lab1_pkg -- -j8 -l8
