[0.028s] Invoking command in '/home/judson35/lab1_ws/build/lab1_pkg': CMAKE_PREFIX_PATH=/home/judson35/lab1_ws/install/lab1_pkg:/opt/ros/foxy:/opt/ros/noetic /usr/bin/cmake --build /home/judson35/lab1_ws/build/lab1_pkg -- -j8 -l8
[0.099s] [35m[1mScanning dependencies of target talker[0m
[0.150s] [ 50%] Built target relay
[0.163s] [ 75%] [32mBuilding CXX object CMakeFiles/talker.dir/src/talker.cpp.o[0m
[2.392s] [01m[K/home/judson35/lab1_ws/src/lab1_pkg/src/talker.cpp:130:29:[m[K [01;31m[Kerror: [m[Kâ€˜[01m[KParameterEventHandler[m[Kâ€™ is not a member of â€˜[01m[Krclcpp[m[Kâ€™; did you mean â€˜[01m[KParameterEventsQoS[m[Kâ€™?
[2.393s]   130 |     std::shared_ptr<rclcpp::[01;31m[KParameterEventHandler[m[K> param_subscriber_;
[2.393s]       |                             [01;31m[K^~~~~~~~~~~~~~~~~~~~~[m[K
[2.393s]       |                             [32m[KParameterEventsQoS[m[K
[2.393s] [01m[K/home/judson35/lab1_ws/src/lab1_pkg/src/talker.cpp:130:29:[m[K [01;31m[Kerror: [m[Kâ€˜[01m[KParameterEventHandler[m[Kâ€™ is not a member of â€˜[01m[Krclcpp[m[Kâ€™; did you mean â€˜[01m[KParameterEventsQoS[m[Kâ€™?
[2.393s]   130 |     std::shared_ptr<rclcpp::[01;31m[KParameterEventHandler[m[K> param_subscriber_;
[2.393s]       |                             [01;31m[K^~~~~~~~~~~~~~~~~~~~~[m[K
[2.394s]       |                             [32m[KParameterEventsQoS[m[K
[2.394s] [01m[K/home/judson35/lab1_ws/src/lab1_pkg/src/talker.cpp:130:50:[m[K [01;31m[Kerror: [m[Ktemplate argument 1 is invalid
[2.394s]   130 |     std::shared_ptr<rclcpp::ParameterEventHandler[01;31m[K>[m[K param_subscriber_;
[2.394s]       |                                                  [01;31m[K^[m[K
[2.394s] [01m[K/home/judson35/lab1_ws/src/lab1_pkg/src/talker.cpp:131:29:[m[K [01;31m[Kerror: [m[Kâ€˜[01m[KParameterCallbackHandle[m[Kâ€™ is not a member of â€˜[01m[Krclcpp[m[Kâ€™
[2.394s]   131 |     std::shared_ptr<rclcpp::[01;31m[KParameterCallbackHandle[m[K> speed_callback_handle_;
[2.395s]       |                             [01;31m[K^~~~~~~~~~~~~~~~~~~~~~~[m[K
[2.395s] [01m[K/home/judson35/lab1_ws/src/lab1_pkg/src/talker.cpp:131:29:[m[K [01;31m[Kerror: [m[Kâ€˜[01m[KParameterCallbackHandle[m[Kâ€™ is not a member of â€˜[01m[Krclcpp[m[Kâ€™
[2.395s] [01m[K/home/judson35/lab1_ws/src/lab1_pkg/src/talker.cpp:131:52:[m[K [01;31m[Kerror: [m[Ktemplate argument 1 is invalid
[2.395s]   131 |     std::shared_ptr<rclcpp::ParameterCallbackHandle[01;31m[K>[m[K speed_callback_handle_;
[2.395s]       |                                                    [01;31m[K^[m[K
[2.396s] [01m[K/home/judson35/lab1_ws/src/lab1_pkg/src/talker.cpp:132:29:[m[K [01;31m[Kerror: [m[Kâ€˜[01m[KParameterCallbackHandle[m[Kâ€™ is not a member of â€˜[01m[Krclcpp[m[Kâ€™
[2.396s]   132 |     std::shared_ptr<rclcpp::[01;31m[KParameterCallbackHandle[m[K> steering_angle_callback_handle_;
[2.396s]       |                             [01;31m[K^~~~~~~~~~~~~~~~~~~~~~~[m[K
[2.396s] [01m[K/home/judson35/lab1_ws/src/lab1_pkg/src/talker.cpp:132:29:[m[K [01;31m[Kerror: [m[Kâ€˜[01m[KParameterCallbackHandle[m[Kâ€™ is not a member of â€˜[01m[Krclcpp[m[Kâ€™
[2.397s] [01m[K/home/judson35/lab1_ws/src/lab1_pkg/src/talker.cpp:132:52:[m[K [01;31m[Kerror: [m[Ktemplate argument 1 is invalid
[2.397s]   132 |     std::shared_ptr<rclcpp::ParameterCallbackHandle[01;31m[K>[m[K steering_angle_callback_handle_;
[2.397s]       |                                                    [01;31m[K^[m[K
[2.413s] [01m[K/home/judson35/lab1_ws/src/lab1_pkg/src/talker.cpp:[m[K In constructor â€˜[01m[KTalker::Talker()[m[Kâ€™:
[2.413s] [01m[K/home/judson35/lab1_ws/src/lab1_pkg/src/talker.cpp:30:54:[m[K [01;31m[Kerror: [m[Kâ€˜[01m[KParameterEventHandler[m[Kâ€™ is not a member of â€˜[01m[Krclcpp[m[Kâ€™; did you mean â€˜[01m[KParameterEventsQoS[m[Kâ€™?
[2.413s]    30 |         param_subscriber_ = std::make_shared<rclcpp::[01;31m[KParameterEventHandler[m[K>(this);
[2.414s]       |                                                      [01;31m[K^~~~~~~~~~~~~~~~~~~~~[m[K
[2.414s]       |                                                      [32m[KParameterEventsQoS[m[K
[2.414s] [01m[K/home/judson35/lab1_ws/src/lab1_pkg/src/talker.cpp:30:54:[m[K [01;31m[Kerror: [m[Kâ€˜[01m[KParameterEventHandler[m[Kâ€™ is not a member of â€˜[01m[Krclcpp[m[Kâ€™; did you mean â€˜[01m[KParameterEventsQoS[m[Kâ€™?
[2.414s]    30 |         param_subscriber_ = std::make_shared<rclcpp::[01;31m[KParameterEventHandler[m[K>(this);
[2.414s]       |                                                      [01;31m[K^~~~~~~~~~~~~~~~~~~~~[m[K
[2.414s]       |                                                      [32m[KParameterEventsQoS[m[K
[2.414s] [01m[K/home/judson35/lab1_ws/src/lab1_pkg/src/talker.cpp:30:81:[m[K [01;31m[Kerror: [m[Kno matching function for call to â€˜[01m[Kmake_shared<<expression error> >(Talker*)[m[Kâ€™
[2.414s]    30 |         param_subscriber_ = std::make_shared<rclcpp::ParameterEventHandler>(this[01;31m[K)[m[K;
[2.415s]       |                                                                                 [01;31m[K^[m[K
[2.415s] In file included from [01m[K/usr/include/c++/9/memory:81[m[K,
[2.415s]                  from [01m[K/home/judson35/lab1_ws/src/lab1_pkg/src/talker.cpp:6[m[K:
[2.415s] [01m[K/usr/include/c++/9/bits/shared_ptr.h:714:5:[m[K [01;36m[Knote: [m[Kcandidate: â€˜[01m[Ktemplate<class _Tp, class ... _Args> std::shared_ptr<_Tp> std::make_shared(_Args&& ...)[m[Kâ€™
[2.415s]   714 |     [01;36m[Kmake_shared[m[K(_Args&&... __args)
[2.415s]       |     [01;36m[K^~~~~~~~~~~[m[K
[2.415s] [01m[K/usr/include/c++/9/bits/shared_ptr.h:714:5:[m[K [01;36m[Knote: [m[K  template argument deduction/substitution failed:
[2.415s] [01m[K/home/judson35/lab1_ws/src/lab1_pkg/src/talker.cpp:30:81:[m[K [01;31m[Kerror: [m[Ktemplate argument 1 is invalid
[2.415s]    30 |         param_subscriber_ = std::make_shared<rclcpp::ParameterEventHandler>(this[01;31m[K)[m[K;
[2.416s]       |                                                                                 [01;31m[K^[m[K
[2.425s] [01m[K/home/judson35/lab1_ws/src/lab1_pkg/src/talker.cpp:43:9:[m[K [01;31m[Kerror: [m[Kexpected â€˜[01m[K,[m[Kâ€™ or â€˜[01m[K;[m[Kâ€™ before â€˜[01m[Kauto[m[Kâ€™
[2.426s]    43 |         [01;31m[Kauto[m[K steering_angle_callback = [this](const rclcpp::Parameter &param) {
[2.426s]       |         [01;31m[K^~~~[m[K
[2.426s] [01m[K/home/judson35/lab1_ws/src/lab1_pkg/src/talker.cpp:54:51:[m[K [01;31m[Kerror: [m[Kbase operand of â€˜[01m[K->[m[Kâ€™ is not a pointer
[2.426s]    54 |         speed_callback_handle_ = param_subscriber_[01;31m[K->[m[Kadd_parameter_callback("v", speed_callback);
[2.426s]       |                                                   [01;31m[K^~[m[K
[2.426s] [01m[K/home/judson35/lab1_ws/src/lab1_pkg/src/talker.cpp:55:60:[m[K [01;31m[Kerror: [m[Kbase operand of â€˜[01m[K->[m[Kâ€™ is not a pointer
[2.426s]    55 |         steering_angle_callback_handle_ = param_subscriber_[01;31m[K->[m[Kadd_parameter_callback("d", steering_angle_callback);
[2.426s]       |                                                            [01;31m[K^~[m[K
[2.434s] [01m[K/home/judson35/lab1_ws/src/lab1_pkg/src/talker.cpp:55:90:[m[K [01;31m[Kerror: [m[Kâ€˜[01m[Ksteering_angle_callback[m[Kâ€™ was not declared in this scope; did you mean â€˜[01m[Ksteering_angle_callback_handle_[m[Kâ€™?
[2.434s]    55 |         steering_angle_callback_handle_ = param_subscriber_->add_parameter_callback("d", [01;31m[Ksteering_angle_callback[m[K);
[2.434s]       |                                                                                          [01;31m[K^~~~~~~~~~~~~~~~~~~~~~~[m[K
[2.434s]       |                                                                                          [32m[Ksteering_angle_callback_handle_[m[K
[3.858s] make[2]: *** [CMakeFiles/talker.dir/build.make:63: CMakeFiles/talker.dir/src/talker.cpp.o] Error 1
[3.859s] make[1]: *** [CMakeFiles/Makefile2:107: CMakeFiles/talker.dir/all] Error 2
[3.859s] make: *** [Makefile:141: all] Error 2
[3.863s] Invoked command in '/home/judson35/lab1_ws/build/lab1_pkg' returned '2': CMAKE_PREFIX_PATH=/home/judson35/lab1_ws/install/lab1_pkg:/opt/ros/foxy:/opt/ros/noetic /usr/bin/cmake --build /home/judson35/lab1_ws/build/lab1_pkg -- -j8 -l8
